[0.014s] Invoking command in '/home/sigmaros/dev_ws/build/cpp_pubsub': CMAKE_PREFIX_PATH=${CMAKE_PREFIX_PATH}:/opt/ros/foxy /usr/bin/cmake /home/sigmaros/dev_ws/src/cpp_pubsub -DCMAKE_INSTALL_PREFIX=/home/sigmaros/dev_ws/install/cpp_pubsub
[0.033s] -- Found ament_cmake: 0.9.8 (/opt/ros/foxy/share/ament_cmake/cmake)
[0.059s] -- Using PYTHON_EXECUTABLE: /usr/bin/python3
[0.273s] -- Found rclcpp: 2.3.1 (/opt/ros/foxy/share/rclcpp/cmake)
[0.326s] -- Using all available rosidl_typesupport_c: rosidl_typesupport_fastrtps_c;rosidl_typesupport_introspection_c
[0.334s] -- Found rosidl_adapter: 1.2.1 (/opt/ros/foxy/share/rosidl_adapter/cmake)
[0.419s] -- Found OpenSSL: /usr/lib/x86_64-linux-gnu/libcrypto.so (found version "1.1.1f")  
[0.454s] -- Found FastRTPS: /opt/ros/foxy/include  
[0.550s] -- Using all available rosidl_typesupport_cpp: rosidl_typesupport_fastrtps_cpp;rosidl_typesupport_introspection_cpp
[0.621s] -- Found rmw_implementation_cmake: 1.0.3 (/opt/ros/foxy/share/rmw_implementation_cmake/cmake)
[0.623s] -- Using RMW implementation 'rmw_fastrtps_cpp' as default
[0.624s] -- Looking for pthread.h
[0.708s] -- Looking for pthread.h - found
[0.708s] -- Performing Test CMAKE_HAVE_LIBC_PTHREAD
[0.793s] -- Performing Test CMAKE_HAVE_LIBC_PTHREAD - Failed
[0.794s] -- Looking for pthread_create in pthreads
[0.861s] -- Looking for pthread_create in pthreads - not found
[0.861s] -- Looking for pthread_create in pthread
[0.942s] -- Looking for pthread_create in pthread - found
[0.943s] -- Found Threads: TRUE  
[1.138s] -- Found ament_lint_auto: 0.9.6 (/opt/ros/foxy/share/ament_lint_auto/cmake)
[1.226s] -- Added test 'copyright' to check source files copyright and LICENSE
[1.227s] -- Added test 'cppcheck' to perform static code analysis on C / C++ code
[1.227s] -- Configured cppcheck include dirs: 
[1.227s] -- Configured cppcheck exclude dirs and/or files: 
[1.228s] -- Added test 'cpplint' to check C / C++ code against the Google style
[1.228s] -- Configured cpplint exclude dirs and/or files: 
[1.229s] -- Added test 'lint_cmake' to check CMake code style
[1.230s] -- Added test 'uncrustify' to check C / C++ code style
[1.230s] -- Configured uncrustify additional arguments: 
[1.231s] -- Added test 'xmllint' to check XML markup files
[1.234s] -- Configuring done
[1.246s] -- Generating done
[1.247s] -- Build files have been written to: /home/sigmaros/dev_ws/build/cpp_pubsub
[1.254s] Invoked command in '/home/sigmaros/dev_ws/build/cpp_pubsub' returned '0': CMAKE_PREFIX_PATH=${CMAKE_PREFIX_PATH}:/opt/ros/foxy /usr/bin/cmake /home/sigmaros/dev_ws/src/cpp_pubsub -DCMAKE_INSTALL_PREFIX=/home/sigmaros/dev_ws/install/cpp_pubsub
[1.257s] Invoking command in '/home/sigmaros/dev_ws/build/cpp_pubsub': CMAKE_PREFIX_PATH=${CMAKE_PREFIX_PATH}:/opt/ros/foxy /usr/bin/cmake --build /home/sigmaros/dev_ws/build/cpp_pubsub -- -j4 -l4
[1.304s] [35m[1mScanning dependencies of target talker[0m
[1.304s] [35m[1mScanning dependencies of target listener[0m
[1.348s] [ 50%] [32mBuilding CXX object CMakeFiles/listener.dir/src/subscriber_member_function.cpp.o[0m
[1.348s] [ 50%] [32mBuilding CXX object CMakeFiles/talker.dir/src/publisher_member_function.cpp.o[0m
[4.936s] [ 75%] [32m[1mLinking CXX executable talker[0m
[5.154s] [ 75%] Built target talker
[6.972s] [100%] [32m[1mLinking CXX executable listener[0m
[7.261s] [100%] Built target listener
[7.274s] Invoked command in '/home/sigmaros/dev_ws/build/cpp_pubsub' returned '0': CMAKE_PREFIX_PATH=${CMAKE_PREFIX_PATH}:/opt/ros/foxy /usr/bin/cmake --build /home/sigmaros/dev_ws/build/cpp_pubsub -- -j4 -l4
[7.317s] Invoking command in '/home/sigmaros/dev_ws/build/cpp_pubsub': CMAKE_PREFIX_PATH=${CMAKE_PREFIX_PATH}:/opt/ros/foxy /usr/bin/cmake --install /home/sigmaros/dev_ws/build/cpp_pubsub
[7.326s] -- Install configuration: ""
[7.326s] -- Installing: /home/sigmaros/dev_ws/install/cpp_pubsub/lib/cpp_pubsub/talker
[7.328s] -- Set runtime path of "/home/sigmaros/dev_ws/install/cpp_pubsub/lib/cpp_pubsub/talker" to ""
[7.328s] -- Installing: /home/sigmaros/dev_ws/install/cpp_pubsub/lib/cpp_pubsub/listener
[7.330s] -- Set runtime path of "/home/sigmaros/dev_ws/install/cpp_pubsub/lib/cpp_pubsub/listener" to ""
[7.330s] -- Installing: /home/sigmaros/dev_ws/install/cpp_pubsub/share/ament_index/resource_index/package_run_dependencies/cpp_pubsub
[7.331s] -- Installing: /home/sigmaros/dev_ws/install/cpp_pubsub/share/ament_index/resource_index/parent_prefix_path/cpp_pubsub
[7.331s] -- Installing: /home/sigmaros/dev_ws/install/cpp_pubsub/share/cpp_pubsub/environment/ament_prefix_path.sh
[7.332s] -- Installing: /home/sigmaros/dev_ws/install/cpp_pubsub/share/cpp_pubsub/environment/ament_prefix_path.dsv
[7.332s] -- Installing: /home/sigmaros/dev_ws/install/cpp_pubsub/share/cpp_pubsub/environment/path.sh
[7.332s] -- Installing: /home/sigmaros/dev_ws/install/cpp_pubsub/share/cpp_pubsub/environment/path.dsv
[7.332s] -- Installing: /home/sigmaros/dev_ws/install/cpp_pubsub/share/cpp_pubsub/local_setup.bash
[7.332s] -- Installing: /home/sigmaros/dev_ws/install/cpp_pubsub/share/cpp_pubsub/local_setup.sh
[7.333s] -- Installing: /home/sigmaros/dev_ws/install/cpp_pubsub/share/cpp_pubsub/local_setup.zsh
[7.333s] -- Installing: /home/sigmaros/dev_ws/install/cpp_pubsub/share/cpp_pubsub/local_setup.dsv
[7.333s] -- Installing: /home/sigmaros/dev_ws/install/cpp_pubsub/share/cpp_pubsub/package.dsv
[7.333s] -- Installing: /home/sigmaros/dev_ws/install/cpp_pubsub/share/ament_index/resource_index/packages/cpp_pubsub
[7.333s] -- Installing: /home/sigmaros/dev_ws/install/cpp_pubsub/share/cpp_pubsub/cmake/cpp_pubsubConfig.cmake
[7.333s] -- Installing: /home/sigmaros/dev_ws/install/cpp_pubsub/share/cpp_pubsub/cmake/cpp_pubsubConfig-version.cmake
[7.334s] -- Installing: /home/sigmaros/dev_ws/install/cpp_pubsub/share/cpp_pubsub/package.xml
[7.336s] Invoked command in '/home/sigmaros/dev_ws/build/cpp_pubsub' returned '0': CMAKE_PREFIX_PATH=${CMAKE_PREFIX_PATH}:/opt/ros/foxy /usr/bin/cmake --install /home/sigmaros/dev_ws/build/cpp_pubsub
