[0.015s] Invoking command in '/home/sigmaros/dev_ws/build/turtlesim': CMAKE_PREFIX_PATH=${CMAKE_PREFIX_PATH}:/opt/ros/foxy /usr/bin/cmake --build /home/sigmaros/dev_ws/build/turtlesim -- -j4 -l4
[0.083s] [  1%] Built target turtlesim__cpp
[0.084s] [ 11%] Built target turtlesim__rosidl_generator_c
[0.111s] [ 23%] Built target turtlesim__rosidl_typesupport_cpp
[0.111s] [ 31%] Built target turtlesim__rosidl_typesupport_introspection_cpp
[0.113s] [ 41%] Built target turtlesim__rosidl_typesupport_c
[0.123s] [ 51%] Built target turtlesim__rosidl_typesupport_fastrtps_cpp
[0.142s] [ 61%] Built target turtlesim__rosidl_typesupport_introspection_c
[0.160s] [ 71%] Built target turtlesim__rosidl_typesupport_fastrtps_c
[0.184s] [ 71%] Built target turtlesim
[0.210s] [ 72%] Built target turtlesim__py
[0.220s] [ 76%] Built target mimic
[0.220s] [ 76%] Built target draw_square
[0.221s] [ 78%] Built target turtle_teleop_key
[0.233s] [35m[1mScanning dependencies of target turtlesim_node[0m
[0.257s] [ 87%] Built target turtlesim__python
[0.288s] [ 89%] Built target turtlesim__rosidl_typesupport_introspection_c__pyext
[0.290s] [ 91%] Built target turtlesim__rosidl_typesupport_fastrtps_c__pyext
[0.303s] [ 92%] [32mBuilding CXX object CMakeFiles/turtlesim_node.dir/src/turtle_frame.cpp.o[0m
[0.304s] [ 94%] Built target turtlesim__rosidl_typesupport_c__pyext
[9.006s] [ 95%] [32m[1mLinking CXX executable turtlesim_node[0m
[11.098s] [100%] Built target turtlesim_node
[11.114s] Invoked command in '/home/sigmaros/dev_ws/build/turtlesim' returned '0': CMAKE_PREFIX_PATH=${CMAKE_PREFIX_PATH}:/opt/ros/foxy /usr/bin/cmake --build /home/sigmaros/dev_ws/build/turtlesim -- -j4 -l4
[11.297s] Invoking command in '/home/sigmaros/dev_ws/build/turtlesim': CMAKE_PREFIX_PATH=${CMAKE_PREFIX_PATH}:/opt/ros/foxy /usr/bin/cmake --install /home/sigmaros/dev_ws/build/turtlesim
[11.308s] -- Install configuration: ""
[11.308s] -- Up-to-date: /home/sigmaros/dev_ws/install/turtlesim/share/ament_index/resource_index/rosidl_interfaces/turtlesim
[11.308s] -- Up-to-date: /home/sigmaros/dev_ws/install/turtlesim/include/turtlesim
[11.309s] -- Up-to-date: /home/sigmaros/dev_ws/install/turtlesim/include/turtlesim/msg
[11.309s] -- Up-to-date: /home/sigmaros/dev_ws/install/turtlesim/include/turtlesim/msg/detail
[11.309s] -- Up-to-date: /home/sigmaros/dev_ws/install/turtlesim/include/turtlesim/msg/detail/pose__functions.h
[11.309s] -- Up-to-date: /home/sigmaros/dev_ws/install/turtlesim/include/turtlesim/msg/detail/pose__type_support.h
[11.309s] -- Up-to-date: /home/sigmaros/dev_ws/install/turtlesim/include/turtlesim/msg/detail/color__struct.h
[11.309s] -- Up-to-date: /home/sigmaros/dev_ws/install/turtlesim/include/turtlesim/msg/detail/pose__struct.h
[11.309s] -- Up-to-date: /home/sigmaros/dev_ws/install/turtlesim/include/turtlesim/msg/detail/color__functions.h
[11.309s] -- Up-to-date: /home/sigmaros/dev_ws/install/turtlesim/include/turtlesim/msg/detail/color__type_support.h
[11.309s] -- Up-to-date: /home/sigmaros/dev_ws/install/turtlesim/include/turtlesim/msg/detail/color__functions.c
[11.310s] -- Up-to-date: /home/sigmaros/dev_ws/install/turtlesim/include/turtlesim/msg/detail/pose__functions.c
[11.310s] -- Up-to-date: /home/sigmaros/dev_ws/install/turtlesim/include/turtlesim/msg/rosidl_generator_c__visibility_control.h
[11.310s] -- Up-to-date: /home/sigmaros/dev_ws/install/turtlesim/include/turtlesim/msg/color.h
[11.310s] -- Up-to-date: /home/sigmaros/dev_ws/install/turtlesim/include/turtlesim/msg/pose.h
[11.310s] -- Up-to-date: /home/sigmaros/dev_ws/install/turtlesim/include/turtlesim/srv
[11.310s] -- Up-to-date: /home/sigmaros/dev_ws/install/turtlesim/include/turtlesim/srv/teleport_absolute.h
[11.310s] -- Up-to-date: /home/sigmaros/dev_ws/install/turtlesim/include/turtlesim/srv/detail
[11.310s] -- Up-to-date: /home/sigmaros/dev_ws/install/turtlesim/include/turtlesim/srv/detail/spawn__struct.h
[11.310s] -- Up-to-date: /home/sigmaros/dev_ws/install/turtlesim/include/turtlesim/srv/detail/spawn__functions.h
[11.311s] -- Up-to-date: /home/sigmaros/dev_ws/install/turtlesim/include/turtlesim/srv/detail/teleport_relative__struct.h
[11.311s] -- Up-to-date: /home/sigmaros/dev_ws/install/turtlesim/include/turtlesim/srv/detail/kill__type_support.h
[11.311s] -- Up-to-date: /home/sigmaros/dev_ws/install/turtlesim/include/turtlesim/srv/detail/teleport_absolute__type_support.h
[11.311s] -- Up-to-date: /home/sigmaros/dev_ws/install/turtlesim/include/turtlesim/srv/detail/teleport_absolute__functions.h
[11.311s] -- Up-to-date: /home/sigmaros/dev_ws/install/turtlesim/include/turtlesim/srv/detail/spawn__functions.c
[11.311s] -- Up-to-date: /home/sigmaros/dev_ws/install/turtlesim/include/turtlesim/srv/detail/teleport_relative__functions.c
[11.311s] -- Up-to-date: /home/sigmaros/dev_ws/install/turtlesim/include/turtlesim/srv/detail/teleport_absolute__struct.h
[11.312s] -- Up-to-date: /home/sigmaros/dev_ws/install/turtlesim/include/turtlesim/srv/detail/teleport_relative__type_support.h
[11.312s] -- Up-to-date: /home/sigmaros/dev_ws/install/turtlesim/include/turtlesim/srv/detail/spawn__type_support.h
[11.312s] -- Up-to-date: /home/sigmaros/dev_ws/install/turtlesim/include/turtlesim/srv/detail/kill__functions.h
[11.312s] -- Up-to-date: /home/sigmaros/dev_ws/install/turtlesim/include/turtlesim/srv/detail/kill__functions.c
[11.312s] -- Up-to-date: /home/sigmaros/dev_ws/install/turtlesim/include/turtlesim/srv/detail/set_pen__struct.h
[11.312s] -- Up-to-date: /home/sigmaros/dev_ws/install/turtlesim/include/turtlesim/srv/detail/set_pen__functions.c
[11.313s] -- Up-to-date: /home/sigmaros/dev_ws/install/turtlesim/include/turtlesim/srv/detail/teleport_relative__functions.h
[11.313s] -- Up-to-date: /home/sigmaros/dev_ws/install/turtlesim/include/turtlesim/srv/detail/kill__struct.h
[11.313s] -- Up-to-date: /home/sigmaros/dev_ws/install/turtlesim/include/turtlesim/srv/detail/set_pen__functions.h
[11.313s] -- Up-to-date: /home/sigmaros/dev_ws/install/turtlesim/include/turtlesim/srv/detail/teleport_absolute__functions.c
[11.313s] -- Up-to-date: /home/sigmaros/dev_ws/install/turtlesim/include/turtlesim/srv/detail/set_pen__type_support.h
[11.313s] -- Up-to-date: /home/sigmaros/dev_ws/install/turtlesim/include/turtlesim/srv/spawn.h
[11.313s] -- Up-to-date: /home/sigmaros/dev_ws/install/turtlesim/include/turtlesim/srv/set_pen.h
[11.313s] -- Up-to-date: /home/sigmaros/dev_ws/install/turtlesim/include/turtlesim/srv/kill.h
[11.313s] -- Up-to-date: /home/sigmaros/dev_ws/install/turtlesim/include/turtlesim/srv/teleport_relative.h
[11.314s] -- Up-to-date: /home/sigmaros/dev_ws/install/turtlesim/include/turtlesim/action
[11.314s] -- Up-to-date: /home/sigmaros/dev_ws/install/turtlesim/include/turtlesim/action/detail
[11.314s] -- Up-to-date: /home/sigmaros/dev_ws/install/turtlesim/include/turtlesim/action/detail/rotate_absolute__struct.h
[11.314s] -- Up-to-date: /home/sigmaros/dev_ws/install/turtlesim/include/turtlesim/action/detail/rotate_absolute__type_support.h
[11.314s] -- Up-to-date: /home/sigmaros/dev_ws/install/turtlesim/include/turtlesim/action/detail/rotate_absolute__functions.h
[11.314s] -- Up-to-date: /home/sigmaros/dev_ws/install/turtlesim/include/turtlesim/action/detail/rotate_absolute__functions.c
[11.315s] -- Up-to-date: /home/sigmaros/dev_ws/install/turtlesim/include/turtlesim/action/rotate_absolute.h
[11.315s] -- Up-to-date: /home/sigmaros/dev_ws/install/turtlesim/share/turtlesim/environment/library_path.sh
[11.315s] -- Up-to-date: /home/sigmaros/dev_ws/install/turtlesim/share/turtlesim/environment/library_path.dsv
[11.315s] -- Up-to-date: /home/sigmaros/dev_ws/install/turtlesim/lib/libturtlesim__rosidl_generator_c.so
[11.315s] -- Up-to-date: /home/sigmaros/dev_ws/install/turtlesim/include/turtlesim
[11.315s] -- Up-to-date: /home/sigmaros/dev_ws/install/turtlesim/include/turtlesim/msg
[11.315s] -- Up-to-date: /home/sigmaros/dev_ws/install/turtlesim/include/turtlesim/msg/detail
[11.315s] -- Up-to-date: /home/sigmaros/dev_ws/install/turtlesim/include/turtlesim/msg/detail/pose__rosidl_typesupport_fastrtps_c.h
[11.315s] -- Up-to-date: /home/sigmaros/dev_ws/install/turtlesim/include/turtlesim/msg/detail/color__rosidl_typesupport_fastrtps_c.h
[11.316s] -- Up-to-date: /home/sigmaros/dev_ws/install/turtlesim/include/turtlesim/msg/rosidl_typesupport_fastrtps_c__visibility_control.h
[11.316s] -- Up-to-date: /home/sigmaros/dev_ws/install/turtlesim/include/turtlesim/srv
[11.316s] -- Up-to-date: /home/sigmaros/dev_ws/install/turtlesim/include/turtlesim/srv/detail
[11.316s] -- Up-to-date: /home/sigmaros/dev_ws/install/turtlesim/include/turtlesim/srv/detail/teleport_relative__rosidl_typesupport_fastrtps_c.h
[11.316s] -- Up-to-date: /home/sigmaros/dev_ws/install/turtlesim/include/turtlesim/srv/detail/kill__rosidl_typesupport_fastrtps_c.h
[11.316s] -- Up-to-date: /home/sigmaros/dev_ws/install/turtlesim/include/turtlesim/srv/detail/spawn__rosidl_typesupport_fastrtps_c.h
[11.316s] -- Up-to-date: /home/sigmaros/dev_ws/install/turtlesim/include/turtlesim/srv/detail/set_pen__rosidl_typesupport_fastrtps_c.h
[11.316s] -- Up-to-date: /home/sigmaros/dev_ws/install/turtlesim/include/turtlesim/srv/detail/teleport_absolute__rosidl_typesupport_fastrtps_c.h
[11.316s] -- Up-to-date: /home/sigmaros/dev_ws/install/turtlesim/include/turtlesim/action
[11.316s] -- Up-to-date: /home/sigmaros/dev_ws/install/turtlesim/include/turtlesim/action/detail
[11.316s] -- Up-to-date: /home/sigmaros/dev_ws/install/turtlesim/include/turtlesim/action/detail/rotate_absolute__rosidl_typesupport_fastrtps_c.h
[11.317s] -- Up-to-date: /home/sigmaros/dev_ws/install/turtlesim/lib/libturtlesim__rosidl_typesupport_fastrtps_c.so
[11.317s] -- Up-to-date: /home/sigmaros/dev_ws/install/turtlesim/include/turtlesim
[11.317s] -- Up-to-date: /home/sigmaros/dev_ws/install/turtlesim/include/turtlesim/msg
[11.317s] -- Up-to-date: /home/sigmaros/dev_ws/install/turtlesim/include/turtlesim/msg/detail
[11.317s] -- Up-to-date: /home/sigmaros/dev_ws/install/turtlesim/include/turtlesim/msg/detail/pose__rosidl_typesupport_fastrtps_cpp.hpp
[11.317s] -- Up-to-date: /home/sigmaros/dev_ws/install/turtlesim/include/turtlesim/msg/detail/dds_fastrtps
[11.317s] -- Up-to-date: /home/sigmaros/dev_ws/install/turtlesim/include/turtlesim/msg/detail/color__rosidl_typesupport_fastrtps_cpp.hpp
[11.317s] -- Up-to-date: /home/sigmaros/dev_ws/install/turtlesim/include/turtlesim/msg/rosidl_typesupport_fastrtps_cpp__visibility_control.h
[11.317s] -- Up-to-date: /home/sigmaros/dev_ws/install/turtlesim/include/turtlesim/srv
[11.317s] -- Up-to-date: /home/sigmaros/dev_ws/install/turtlesim/include/turtlesim/srv/detail
[11.318s] -- Up-to-date: /home/sigmaros/dev_ws/install/turtlesim/include/turtlesim/srv/detail/set_pen__rosidl_typesupport_fastrtps_cpp.hpp
[11.318s] -- Up-to-date: /home/sigmaros/dev_ws/install/turtlesim/include/turtlesim/srv/detail/teleport_absolute__rosidl_typesupport_fastrtps_cpp.hpp
[11.318s] -- Up-to-date: /home/sigmaros/dev_ws/install/turtlesim/include/turtlesim/srv/detail/teleport_relative__rosidl_typesupport_fastrtps_cpp.hpp
[11.318s] -- Up-to-date: /home/sigmaros/dev_ws/install/turtlesim/include/turtlesim/srv/detail/dds_fastrtps
[11.318s] -- Up-to-date: /home/sigmaros/dev_ws/install/turtlesim/include/turtlesim/srv/detail/kill__rosidl_typesupport_fastrtps_cpp.hpp
[11.318s] -- Up-to-date: /home/sigmaros/dev_ws/install/turtlesim/include/turtlesim/srv/detail/spawn__rosidl_typesupport_fastrtps_cpp.hpp
[11.318s] -- Up-to-date: /home/sigmaros/dev_ws/install/turtlesim/include/turtlesim/action
[11.318s] -- Up-to-date: /home/sigmaros/dev_ws/install/turtlesim/include/turtlesim/action/detail
[11.318s] -- Up-to-date: /home/sigmaros/dev_ws/install/turtlesim/include/turtlesim/action/detail/rotate_absolute__rosidl_typesupport_fastrtps_cpp.hpp
[11.318s] -- Up-to-date: /home/sigmaros/dev_ws/install/turtlesim/include/turtlesim/action/detail/dds_fastrtps
[11.318s] -- Up-to-date: /home/sigmaros/dev_ws/install/turtlesim/lib/libturtlesim__rosidl_typesupport_fastrtps_cpp.so
[11.318s] -- Up-to-date: /home/sigmaros/dev_ws/install/turtlesim/include/turtlesim
[11.319s] -- Up-to-date: /home/sigmaros/dev_ws/install/turtlesim/include/turtlesim/msg
[11.319s] -- Up-to-date: /home/sigmaros/dev_ws/install/turtlesim/include/turtlesim/msg/rosidl_typesupport_introspection_c__visibility_control.h
[11.319s] -- Up-to-date: /home/sigmaros/dev_ws/install/turtlesim/include/turtlesim/msg/detail
[11.319s] -- Up-to-date: /home/sigmaros/dev_ws/install/turtlesim/include/turtlesim/msg/detail/pose__rosidl_typesupport_introspection_c.h
[11.319s] -- Up-to-date: /home/sigmaros/dev_ws/install/turtlesim/include/turtlesim/msg/detail/color__rosidl_typesupport_introspection_c.h
[11.319s] -- Up-to-date: /home/sigmaros/dev_ws/install/turtlesim/include/turtlesim/msg/detail/color__type_support.c
[11.319s] -- Up-to-date: /home/sigmaros/dev_ws/install/turtlesim/include/turtlesim/msg/detail/pose__type_support.c
[11.319s] -- Up-to-date: /home/sigmaros/dev_ws/install/turtlesim/include/turtlesim/srv
[11.319s] -- Up-to-date: /home/sigmaros/dev_ws/install/turtlesim/include/turtlesim/srv/detail
[11.319s] -- Up-to-date: /home/sigmaros/dev_ws/install/turtlesim/include/turtlesim/srv/detail/spawn__rosidl_typesupport_introspection_c.h
[11.319s] -- Up-to-date: /home/sigmaros/dev_ws/install/turtlesim/include/turtlesim/srv/detail/set_pen__type_support.c
[11.320s] -- Up-to-date: /home/sigmaros/dev_ws/install/turtlesim/include/turtlesim/srv/detail/teleport_relative__type_support.c
[11.320s] -- Up-to-date: /home/sigmaros/dev_ws/install/turtlesim/include/turtlesim/srv/detail/teleport_relative__rosidl_typesupport_introspection_c.h
[11.320s] -- Up-to-date: /home/sigmaros/dev_ws/install/turtlesim/include/turtlesim/srv/detail/set_pen__rosidl_typesupport_introspection_c.h
[11.320s] -- Up-to-date: /home/sigmaros/dev_ws/install/turtlesim/include/turtlesim/srv/detail/teleport_absolute__rosidl_typesupport_introspection_c.h
[11.320s] -- Up-to-date: /home/sigmaros/dev_ws/install/turtlesim/include/turtlesim/srv/detail/teleport_absolute__type_support.c
[11.320s] -- Up-to-date: /home/sigmaros/dev_ws/install/turtlesim/include/turtlesim/srv/detail/spawn__type_support.c
[11.320s] -- Up-to-date: /home/sigmaros/dev_ws/install/turtlesim/include/turtlesim/srv/detail/kill__rosidl_typesupport_introspection_c.h
[11.320s] -- Up-to-date: /home/sigmaros/dev_ws/install/turtlesim/include/turtlesim/srv/detail/kill__type_support.c
[11.320s] -- Up-to-date: /home/sigmaros/dev_ws/install/turtlesim/include/turtlesim/action
[11.320s] -- Up-to-date: /home/sigmaros/dev_ws/install/turtlesim/include/turtlesim/action/detail
[11.320s] -- Up-to-date: /home/sigmaros/dev_ws/install/turtlesim/include/turtlesim/action/detail/rotate_absolute__rosidl_typesupport_introspection_c.h
[11.321s] -- Up-to-date: /home/sigmaros/dev_ws/install/turtlesim/include/turtlesim/action/detail/rotate_absolute__type_support.c
[11.321s] -- Up-to-date: /home/sigmaros/dev_ws/install/turtlesim/lib/libturtlesim__rosidl_typesupport_introspection_c.so
[11.321s] -- Up-to-date: /home/sigmaros/dev_ws/install/turtlesim/lib/libturtlesim__rosidl_typesupport_c.so
[11.321s] -- Up-to-date: /home/sigmaros/dev_ws/install/turtlesim/include/turtlesim
[11.321s] -- Up-to-date: /home/sigmaros/dev_ws/install/turtlesim/include/turtlesim/msg
[11.321s] -- Up-to-date: /home/sigmaros/dev_ws/install/turtlesim/include/turtlesim/msg/pose.hpp
[11.321s] -- Up-to-date: /home/sigmaros/dev_ws/install/turtlesim/include/turtlesim/msg/color.hpp
[11.321s] -- Up-to-date: /home/sigmaros/dev_ws/install/turtlesim/include/turtlesim/msg/detail
[11.321s] -- Up-to-date: /home/sigmaros/dev_ws/install/turtlesim/include/turtlesim/msg/detail/pose__struct.hpp
[11.321s] -- Up-to-date: /home/sigmaros/dev_ws/install/turtlesim/include/turtlesim/msg/detail/color__traits.hpp
[11.321s] -- Up-to-date: /home/sigmaros/dev_ws/install/turtlesim/include/turtlesim/msg/detail/pose__builder.hpp
[11.322s] -- Up-to-date: /home/sigmaros/dev_ws/install/turtlesim/include/turtlesim/msg/detail/color__struct.hpp
[11.322s] -- Up-to-date: /home/sigmaros/dev_ws/install/turtlesim/include/turtlesim/msg/detail/pose__traits.hpp
[11.322s] -- Up-to-date: /home/sigmaros/dev_ws/install/turtlesim/include/turtlesim/msg/detail/color__builder.hpp
[11.322s] -- Up-to-date: /home/sigmaros/dev_ws/install/turtlesim/include/turtlesim/srv
[11.322s] -- Up-to-date: /home/sigmaros/dev_ws/install/turtlesim/include/turtlesim/srv/teleport_relative.hpp
[11.322s] -- Up-to-date: /home/sigmaros/dev_ws/install/turtlesim/include/turtlesim/srv/kill.hpp
[11.322s] -- Up-to-date: /home/sigmaros/dev_ws/install/turtlesim/include/turtlesim/srv/detail
[11.322s] -- Up-to-date: /home/sigmaros/dev_ws/install/turtlesim/include/turtlesim/srv/detail/teleport_relative__traits.hpp
[11.322s] -- Up-to-date: /home/sigmaros/dev_ws/install/turtlesim/include/turtlesim/srv/detail/spawn__struct.hpp
[11.322s] -- Up-to-date: /home/sigmaros/dev_ws/install/turtlesim/include/turtlesim/srv/detail/spawn__traits.hpp
[11.322s] -- Up-to-date: /home/sigmaros/dev_ws/install/turtlesim/include/turtlesim/srv/detail/kill__builder.hpp
[11.322s] -- Up-to-date: /home/sigmaros/dev_ws/install/turtlesim/include/turtlesim/srv/detail/set_pen__struct.hpp
[11.323s] -- Up-to-date: /home/sigmaros/dev_ws/install/turtlesim/include/turtlesim/srv/detail/kill__traits.hpp
[11.323s] -- Up-to-date: /home/sigmaros/dev_ws/install/turtlesim/include/turtlesim/srv/detail/spawn__builder.hpp
[11.323s] -- Up-to-date: /home/sigmaros/dev_ws/install/turtlesim/include/turtlesim/srv/detail/kill__struct.hpp
[11.323s] -- Up-to-date: /home/sigmaros/dev_ws/install/turtlesim/include/turtlesim/srv/detail/teleport_absolute__struct.hpp
[11.323s] -- Up-to-date: /home/sigmaros/dev_ws/install/turtlesim/include/turtlesim/srv/detail/teleport_absolute__traits.hpp
[11.323s] -- Up-to-date: /home/sigmaros/dev_ws/install/turtlesim/include/turtlesim/srv/detail/set_pen__builder.hpp
[11.323s] -- Up-to-date: /home/sigmaros/dev_ws/install/turtlesim/include/turtlesim/srv/detail/teleport_relative__builder.hpp
[11.323s] -- Up-to-date: /home/sigmaros/dev_ws/install/turtlesim/include/turtlesim/srv/detail/set_pen__traits.hpp
[11.323s] -- Up-to-date: /home/sigmaros/dev_ws/install/turtlesim/include/turtlesim/srv/detail/teleport_absolute__builder.hpp
[11.323s] -- Up-to-date: /home/sigmaros/dev_ws/install/turtlesim/include/turtlesim/srv/detail/teleport_relative__struct.hpp
[11.323s] -- Up-to-date: /home/sigmaros/dev_ws/install/turtlesim/include/turtlesim/srv/teleport_absolute.hpp
[11.324s] -- Up-to-date: /home/sigmaros/dev_ws/install/turtlesim/include/turtlesim/srv/spawn.hpp
[11.324s] -- Up-to-date: /home/sigmaros/dev_ws/install/turtlesim/include/turtlesim/srv/set_pen.hpp
[11.324s] -- Up-to-date: /home/sigmaros/dev_ws/install/turtlesim/include/turtlesim/action
[11.324s] -- Up-to-date: /home/sigmaros/dev_ws/install/turtlesim/include/turtlesim/action/rotate_absolute.hpp
[11.324s] -- Up-to-date: /home/sigmaros/dev_ws/install/turtlesim/include/turtlesim/action/detail
[11.324s] -- Up-to-date: /home/sigmaros/dev_ws/install/turtlesim/include/turtlesim/action/detail/rotate_absolute__traits.hpp
[11.324s] -- Up-to-date: /home/sigmaros/dev_ws/install/turtlesim/include/turtlesim/action/detail/rotate_absolute__builder.hpp
[11.324s] -- Up-to-date: /home/sigmaros/dev_ws/install/turtlesim/include/turtlesim/action/detail/rotate_absolute__struct.hpp
[11.324s] -- Up-to-date: /home/sigmaros/dev_ws/install/turtlesim/include/turtlesim
[11.324s] -- Up-to-date: /home/sigmaros/dev_ws/install/turtlesim/include/turtlesim/msg
[11.324s] -- Up-to-date: /home/sigmaros/dev_ws/install/turtlesim/include/turtlesim/msg/detail
[11.324s] -- Up-to-date: /home/sigmaros/dev_ws/install/turtlesim/include/turtlesim/msg/detail/color__type_support.cpp
[11.325s] -- Up-to-date: /home/sigmaros/dev_ws/install/turtlesim/include/turtlesim/msg/detail/pose__rosidl_typesupport_introspection_cpp.hpp
[11.325s] -- Up-to-date: /home/sigmaros/dev_ws/install/turtlesim/include/turtlesim/msg/detail/pose__type_support.cpp
[11.325s] -- Up-to-date: /home/sigmaros/dev_ws/install/turtlesim/include/turtlesim/msg/detail/color__rosidl_typesupport_introspection_cpp.hpp
[11.325s] -- Up-to-date: /home/sigmaros/dev_ws/install/turtlesim/include/turtlesim/srv
[11.325s] -- Up-to-date: /home/sigmaros/dev_ws/install/turtlesim/include/turtlesim/srv/detail
[11.325s] -- Up-to-date: /home/sigmaros/dev_ws/install/turtlesim/include/turtlesim/srv/detail/set_pen__type_support.cpp
[11.325s] -- Up-to-date: /home/sigmaros/dev_ws/install/turtlesim/include/turtlesim/srv/detail/teleport_absolute__type_support.cpp
[11.325s] -- Up-to-date: /home/sigmaros/dev_ws/install/turtlesim/include/turtlesim/srv/detail/spawn__type_support.cpp
[11.325s] -- Up-to-date: /home/sigmaros/dev_ws/install/turtlesim/include/turtlesim/srv/detail/teleport_relative__rosidl_typesupport_introspection_cpp.hpp
[11.325s] -- Up-to-date: /home/sigmaros/dev_ws/install/turtlesim/include/turtlesim/srv/detail/teleport_relative__type_support.cpp
[11.325s] -- Up-to-date: /home/sigmaros/dev_ws/install/turtlesim/include/turtlesim/srv/detail/kill__rosidl_typesupport_introspection_cpp.hpp
[11.326s] -- Up-to-date: /home/sigmaros/dev_ws/install/turtlesim/include/turtlesim/srv/detail/spawn__rosidl_typesupport_introspection_cpp.hpp
[11.326s] -- Up-to-date: /home/sigmaros/dev_ws/install/turtlesim/include/turtlesim/srv/detail/teleport_absolute__rosidl_typesupport_introspection_cpp.hpp
[11.326s] -- Up-to-date: /home/sigmaros/dev_ws/install/turtlesim/include/turtlesim/srv/detail/set_pen__rosidl_typesupport_introspection_cpp.hpp
[11.326s] -- Up-to-date: /home/sigmaros/dev_ws/install/turtlesim/include/turtlesim/srv/detail/kill__type_support.cpp
[11.326s] -- Up-to-date: /home/sigmaros/dev_ws/install/turtlesim/include/turtlesim/action
[11.326s] -- Up-to-date: /home/sigmaros/dev_ws/install/turtlesim/include/turtlesim/action/detail
[11.326s] -- Up-to-date: /home/sigmaros/dev_ws/install/turtlesim/include/turtlesim/action/detail/rotate_absolute__type_support.cpp
[11.326s] -- Up-to-date: /home/sigmaros/dev_ws/install/turtlesim/include/turtlesim/action/detail/rotate_absolute__rosidl_typesupport_introspection_cpp.hpp
[11.326s] -- Up-to-date: /home/sigmaros/dev_ws/install/turtlesim/lib/libturtlesim__rosidl_typesupport_introspection_cpp.so
[11.326s] -- Up-to-date: /home/sigmaros/dev_ws/install/turtlesim/lib/libturtlesim__rosidl_typesupport_cpp.so
[11.326s] -- Up-to-date: /home/sigmaros/dev_ws/install/turtlesim/share/turtlesim/environment/pythonpath.sh
[11.327s] -- Up-to-date: /home/sigmaros/dev_ws/install/turtlesim/share/turtlesim/environment/pythonpath.dsv
[11.327s] -- Up-to-date: /home/sigmaros/dev_ws/install/turtlesim/lib/python3.8/site-packages/turtlesim/__init__.py
[11.356s] -- Up-to-date: /home/sigmaros/dev_ws/install/turtlesim/lib/python3.8/site-packages/turtlesim/action
[11.356s] -- Up-to-date: /home/sigmaros/dev_ws/install/turtlesim/lib/python3.8/site-packages/turtlesim/action/_rotate_absolute_s.c
[11.356s] -- Up-to-date: /home/sigmaros/dev_ws/install/turtlesim/lib/python3.8/site-packages/turtlesim/action/_rotate_absolute.py
[11.356s] -- Up-to-date: /home/sigmaros/dev_ws/install/turtlesim/lib/python3.8/site-packages/turtlesim/action/__init__.py
[11.356s] -- Up-to-date: /home/sigmaros/dev_ws/install/turtlesim/lib/python3.8/site-packages/turtlesim/msg
[11.356s] -- Up-to-date: /home/sigmaros/dev_ws/install/turtlesim/lib/python3.8/site-packages/turtlesim/msg/_pose.py
[11.357s] -- Up-to-date: /home/sigmaros/dev_ws/install/turtlesim/lib/python3.8/site-packages/turtlesim/msg/__init__.py
[11.357s] -- Up-to-date: /home/sigmaros/dev_ws/install/turtlesim/lib/python3.8/site-packages/turtlesim/msg/_color.py
[11.357s] -- Up-to-date: /home/sigmaros/dev_ws/install/turtlesim/lib/python3.8/site-packages/turtlesim/msg/_color_s.c
[11.357s] -- Up-to-date: /home/sigmaros/dev_ws/install/turtlesim/lib/python3.8/site-packages/turtlesim/msg/_pose_s.c
[11.357s] -- Up-to-date: /home/sigmaros/dev_ws/install/turtlesim/lib/python3.8/site-packages/turtlesim/srv
[11.357s] -- Up-to-date: /home/sigmaros/dev_ws/install/turtlesim/lib/python3.8/site-packages/turtlesim/srv/__init__.py
[11.357s] -- Up-to-date: /home/sigmaros/dev_ws/install/turtlesim/lib/python3.8/site-packages/turtlesim/srv/_spawn_s.c
[11.357s] -- Up-to-date: /home/sigmaros/dev_ws/install/turtlesim/lib/python3.8/site-packages/turtlesim/srv/_spawn.py
[11.357s] -- Up-to-date: /home/sigmaros/dev_ws/install/turtlesim/lib/python3.8/site-packages/turtlesim/srv/_teleport_relative.py
[11.357s] -- Up-to-date: /home/sigmaros/dev_ws/install/turtlesim/lib/python3.8/site-packages/turtlesim/srv/_teleport_relative_s.c
[11.358s] -- Up-to-date: /home/sigmaros/dev_ws/install/turtlesim/lib/python3.8/site-packages/turtlesim/srv/_set_pen_s.c
[11.358s] -- Up-to-date: /home/sigmaros/dev_ws/install/turtlesim/lib/python3.8/site-packages/turtlesim/srv/_kill.py
[11.358s] -- Up-to-date: /home/sigmaros/dev_ws/install/turtlesim/lib/python3.8/site-packages/turtlesim/srv/_teleport_absolute.py
[11.358s] -- Up-to-date: /home/sigmaros/dev_ws/install/turtlesim/lib/python3.8/site-packages/turtlesim/srv/_kill_s.c
[11.358s] -- Up-to-date: /home/sigmaros/dev_ws/install/turtlesim/lib/python3.8/site-packages/turtlesim/srv/_set_pen.py
[11.358s] -- Up-to-date: /home/sigmaros/dev_ws/install/turtlesim/lib/python3.8/site-packages/turtlesim/srv/_teleport_absolute_s.c
[11.358s] -- Up-to-date: /home/sigmaros/dev_ws/install/turtlesim/lib/python3.8/site-packages/turtlesim/turtlesim_s__rosidl_typesupport_fastrtps_c.cpython-38-x86_64-linux-gnu.so
[11.358s] -- Up-to-date: /home/sigmaros/dev_ws/install/turtlesim/lib/python3.8/site-packages/turtlesim/turtlesim_s__rosidl_typesupport_introspection_c.cpython-38-x86_64-linux-gnu.so
[11.358s] -- Up-to-date: /home/sigmaros/dev_ws/install/turtlesim/lib/python3.8/site-packages/turtlesim/turtlesim_s__rosidl_typesupport_c.cpython-38-x86_64-linux-gnu.so
[11.359s] -- Up-to-date: /home/sigmaros/dev_ws/install/turtlesim/lib/libturtlesim__python.so
[11.359s] -- Up-to-date: /home/sigmaros/dev_ws/install/turtlesim/share/turtlesim/action/RotateAbsolute.idl
[11.359s] -- Up-to-date: /home/sigmaros/dev_ws/install/turtlesim/share/turtlesim/msg/Color.idl
[11.359s] -- Up-to-date: /home/sigmaros/dev_ws/install/turtlesim/share/turtlesim/msg/Pose.idl
[11.360s] -- Up-to-date: /home/sigmaros/dev_ws/install/turtlesim/share/turtlesim/srv/Kill.idl
[11.360s] -- Up-to-date: /home/sigmaros/dev_ws/install/turtlesim/share/turtlesim/srv/SetPen.idl
[11.360s] -- Up-to-date: /home/sigmaros/dev_ws/install/turtlesim/share/turtlesim/srv/Spawn.idl
[11.360s] -- Up-to-date: /home/sigmaros/dev_ws/install/turtlesim/share/turtlesim/srv/TeleportAbsolute.idl
[11.360s] -- Up-to-date: /home/sigmaros/dev_ws/install/turtlesim/share/turtlesim/srv/TeleportRelative.idl
[11.360s] -- Up-to-date: /home/sigmaros/dev_ws/install/turtlesim/share/turtlesim/action/RotateAbsolute.action
[11.360s] -- Up-to-date: /home/sigmaros/dev_ws/install/turtlesim/share/turtlesim/msg/Color.msg
[11.360s] -- Up-to-date: /home/sigmaros/dev_ws/install/turtlesim/share/turtlesim/msg/Pose.msg
[11.360s] -- Up-to-date: /home/sigmaros/dev_ws/install/turtlesim/share/turtlesim/srv/Kill.srv
[11.361s] -- Up-to-date: /home/sigmaros/dev_ws/install/turtlesim/share/turtlesim/srv/Kill_Request.msg
[11.361s] -- Up-to-date: /home/sigmaros/dev_ws/install/turtlesim/share/turtlesim/srv/Kill_Response.msg
[11.361s] -- Up-to-date: /home/sigmaros/dev_ws/install/turtlesim/share/turtlesim/srv/SetPen.srv
[11.361s] -- Up-to-date: /home/sigmaros/dev_ws/install/turtlesim/share/turtlesim/srv/SetPen_Request.msg
[11.361s] -- Up-to-date: /home/sigmaros/dev_ws/install/turtlesim/share/turtlesim/srv/SetPen_Response.msg
[11.361s] -- Up-to-date: /home/sigmaros/dev_ws/install/turtlesim/share/turtlesim/srv/Spawn.srv
[11.361s] -- Up-to-date: /home/sigmaros/dev_ws/install/turtlesim/share/turtlesim/srv/Spawn_Request.msg
[11.361s] -- Up-to-date: /home/sigmaros/dev_ws/install/turtlesim/share/turtlesim/srv/Spawn_Response.msg
[11.361s] -- Up-to-date: /home/sigmaros/dev_ws/install/turtlesim/share/turtlesim/srv/TeleportAbsolute.srv
[11.361s] -- Up-to-date: /home/sigmaros/dev_ws/install/turtlesim/share/turtlesim/srv/TeleportAbsolute_Request.msg
[11.361s] -- Up-to-date: /home/sigmaros/dev_ws/install/turtlesim/share/turtlesim/srv/TeleportAbsolute_Response.msg
[11.362s] -- Up-to-date: /home/sigmaros/dev_ws/install/turtlesim/share/turtlesim/srv/TeleportRelative.srv
[11.362s] -- Up-to-date: /home/sigmaros/dev_ws/install/turtlesim/share/turtlesim/srv/TeleportRelative_Request.msg
[11.362s] -- Up-to-date: /home/sigmaros/dev_ws/install/turtlesim/share/turtlesim/srv/TeleportRelative_Response.msg
[11.362s] -- Installing: /home/sigmaros/dev_ws/install/turtlesim/lib/turtlesim/turtlesim_node
[11.368s] -- Set runtime path of "/home/sigmaros/dev_ws/install/turtlesim/lib/turtlesim/turtlesim_node" to ""
[11.368s] -- Up-to-date: /home/sigmaros/dev_ws/install/turtlesim/lib/turtlesim/turtle_teleop_key
[11.369s] -- Up-to-date: /home/sigmaros/dev_ws/install/turtlesim/lib/turtlesim/draw_square
[11.369s] -- Up-to-date: /home/sigmaros/dev_ws/install/turtlesim/lib/turtlesim/mimic
[11.370s] -- Up-to-date: /home/sigmaros/dev_ws/install/turtlesim/share/turtlesim/images
[11.370s] -- Up-to-date: /home/sigmaros/dev_ws/install/turtlesim/share/turtlesim/images/ardent.png
[11.370s] -- Up-to-date: /home/sigmaros/dev_ws/install/turtlesim/share/turtlesim/images/foxy.png
[11.370s] -- Up-to-date: /home/sigmaros/dev_ws/install/turtlesim/share/turtlesim/images/dashing.png
[11.371s] -- Up-to-date: /home/sigmaros/dev_ws/install/turtlesim/share/turtlesim/images/eloquent.png
[11.371s] -- Up-to-date: /home/sigmaros/dev_ws/install/turtlesim/share/turtlesim/images/bouncy.png
[11.371s] -- Up-to-date: /home/sigmaros/dev_ws/install/turtlesim/share/turtlesim/images/crystal.png
[11.371s] -- Up-to-date: /home/sigmaros/dev_ws/install/turtlesim/share/turtlesim/launch
[11.371s] -- Up-to-date: /home/sigmaros/dev_ws/install/turtlesim/share/turtlesim/launch/multisim.launch.py
[11.371s] -- Up-to-date: /home/sigmaros/dev_ws/install/turtlesim/share/ament_index/resource_index/package_run_dependencies/turtlesim
[11.371s] -- Up-to-date: /home/sigmaros/dev_ws/install/turtlesim/share/ament_index/resource_index/parent_prefix_path/turtlesim
[11.371s] -- Up-to-date: /home/sigmaros/dev_ws/install/turtlesim/share/turtlesim/environment/ament_prefix_path.sh
[11.371s] -- Up-to-date: /home/sigmaros/dev_ws/install/turtlesim/share/turtlesim/environment/ament_prefix_path.dsv
[11.371s] -- Up-to-date: /home/sigmaros/dev_ws/install/turtlesim/share/turtlesim/environment/path.sh
[11.372s] -- Up-to-date: /home/sigmaros/dev_ws/install/turtlesim/share/turtlesim/environment/path.dsv
[11.372s] -- Up-to-date: /home/sigmaros/dev_ws/install/turtlesim/share/turtlesim/local_setup.bash
[11.372s] -- Up-to-date: /home/sigmaros/dev_ws/install/turtlesim/share/turtlesim/local_setup.sh
[11.372s] -- Up-to-date: /home/sigmaros/dev_ws/install/turtlesim/share/turtlesim/local_setup.zsh
[11.372s] -- Up-to-date: /home/sigmaros/dev_ws/install/turtlesim/share/turtlesim/local_setup.dsv
[11.372s] -- Installing: /home/sigmaros/dev_ws/install/turtlesim/share/turtlesim/package.dsv
[11.372s] -- Up-to-date: /home/sigmaros/dev_ws/install/turtlesim/share/ament_index/resource_index/packages/turtlesim
[11.372s] -- Up-to-date: /home/sigmaros/dev_ws/install/turtlesim/share/turtlesim/cmake/turtlesim__rosidl_generator_cExport.cmake
[11.372s] -- Up-to-date: /home/sigmaros/dev_ws/install/turtlesim/share/turtlesim/cmake/turtlesim__rosidl_generator_cExport-noconfig.cmake
[11.373s] -- Up-to-date: /home/sigmaros/dev_ws/install/turtlesim/share/turtlesim/cmake/turtlesim__rosidl_typesupport_introspection_cExport.cmake
[11.373s] -- Up-to-date: /home/sigmaros/dev_ws/install/turtlesim/share/turtlesim/cmake/turtlesim__rosidl_typesupport_introspection_cExport-noconfig.cmake
[11.373s] -- Up-to-date: /home/sigmaros/dev_ws/install/turtlesim/share/turtlesim/cmake/turtlesim__rosidl_typesupport_cExport.cmake
[11.373s] -- Up-to-date: /home/sigmaros/dev_ws/install/turtlesim/share/turtlesim/cmake/turtlesim__rosidl_typesupport_cExport-noconfig.cmake
[11.373s] -- Up-to-date: /home/sigmaros/dev_ws/install/turtlesim/share/turtlesim/cmake/turtlesim__rosidl_generator_cppExport.cmake
[11.373s] -- Up-to-date: /home/sigmaros/dev_ws/install/turtlesim/share/turtlesim/cmake/turtlesim__rosidl_typesupport_introspection_cppExport.cmake
[11.373s] -- Up-to-date: /home/sigmaros/dev_ws/install/turtlesim/share/turtlesim/cmake/turtlesim__rosidl_typesupport_introspection_cppExport-noconfig.cmake
[11.373s] -- Up-to-date: /home/sigmaros/dev_ws/install/turtlesim/share/turtlesim/cmake/turtlesim__rosidl_typesupport_cppExport.cmake
[11.373s] -- Up-to-date: /home/sigmaros/dev_ws/install/turtlesim/share/turtlesim/cmake/turtlesim__rosidl_typesupport_cppExport-noconfig.cmake
[11.373s] -- Up-to-date: /home/sigmaros/dev_ws/install/turtlesim/share/turtlesim/cmake/rosidl_cmake-extras.cmake
[11.374s] -- Up-to-date: /home/sigmaros/dev_ws/install/turtlesim/share/turtlesim/cmake/ament_cmake_export_dependencies-extras.cmake
[11.374s] -- Up-to-date: /home/sigmaros/dev_ws/install/turtlesim/share/turtlesim/cmake/ament_cmake_export_libraries-extras.cmake
[11.374s] -- Up-to-date: /home/sigmaros/dev_ws/install/turtlesim/share/turtlesim/cmake/ament_cmake_export_targets-extras.cmake
[11.374s] -- Up-to-date: /home/sigmaros/dev_ws/install/turtlesim/share/turtlesim/cmake/ament_cmake_export_include_directories-extras.cmake
[11.374s] -- Up-to-date: /home/sigmaros/dev_ws/install/turtlesim/share/turtlesim/cmake/rosidl_cmake_export_typesupport_libraries-extras.cmake
[11.374s] -- Up-to-date: /home/sigmaros/dev_ws/install/turtlesim/share/turtlesim/cmake/rosidl_cmake_export_typesupport_targets-extras.cmake
[11.374s] -- Up-to-date: /home/sigmaros/dev_ws/install/turtlesim/share/turtlesim/cmake/turtlesimConfig.cmake
[11.374s] -- Up-to-date: /home/sigmaros/dev_ws/install/turtlesim/share/turtlesim/cmake/turtlesimConfig-version.cmake
[11.374s] -- Up-to-date: /home/sigmaros/dev_ws/install/turtlesim/share/turtlesim/package.xml
[11.375s] Invoked command in '/home/sigmaros/dev_ws/build/turtlesim' returned '0': CMAKE_PREFIX_PATH=${CMAKE_PREFIX_PATH}:/opt/ros/foxy /usr/bin/cmake --install /home/sigmaros/dev_ws/build/turtlesim
