[0.016s] Invoking command in '/home/sigmaros/dev_ws/build/urdf2': CMAKE_PREFIX_PATH=${CMAKE_PREFIX_PATH}:/opt/ros/foxy /usr/bin/cmake --build /home/sigmaros/dev_ws/build/urdf2 -- -j4 -l4
[0.063s] -- Found ament_cmake: 0.9.8 (/opt/ros/foxy/share/ament_cmake/cmake)
[0.089s] -- Using PYTHON_EXECUTABLE: /usr/bin/python3
[0.313s] -- Found rclpy: 1.0.5 (/opt/ros/foxy/share/rclpy/cmake)
[0.313s] -- Found gazebo_ros: 3.5.3 (/opt/ros/foxy/share/gazebo_ros/cmake)
[0.365s] -- Using all available rosidl_typesupport_c: rosidl_typesupport_fastrtps_c;rosidl_typesupport_introspection_c
[0.370s] -- Found rosidl_adapter: 1.2.1 (/opt/ros/foxy/share/rosidl_adapter/cmake)
[0.540s] -- Using all available rosidl_typesupport_cpp: rosidl_typesupport_fastrtps_cpp;rosidl_typesupport_introspection_cpp
[0.606s] -- Found rmw_implementation_cmake: 1.0.3 (/opt/ros/foxy/share/rmw_implementation_cmake/cmake)
[0.608s] -- Using RMW implementation 'rmw_fastrtps_cpp' as default
[0.882s] -- Found DART: /usr/include (Required is at least version "6.6") found components: dart 
[0.963s] -- Found Protobuf: /usr/lib/x86_64-linux-gnu/libprotobuf.so;-lpthread (found version "3.6.1") 
[0.970s] -- Looking for ignition-math6 -- found version 6.7.0
[0.990s] -- Searching for dependencies of ignition-math6
[0.999s] -- Looking for OGRE...
[1.017s] -- Found Ogre Ghadamon (1.9.0)
[1.018s] -- Found OGRE: optimized;/usr/lib/x86_64-linux-gnu/libOgreMain.so;debug;/usr/lib/x86_64-linux-gnu/libOgreMain.so
[1.035s] -- Looking for OGRE_Paging...
[1.035s] -- Found OGRE_Paging: optimized;/usr/lib/x86_64-linux-gnu/libOgrePaging.so;debug;/usr/lib/x86_64-linux-gnu/libOgrePaging.so
[1.035s] -- Looking for OGRE_Terrain...
[1.035s] -- Found OGRE_Terrain: optimized;/usr/lib/x86_64-linux-gnu/libOgreTerrain.so;debug;/usr/lib/x86_64-linux-gnu/libOgreTerrain.so
[1.035s] -- Looking for OGRE_Property...
[1.035s] -- Found OGRE_Property: optimized;/usr/lib/x86_64-linux-gnu/libOgreProperty.so;debug;/usr/lib/x86_64-linux-gnu/libOgreProperty.so
[1.036s] -- Looking for OGRE_RTShaderSystem...
[1.036s] -- Found OGRE_RTShaderSystem: optimized;/usr/lib/x86_64-linux-gnu/libOgreRTShaderSystem.so;debug;/usr/lib/x86_64-linux-gnu/libOgreRTShaderSystem.so
[1.036s] -- Looking for OGRE_Volume...
[1.036s] -- Found OGRE_Volume: optimized;/usr/lib/x86_64-linux-gnu/libOgreVolume.so;debug;/usr/lib/x86_64-linux-gnu/libOgreVolume.so
[1.036s] -- Looking for OGRE_Overlay...
[1.036s] -- Found OGRE_Overlay: optimized;/usr/lib/x86_64-linux-gnu/libOgreOverlay.so;debug;/usr/lib/x86_64-linux-gnu/libOgreOverlay.so
[1.207s] -- Looking for ignition-math6 -- found version 6.7.0
[1.208s] -- Looking for ignition-transport8 -- found version 8.2.0
[1.209s] -- Searching for dependencies of ignition-transport8
[1.233s] -- Found Protobuf: /usr/lib/x86_64-linux-gnu/libprotobuf.so;-lpthread (found suitable version "3.6.1", minimum required is "3") 
[1.247s] -- Config-file not installed for ZeroMQ -- checking for pkg-config
[1.253s] -- Checking for module 'libzmq >= 4'
[1.273s] --   Found libzmq , version 4.3.2
[1.327s] -- Checking for module 'uuid'
[1.346s] --   Found uuid, version 2.34.0
[1.393s] -- Looking for ignition-msgs5 -- found version 5.7.0
[1.393s] -- Searching for dependencies of ignition-msgs5
[1.417s] -- Looking for ignition-math6 -- found version 6.7.0
[1.424s] -- Checking for module 'tinyxml2'
[1.443s] --   Found tinyxml2, version 6.2.0
[1.489s] -- Looking for ignition-msgs5 -- found version 5.7.0
[1.490s] -- Looking for ignition-common3 -- found version 3.11.1
[1.491s] -- Searching for dependencies of ignition-common3
[1.491s] -- Looking for dlfcn.h - found
[1.491s] -- Looking for libdl - found
[1.501s] -- Searching for <ignition-common3> component [graphics]
[1.503s] -- Looking for ignition-common3-graphics -- found version 3.11.1
[1.503s] -- Searching for dependencies of ignition-common3-graphics
[1.504s] -- Looking for ignition-math6 -- found version 6.7.0
[1.506s] -- Looking for ignition-fuel_tools4 -- found version 4.3.0
[1.507s] -- Searching for dependencies of ignition-fuel_tools4
[1.544s] -- Checking for module 'jsoncpp'
[1.562s] --   Found jsoncpp, version 1.7.4
[1.611s] -- Checking for module 'libzip'
[1.630s] --   Found libzip, version 1.5.1
[1.674s] -- Looking for ignition-common3 -- found version 3.11.1
[1.675s] -- Looking for ignition-msgs5 -- found version 5.7.0
[1.678s] -- Gazebo version: 11.3
[1.687s] -- Found ament_lint_auto: 0.9.6 (/opt/ros/foxy/share/ament_lint_auto/cmake)
[1.769s] -- Added test 'copyright' to check source files copyright and LICENSE
[1.772s] -- Added test 'flake8' to check Python code syntax and style conventions
[1.773s] -- Added test 'lint_cmake' to check CMake code style
[1.773s] -- Added test 'pep257' to check Python code against some of the style conventions in PEP 257
[1.774s] -- Added test 'xmllint' to check XML markup files
[1.779s] -- Configuring done
[1.786s] -- Generating done
[1.790s] -- Build files have been written to: /home/sigmaros/dev_ws/build/urdf2
[1.822s] Invoked command in '/home/sigmaros/dev_ws/build/urdf2' returned '0': CMAKE_PREFIX_PATH=${CMAKE_PREFIX_PATH}:/opt/ros/foxy /usr/bin/cmake --build /home/sigmaros/dev_ws/build/urdf2 -- -j4 -l4
[1.862s] Invoking command in '/home/sigmaros/dev_ws/build/urdf2': CMAKE_PREFIX_PATH=${CMAKE_PREFIX_PATH}:/opt/ros/foxy /usr/bin/cmake --install /home/sigmaros/dev_ws/build/urdf2
[1.872s] -- Install configuration: ""
[1.872s] -- Up-to-date: /home/sigmaros/dev_ws/install/urdf2/share/urdf2/urdf
[1.872s] -- Up-to-date: /home/sigmaros/dev_ws/install/urdf2/share/urdf2/urdf/robot_4wd.urdf.xml
[1.872s] -- Installing: /home/sigmaros/dev_ws/install/urdf2/share/urdf2/urdf/bot.urdf.xml
[1.872s] -- Up-to-date: /home/sigmaros/dev_ws/install/urdf2/share/urdf2/launch
[1.872s] -- Up-to-date: /home/sigmaros/dev_ws/install/urdf2/share/urdf2/launch/bringup.launch.py
[1.872s] -- Up-to-date: /home/sigmaros/dev_ws/install/urdf2/share/urdf2/launch/demo.launch.py
[1.872s] -- Up-to-date: /home/sigmaros/dev_ws/install/urdf2/share/urdf2/world
[1.873s] -- Up-to-date: /home/sigmaros/dev_ws/install/urdf2/share/urdf2/world/emptyworld.world
[1.873s] -- Up-to-date: /home/sigmaros/dev_ws/install/urdf2/share/ament_index/resource_index/package_run_dependencies/urdf2
[1.873s] -- Up-to-date: /home/sigmaros/dev_ws/install/urdf2/share/ament_index/resource_index/parent_prefix_path/urdf2
[1.873s] -- Up-to-date: /home/sigmaros/dev_ws/install/urdf2/share/urdf2/environment/ament_prefix_path.sh
[1.873s] -- Installing: /home/sigmaros/dev_ws/install/urdf2/share/urdf2/environment/ament_prefix_path.dsv
[1.874s] -- Up-to-date: /home/sigmaros/dev_ws/install/urdf2/share/urdf2/environment/path.sh
[1.874s] -- Installing: /home/sigmaros/dev_ws/install/urdf2/share/urdf2/environment/path.dsv
[1.874s] -- Up-to-date: /home/sigmaros/dev_ws/install/urdf2/share/urdf2/local_setup.bash
[1.874s] -- Up-to-date: /home/sigmaros/dev_ws/install/urdf2/share/urdf2/local_setup.sh
[1.874s] -- Up-to-date: /home/sigmaros/dev_ws/install/urdf2/share/urdf2/local_setup.zsh
[1.875s] -- Installing: /home/sigmaros/dev_ws/install/urdf2/share/urdf2/local_setup.dsv
[1.875s] -- Installing: /home/sigmaros/dev_ws/install/urdf2/share/urdf2/package.dsv
[1.875s] -- Up-to-date: /home/sigmaros/dev_ws/install/urdf2/share/ament_index/resource_index/packages/urdf2
[1.875s] -- Up-to-date: /home/sigmaros/dev_ws/install/urdf2/share/urdf2/cmake/urdf2Config.cmake
[1.875s] -- Up-to-date: /home/sigmaros/dev_ws/install/urdf2/share/urdf2/cmake/urdf2Config-version.cmake
[1.875s] -- Up-to-date: /home/sigmaros/dev_ws/install/urdf2/share/urdf2/package.xml
[1.878s] Invoked command in '/home/sigmaros/dev_ws/build/urdf2' returned '0': CMAKE_PREFIX_PATH=${CMAKE_PREFIX_PATH}:/opt/ros/foxy /usr/bin/cmake --install /home/sigmaros/dev_ws/build/urdf2
