[0.356s] DEBUG:colcon:Command line arguments: ['/usr/bin/colcon', 'build']
[0.356s] DEBUG:colcon:Parsed command line arguments: Namespace(ament_cmake_args=None, base_paths=['.'], build_base='build', catkin_cmake_args=None, catkin_skip_building_tests=False, cmake_args=None, cmake_clean_cache=False, cmake_clean_first=False, cmake_force_configure=False, cmake_target=None, cmake_target_skip_unavailable=False, continue_on_error=False, event_handlers=None, executor='parallel', ignore_user_meta=False, install_base='install', log_base=None, log_level=None, main=<bound method BuildVerb.main of <colcon_core.verb.build.BuildVerb object at 0x7f594fcc0340>>, merge_install=False, metas=['./colcon.meta'], packages_above=None, packages_above_and_dependencies=None, packages_above_depth=None, packages_end=None, packages_ignore=None, packages_ignore_regex=None, packages_select=None, packages_select_build_failed=False, packages_select_by_dep=None, packages_select_regex=None, packages_select_test_failures=False, packages_skip=None, packages_skip_build_finished=False, packages_skip_by_dep=None, packages_skip_regex=None, packages_skip_test_passed=False, packages_skip_up_to=None, packages_start=None, packages_up_to=None, packages_up_to_regex=None, parallel_workers=4, paths=None, symlink_install=False, test_result_base=None, verb_extension=<colcon_core.verb.build.BuildVerb object at 0x7f594fcc0340>, verb_name='build', verb_parser=<colcon_defaults.argument_parser.defaults.DefaultArgumentsDecorator object at 0x7f594fcc0880>)
[0.362s] Level 1:colcon.colcon_core.package_discovery:discover_packages(colcon_meta) check parameters
[0.363s] Level 1:colcon.colcon_core.package_discovery:discover_packages(recursive) check parameters
[0.363s] Level 1:colcon.colcon_core.package_discovery:discover_packages(ignore) check parameters
[0.363s] Level 1:colcon.colcon_core.package_discovery:discover_packages(path) check parameters
[0.363s] Level 1:colcon.colcon_core.package_discovery:discover_packages(colcon_meta) discover
[0.363s] Level 1:colcon.colcon_core.package_discovery:discover_packages(recursive) discover
[0.363s] INFO:colcon.colcon_core.package_discovery:Crawling recursively for packages in '/home/sigmaros/dev_ws'
[0.363s] Level 1:colcon.colcon_core.package_identification:_identify(.) by extensions ['ignore', 'ignore_ament_install']
[0.363s] Level 1:colcon.colcon_core.package_identification:_identify(.) by extension 'ignore'
[0.363s] Level 1:colcon.colcon_core.package_identification:_identify(.) by extension 'ignore_ament_install'
[0.363s] Level 1:colcon.colcon_core.package_identification:_identify(.) by extensions ['colcon_pkg']
[0.363s] Level 1:colcon.colcon_core.package_identification:_identify(.) by extension 'colcon_pkg'
[0.364s] Level 1:colcon.colcon_core.package_identification:_identify(.) by extensions ['colcon_meta']
[0.364s] Level 1:colcon.colcon_core.package_identification:_identify(.) by extension 'colcon_meta'
[0.364s] Level 1:colcon.colcon_core.package_identification:_identify(.) by extensions ['ros']
[0.364s] Level 1:colcon.colcon_core.package_identification:_identify(.) by extension 'ros'
[0.378s] Level 1:colcon.colcon_core.package_identification:_identify(.) by extensions ['cmake', 'python']
[0.378s] Level 1:colcon.colcon_core.package_identification:_identify(.) by extension 'cmake'
[0.378s] Level 1:colcon.colcon_core.package_identification:_identify(.) by extension 'python'
[0.378s] Level 1:colcon.colcon_core.package_identification:_identify(.) by extensions ['python_setup_py']
[0.378s] Level 1:colcon.colcon_core.package_identification:_identify(.) by extension 'python_setup_py'
[0.378s] Level 1:colcon.colcon_core.package_identification:_identify(build) by extensions ['ignore', 'ignore_ament_install']
[0.379s] Level 1:colcon.colcon_core.package_identification:_identify(build) by extension 'ignore'
[0.379s] Level 1:colcon.colcon_core.package_identification:_identify(build) ignored
[0.379s] Level 1:colcon.colcon_core.package_identification:_identify(install) by extensions ['ignore', 'ignore_ament_install']
[0.379s] Level 1:colcon.colcon_core.package_identification:_identify(install) by extension 'ignore'
[0.379s] Level 1:colcon.colcon_core.package_identification:_identify(install) ignored
[0.379s] Level 1:colcon.colcon_core.package_identification:_identify(log) by extensions ['ignore', 'ignore_ament_install']
[0.379s] Level 1:colcon.colcon_core.package_identification:_identify(log) by extension 'ignore'
[0.379s] Level 1:colcon.colcon_core.package_identification:_identify(log) ignored
[0.379s] Level 1:colcon.colcon_core.package_identification:_identify(src) by extensions ['ignore', 'ignore_ament_install']
[0.379s] Level 1:colcon.colcon_core.package_identification:_identify(src) by extension 'ignore'
[0.379s] Level 1:colcon.colcon_core.package_identification:_identify(src) by extension 'ignore_ament_install'
[0.380s] Level 1:colcon.colcon_core.package_identification:_identify(src) by extensions ['colcon_pkg']
[0.380s] Level 1:colcon.colcon_core.package_identification:_identify(src) by extension 'colcon_pkg'
[0.380s] Level 1:colcon.colcon_core.package_identification:_identify(src) by extensions ['colcon_meta']
[0.380s] Level 1:colcon.colcon_core.package_identification:_identify(src) by extension 'colcon_meta'
[0.380s] Level 1:colcon.colcon_core.package_identification:_identify(src) by extensions ['ros']
[0.380s] Level 1:colcon.colcon_core.package_identification:_identify(src) by extension 'ros'
[0.380s] Level 1:colcon.colcon_core.package_identification:_identify(src) by extensions ['cmake', 'python']
[0.380s] Level 1:colcon.colcon_core.package_identification:_identify(src) by extension 'cmake'
[0.380s] Level 1:colcon.colcon_core.package_identification:_identify(src) by extension 'python'
[0.380s] Level 1:colcon.colcon_core.package_identification:_identify(src) by extensions ['python_setup_py']
[0.380s] Level 1:colcon.colcon_core.package_identification:_identify(src) by extension 'python_setup_py'
[0.380s] Level 1:colcon.colcon_core.package_identification:_identify(src/ros_tutorials) by extensions ['ignore', 'ignore_ament_install']
[0.380s] Level 1:colcon.colcon_core.package_identification:_identify(src/ros_tutorials) by extension 'ignore'
[0.380s] Level 1:colcon.colcon_core.package_identification:_identify(src/ros_tutorials) by extension 'ignore_ament_install'
[0.380s] Level 1:colcon.colcon_core.package_identification:_identify(src/ros_tutorials) by extensions ['colcon_pkg']
[0.381s] Level 1:colcon.colcon_core.package_identification:_identify(src/ros_tutorials) by extension 'colcon_pkg'
[0.381s] Level 1:colcon.colcon_core.package_identification:_identify(src/ros_tutorials) by extensions ['colcon_meta']
[0.381s] Level 1:colcon.colcon_core.package_identification:_identify(src/ros_tutorials) by extension 'colcon_meta'
[0.381s] Level 1:colcon.colcon_core.package_identification:_identify(src/ros_tutorials) by extensions ['ros']
[0.381s] Level 1:colcon.colcon_core.package_identification:_identify(src/ros_tutorials) by extension 'ros'
[0.381s] Level 1:colcon.colcon_core.package_identification:_identify(src/ros_tutorials) by extensions ['cmake', 'python']
[0.381s] Level 1:colcon.colcon_core.package_identification:_identify(src/ros_tutorials) by extension 'cmake'
[0.381s] Level 1:colcon.colcon_core.package_identification:_identify(src/ros_tutorials) by extension 'python'
[0.381s] Level 1:colcon.colcon_core.package_identification:_identify(src/ros_tutorials) by extensions ['python_setup_py']
[0.381s] Level 1:colcon.colcon_core.package_identification:_identify(src/ros_tutorials) by extension 'python_setup_py'
[0.381s] Level 1:colcon.colcon_core.package_identification:_identify(src/ros_tutorials/ros_tutorials) by extensions ['ignore', 'ignore_ament_install']
[0.381s] Level 1:colcon.colcon_core.package_identification:_identify(src/ros_tutorials/ros_tutorials) by extension 'ignore'
[0.381s] Level 1:colcon.colcon_core.package_identification:_identify(src/ros_tutorials/ros_tutorials) ignored
[0.381s] Level 1:colcon.colcon_core.package_identification:_identify(src/ros_tutorials/roscpp_tutorials) by extensions ['ignore', 'ignore_ament_install']
[0.382s] Level 1:colcon.colcon_core.package_identification:_identify(src/ros_tutorials/roscpp_tutorials) by extension 'ignore'
[0.382s] Level 1:colcon.colcon_core.package_identification:_identify(src/ros_tutorials/roscpp_tutorials) ignored
[0.382s] Level 1:colcon.colcon_core.package_identification:_identify(src/ros_tutorials/rospy_tutorials) by extensions ['ignore', 'ignore_ament_install']
[0.382s] Level 1:colcon.colcon_core.package_identification:_identify(src/ros_tutorials/rospy_tutorials) by extension 'ignore'
[0.382s] Level 1:colcon.colcon_core.package_identification:_identify(src/ros_tutorials/rospy_tutorials) ignored
[0.382s] Level 1:colcon.colcon_core.package_identification:_identify(src/ros_tutorials/turtlesim) by extensions ['ignore', 'ignore_ament_install']
[0.382s] Level 1:colcon.colcon_core.package_identification:_identify(src/ros_tutorials/turtlesim) by extension 'ignore'
[0.382s] Level 1:colcon.colcon_core.package_identification:_identify(src/ros_tutorials/turtlesim) by extension 'ignore_ament_install'
[0.382s] Level 1:colcon.colcon_core.package_identification:_identify(src/ros_tutorials/turtlesim) by extensions ['colcon_pkg']
[0.382s] Level 1:colcon.colcon_core.package_identification:_identify(src/ros_tutorials/turtlesim) by extension 'colcon_pkg'
[0.382s] Level 1:colcon.colcon_core.package_identification:_identify(src/ros_tutorials/turtlesim) by extensions ['colcon_meta']
[0.382s] Level 1:colcon.colcon_core.package_identification:_identify(src/ros_tutorials/turtlesim) by extension 'colcon_meta'
[0.383s] Level 1:colcon.colcon_core.package_identification:_identify(src/ros_tutorials/turtlesim) by extensions ['ros']
[0.383s] Level 1:colcon.colcon_core.package_identification:_identify(src/ros_tutorials/turtlesim) by extension 'ros'
[0.386s] DEBUG:colcon.colcon_core.package_identification:Package 'src/ros_tutorials/turtlesim' with type 'ros.ament_cmake' and name 'turtlesim'
[0.386s] Level 1:colcon.colcon_core.package_discovery:discover_packages(recursive) using defaults
[0.386s] Level 1:colcon.colcon_core.package_discovery:discover_packages(ignore) discover
[0.386s] Level 1:colcon.colcon_core.package_discovery:discover_packages(ignore) using defaults
[0.386s] Level 1:colcon.colcon_core.package_discovery:discover_packages(path) discover
[0.386s] Level 1:colcon.colcon_core.package_discovery:discover_packages(path) using defaults
[0.409s] Level 5:colcon.colcon_core.verb:set package 'turtlesim' build argument 'cmake_args' from command line to 'None'
[0.409s] Level 5:colcon.colcon_core.verb:set package 'turtlesim' build argument 'cmake_target' from command line to 'None'
[0.409s] Level 5:colcon.colcon_core.verb:set package 'turtlesim' build argument 'cmake_target_skip_unavailable' from command line to 'False'
[0.410s] Level 5:colcon.colcon_core.verb:set package 'turtlesim' build argument 'cmake_clean_cache' from command line to 'False'
[0.410s] Level 5:colcon.colcon_core.verb:set package 'turtlesim' build argument 'cmake_clean_first' from command line to 'False'
[0.410s] Level 5:colcon.colcon_core.verb:set package 'turtlesim' build argument 'cmake_force_configure' from command line to 'False'
[0.410s] Level 5:colcon.colcon_core.verb:set package 'turtlesim' build argument 'ament_cmake_args' from command line to 'None'
[0.410s] Level 5:colcon.colcon_core.verb:set package 'turtlesim' build argument 'catkin_cmake_args' from command line to 'None'
[0.410s] Level 5:colcon.colcon_core.verb:set package 'turtlesim' build argument 'catkin_skip_building_tests' from command line to 'False'
[0.410s] DEBUG:colcon.colcon_core.verb:Building package 'turtlesim' with the following arguments: {'ament_cmake_args': None, 'build_base': '/home/sigmaros/dev_ws/build/turtlesim', 'catkin_cmake_args': None, 'catkin_skip_building_tests': False, 'cmake_args': None, 'cmake_clean_cache': False, 'cmake_clean_first': False, 'cmake_force_configure': False, 'cmake_target': None, 'cmake_target_skip_unavailable': False, 'install_base': '/home/sigmaros/dev_ws/install/turtlesim', 'merge_install': False, 'path': '/home/sigmaros/dev_ws/src/ros_tutorials/turtlesim', 'symlink_install': False, 'test_result_base': None}
[0.410s] INFO:colcon.colcon_core.executor:Executing jobs using 'parallel' executor
[0.412s] DEBUG:colcon.colcon_parallel_executor.executor.parallel:run_until_complete
[0.412s] INFO:colcon.colcon_ros.task.ament_cmake.build:Building ROS package in '/home/sigmaros/dev_ws/src/ros_tutorials/turtlesim' with build type 'ament_cmake'
[0.413s] INFO:colcon.colcon_cmake.task.cmake.build:Building CMake package in '/home/sigmaros/dev_ws/src/ros_tutorials/turtlesim'
[0.417s] INFO:colcon.colcon_core.plugin_system:Skipping extension 'colcon_core.shell.bat': Not used on non-Windows systems
[0.417s] INFO:colcon.colcon_core.shell:Skip shell extension 'powershell' for command environment: Not usable outside of PowerShell
[0.417s] DEBUG:colcon.colcon_core.shell:Skip shell extension 'dsv' for command environment
[0.420s] WARNING:colcon.colcon_core.prefix_path.colcon:The path '/home/sigmaros/ros2_ws/install' in the environment variable COLCON_PREFIX_PATH doesn't exist
[0.420s] DEBUG:colcon.colcon_core.shell:Ignoring prefix path '/opt/ros/foxy'
[0.430s] DEBUG:colcon.colcon_core.event_handler.log_command:Invoking command in '/home/sigmaros/dev_ws/build/turtlesim': CMAKE_PREFIX_PATH=/opt/ros/foxy /usr/bin/cmake /home/sigmaros/dev_ws/src/ros_tutorials/turtlesim -DCMAKE_INSTALL_PREFIX=/home/sigmaros/dev_ws/install/turtlesim
[2.998s] DEBUG:colcon.colcon_core.event_handler.log_command:Invoked command in '/home/sigmaros/dev_ws/build/turtlesim' returned '0': CMAKE_PREFIX_PATH=/opt/ros/foxy /usr/bin/cmake /home/sigmaros/dev_ws/src/ros_tutorials/turtlesim -DCMAKE_INSTALL_PREFIX=/home/sigmaros/dev_ws/install/turtlesim
[3.002s] DEBUG:colcon.colcon_core.event_handler.log_command:Invoking command in '/home/sigmaros/dev_ws/build/turtlesim': CMAKE_PREFIX_PATH=/opt/ros/foxy /usr/bin/cmake --build /home/sigmaros/dev_ws/build/turtlesim -- -j4 -l4
[28.919s] DEBUG:colcon.colcon_core.event_handler.log_command:Invoked command in '/home/sigmaros/dev_ws/build/turtlesim' returned '0': CMAKE_PREFIX_PATH=/opt/ros/foxy /usr/bin/cmake --build /home/sigmaros/dev_ws/build/turtlesim -- -j4 -l4
[29.096s] DEBUG:colcon.colcon_core.event_handler.log_command:Invoking command in '/home/sigmaros/dev_ws/build/turtlesim': CMAKE_PREFIX_PATH=/opt/ros/foxy /usr/bin/cmake --install /home/sigmaros/dev_ws/build/turtlesim
[29.199s] Level 1:colcon.colcon_core.environment:create_environment_scripts_only(turtlesim)
[29.200s] DEBUG:colcon.colcon_core.event_handler.log_command:Invoked command in '/home/sigmaros/dev_ws/build/turtlesim' returned '0': CMAKE_PREFIX_PATH=/opt/ros/foxy /usr/bin/cmake --install /home/sigmaros/dev_ws/build/turtlesim
[29.204s] Level 1:colcon.colcon_core.environment:checking '/home/sigmaros/dev_ws/install/turtlesim' for CMake module files
[29.204s] Level 1:colcon.colcon_core.environment:checking '/home/sigmaros/dev_ws/install/turtlesim' for CMake config files
[29.205s] Level 1:colcon.colcon_core.shell:create_environment_hook('turtlesim', 'cmake_prefix_path')
[29.206s] INFO:colcon.colcon_core.shell:Creating environment hook '/home/sigmaros/dev_ws/install/turtlesim/share/turtlesim/hook/cmake_prefix_path.ps1'
[29.207s] INFO:colcon.colcon_core.shell:Creating environment descriptor '/home/sigmaros/dev_ws/install/turtlesim/share/turtlesim/hook/cmake_prefix_path.dsv'
[29.207s] INFO:colcon.colcon_core.shell:Creating environment hook '/home/sigmaros/dev_ws/install/turtlesim/share/turtlesim/hook/cmake_prefix_path.sh'
[29.208s] Level 1:colcon.colcon_core.environment:checking '/home/sigmaros/dev_ws/install/turtlesim/lib'
[29.208s] Level 1:colcon.colcon_core.shell:create_environment_hook('turtlesim', 'ld_library_path_lib')
[29.209s] INFO:colcon.colcon_core.shell:Creating environment hook '/home/sigmaros/dev_ws/install/turtlesim/share/turtlesim/hook/ld_library_path_lib.ps1'
[29.209s] INFO:colcon.colcon_core.shell:Creating environment descriptor '/home/sigmaros/dev_ws/install/turtlesim/share/turtlesim/hook/ld_library_path_lib.dsv'
[29.210s] INFO:colcon.colcon_core.shell:Creating environment hook '/home/sigmaros/dev_ws/install/turtlesim/share/turtlesim/hook/ld_library_path_lib.sh'
[29.210s] Level 1:colcon.colcon_core.environment:checking '/home/sigmaros/dev_ws/install/turtlesim/bin'
[29.210s] Level 1:colcon.colcon_core.environment:checking '/home/sigmaros/dev_ws/install/turtlesim/lib/pkgconfig/turtlesim.pc'
[29.210s] Level 1:colcon.colcon_core.environment:checking '/home/sigmaros/dev_ws/install/turtlesim/lib/python3.8/site-packages'
[29.210s] Level 1:colcon.colcon_core.shell:create_environment_hook('turtlesim', 'pythonpath')
[29.211s] INFO:colcon.colcon_core.shell:Creating environment hook '/home/sigmaros/dev_ws/install/turtlesim/share/turtlesim/hook/pythonpath.ps1'
[29.211s] INFO:colcon.colcon_core.shell:Creating environment descriptor '/home/sigmaros/dev_ws/install/turtlesim/share/turtlesim/hook/pythonpath.dsv'
[29.211s] INFO:colcon.colcon_core.shell:Creating environment hook '/home/sigmaros/dev_ws/install/turtlesim/share/turtlesim/hook/pythonpath.sh'
[29.212s] INFO:colcon.colcon_core.shell:Creating package script '/home/sigmaros/dev_ws/install/turtlesim/share/turtlesim/package.ps1'
[29.213s] INFO:colcon.colcon_core.shell:Creating package descriptor '/home/sigmaros/dev_ws/install/turtlesim/share/turtlesim/package.dsv'
[29.214s] INFO:colcon.colcon_core.shell:Creating package script '/home/sigmaros/dev_ws/install/turtlesim/share/turtlesim/package.sh'
[29.215s] INFO:colcon.colcon_core.shell:Creating package script '/home/sigmaros/dev_ws/install/turtlesim/share/turtlesim/package.bash'
[29.216s] INFO:colcon.colcon_core.shell:Creating package script '/home/sigmaros/dev_ws/install/turtlesim/share/turtlesim/package.zsh'
[29.216s] Level 1:colcon.colcon_core.environment:create_file_with_runtime_dependencies(/home/sigmaros/dev_ws/install/turtlesim/share/colcon-core/packages/turtlesim)
[29.380s] Level 1:colcon.colcon_core.environment:create_environment_scripts_only(turtlesim)
[29.381s] Level 1:colcon.colcon_core.environment:checking '/home/sigmaros/dev_ws/install/turtlesim' for CMake module files
[29.382s] Level 1:colcon.colcon_core.environment:checking '/home/sigmaros/dev_ws/install/turtlesim' for CMake config files
[29.383s] Level 1:colcon.colcon_core.shell:create_environment_hook('turtlesim', 'cmake_prefix_path')
[29.383s] INFO:colcon.colcon_core.shell:Creating environment hook '/home/sigmaros/dev_ws/install/turtlesim/share/turtlesim/hook/cmake_prefix_path.ps1'
[29.384s] INFO:colcon.colcon_core.shell:Creating environment descriptor '/home/sigmaros/dev_ws/install/turtlesim/share/turtlesim/hook/cmake_prefix_path.dsv'
[29.384s] INFO:colcon.colcon_core.shell:Creating environment hook '/home/sigmaros/dev_ws/install/turtlesim/share/turtlesim/hook/cmake_prefix_path.sh'
[29.385s] Level 1:colcon.colcon_core.environment:checking '/home/sigmaros/dev_ws/install/turtlesim/lib'
[29.385s] Level 1:colcon.colcon_core.shell:create_environment_hook('turtlesim', 'ld_library_path_lib')
[29.386s] INFO:colcon.colcon_core.shell:Creating environment hook '/home/sigmaros/dev_ws/install/turtlesim/share/turtlesim/hook/ld_library_path_lib.ps1'
[29.386s] INFO:colcon.colcon_core.shell:Creating environment descriptor '/home/sigmaros/dev_ws/install/turtlesim/share/turtlesim/hook/ld_library_path_lib.dsv'
[29.386s] INFO:colcon.colcon_core.shell:Creating environment hook '/home/sigmaros/dev_ws/install/turtlesim/share/turtlesim/hook/ld_library_path_lib.sh'
[29.387s] Level 1:colcon.colcon_core.environment:checking '/home/sigmaros/dev_ws/install/turtlesim/bin'
[29.387s] Level 1:colcon.colcon_core.environment:checking '/home/sigmaros/dev_ws/install/turtlesim/lib/pkgconfig/turtlesim.pc'
[29.387s] Level 1:colcon.colcon_core.environment:checking '/home/sigmaros/dev_ws/install/turtlesim/lib/python3.8/site-packages'
[29.387s] Level 1:colcon.colcon_core.shell:create_environment_hook('turtlesim', 'pythonpath')
[29.388s] INFO:colcon.colcon_core.shell:Creating environment hook '/home/sigmaros/dev_ws/install/turtlesim/share/turtlesim/hook/pythonpath.ps1'
[29.388s] INFO:colcon.colcon_core.shell:Creating environment descriptor '/home/sigmaros/dev_ws/install/turtlesim/share/turtlesim/hook/pythonpath.dsv'
[29.388s] INFO:colcon.colcon_core.shell:Creating environment hook '/home/sigmaros/dev_ws/install/turtlesim/share/turtlesim/hook/pythonpath.sh'
[29.389s] INFO:colcon.colcon_core.shell:Creating package script '/home/sigmaros/dev_ws/install/turtlesim/share/turtlesim/package.ps1'
[29.390s] INFO:colcon.colcon_core.shell:Creating package descriptor '/home/sigmaros/dev_ws/install/turtlesim/share/turtlesim/package.dsv'
[29.391s] INFO:colcon.colcon_core.shell:Creating package script '/home/sigmaros/dev_ws/install/turtlesim/share/turtlesim/package.sh'
[29.391s] INFO:colcon.colcon_core.shell:Creating package script '/home/sigmaros/dev_ws/install/turtlesim/share/turtlesim/package.bash'
[29.392s] INFO:colcon.colcon_core.shell:Creating package script '/home/sigmaros/dev_ws/install/turtlesim/share/turtlesim/package.zsh'
[29.392s] Level 1:colcon.colcon_core.environment:create_file_with_runtime_dependencies(/home/sigmaros/dev_ws/install/turtlesim/share/colcon-core/packages/turtlesim)
[29.393s] DEBUG:colcon.colcon_parallel_executor.executor.parallel:closing loop
[29.393s] DEBUG:colcon.colcon_parallel_executor.executor.parallel:loop closed
[29.393s] DEBUG:colcon.colcon_parallel_executor.executor.parallel:run_until_complete finished with '0'
[29.393s] DEBUG:colcon.colcon_core.event_reactor:joining thread
[29.401s] INFO:colcon.colcon_core.plugin_system:Skipping extension 'colcon_notification.desktop_notification.terminal_notifier': Not used on non-Darwin systems
[29.401s] INFO:colcon.colcon_core.plugin_system:Skipping extension 'colcon_notification.desktop_notification.win32': Not used on non-Windows systems
[29.401s] INFO:colcon.colcon_notification.desktop_notification:Sending desktop notification using 'notify2'
[29.419s] DEBUG:colcon.colcon_core.event_reactor:joined thread
[29.420s] INFO:colcon.colcon_core.shell:Creating prefix script '/home/sigmaros/dev_ws/install/local_setup.ps1'
[29.421s] INFO:colcon.colcon_core.shell:Creating prefix util module '/home/sigmaros/dev_ws/install/_local_setup_util_ps1.py'
[29.423s] INFO:colcon.colcon_core.shell:Creating prefix chain script '/home/sigmaros/dev_ws/install/setup.ps1'
[29.426s] INFO:colcon.colcon_core.shell:Creating prefix script '/home/sigmaros/dev_ws/install/local_setup.sh'
[29.427s] INFO:colcon.colcon_core.shell:Creating prefix util module '/home/sigmaros/dev_ws/install/_local_setup_util_sh.py'
[29.428s] INFO:colcon.colcon_core.shell:Creating prefix chain script '/home/sigmaros/dev_ws/install/setup.sh'
[29.430s] INFO:colcon.colcon_core.shell:Creating prefix script '/home/sigmaros/dev_ws/install/local_setup.bash'
[29.431s] INFO:colcon.colcon_core.shell:Creating prefix chain script '/home/sigmaros/dev_ws/install/setup.bash'
[29.433s] INFO:colcon.colcon_core.shell:Creating prefix script '/home/sigmaros/dev_ws/install/local_setup.zsh'
[29.433s] INFO:colcon.colcon_core.shell:Creating prefix chain script '/home/sigmaros/dev_ws/install/setup.zsh'
