[0.000000] (-) TimerEvent: {}
[0.000692] (-) JobUnselected: {'identifier': 'cpp_pubsub'}
[0.000740] (-) JobUnselected: {'identifier': 'my_package'}
[0.000995] (-) JobUnselected: {'identifier': 'turtlesim'}
[0.001049] (-) JobUnselected: {'identifier': 'urdf_tutorial'}
[0.001079] (urdf2) JobQueued: {'identifier': 'urdf2', 'dependencies': OrderedDict()}
[0.001124] (urdf2) JobStarted: {'identifier': 'urdf2'}
[0.013340] (urdf2) JobProgress: {'identifier': 'urdf2', 'progress': 'cmake'}
[0.014523] (urdf2) JobProgress: {'identifier': 'urdf2', 'progress': 'build'}
[0.015461] (urdf2) Command: {'cmd': ['/usr/bin/cmake', '--build', '/home/sigmaros/dev_ws/build/urdf2', '--', '-j4', '-l4'], 'cwd': '/home/sigmaros/dev_ws/build/urdf2', 'env': OrderedDict([('GJS_DEBUG_TOPICS', 'JS ERROR;JS LOG'), ('LANGUAGE', 'en_IN:en'), ('USER', 'sigmaros'), ('SSH_AGENT_PID', '1552'), ('XDG_SESSION_TYPE', 'x11'), ('SHLVL', '1'), ('LD_LIBRARY_PATH', '/home/sigmaros/dev_ws/install/turtlesim/lib:/usr/lib/x86_64-linux-gnu/gazebo-11/plugins:/opt/ros/foxy/opt/yaml_cpp_vendor/lib:/opt/ros/foxy/opt/rviz_ogre_vendor/lib:/opt/ros/foxy/lib/x86_64-linux-gnu:/opt/ros/foxy/lib'), ('HOME', '/home/sigmaros'), ('OLDPWD', '/home/sigmaros'), ('DESKTOP_SESSION', 'ubuntu'), ('ROS_PYTHON_VERSION', '3'), ('GNOME_SHELL_SESSION_MODE', 'ubuntu'), ('GTK_MODULES', 'gail:atk-bridge'), ('MANAGERPID', '1374'), ('DBUS_SESSION_BUS_ADDRESS', 'unix:path=/run/user/1000/bus'), ('COLORTERM', 'truecolor'), ('IM_CONFIG_PHASE', '1'), ('COLCON_PREFIX_PATH', '/home/sigmaros/dev_ws/install'), ('ROS_DISTRO', 'foxy'), ('LOGNAME', 'sigmaros'), ('JOURNAL_STREAM', '8:43469'), ('_', '/usr/bin/colcon'), ('ROS_VERSION', '2'), ('XDG_SESSION_CLASS', 'user'), ('USERNAME', 'sigmaros'), ('TERM', 'xterm-256color'), ('GAZEBO_MODEL_PATH', '/home/sigmaros/dev_ws/src/urdf2/models:'), ('GNOME_DESKTOP_SESSION_ID', 'this-is-deprecated'), ('ROS_LOCALHOST_ONLY', '0'), ('WINDOWPATH', '2'), ('PATH', '/opt/ros/foxy/bin:/usr/local/sbin:/usr/local/bin:/usr/sbin:/usr/bin:/sbin:/bin:/usr/games:/usr/local/games:/snap/bin'), ('SESSION_MANAGER', 'local/sigmaros:@/tmp/.ICE-unix/1595,unix/sigmaros:/tmp/.ICE-unix/1595'), ('INVOCATION_ID', 'd6aaac35d1fa432b87d0d68229e2855b'), ('XDG_MENU_PREFIX', 'gnome-'), ('GNOME_TERMINAL_SCREEN', '/org/gnome/Terminal/screen/064d9ee6_e4cb_46f4_aeef_ef675797411b'), ('XDG_RUNTIME_DIR', '/run/user/1000'), ('DISPLAY', ':0'), ('LANG', 'en_US.UTF-8'), ('XDG_CURRENT_DESKTOP', 'ubuntu:GNOME'), ('XMODIFIERS', '@im=ibus'), ('XDG_SESSION_DESKTOP', 'ubuntu'), ('XAUTHORITY', '/run/user/1000/gdm/Xauthority'), ('GNOME_TERMINAL_SERVICE', ':1.320'), ('SSH_AUTH_SOCK', '/run/user/1000/keyring/ssh'), ('AMENT_PREFIX_PATH', '/home/sigmaros/dev_ws/install/urdf2:/home/sigmaros/dev_ws/install/turtlesim:/home/sigmaros/dev_ws/install/my_package:/home/sigmaros/dev_ws/install/cpp_pubsub:/opt/ros/foxy'), ('SHELL', '/bin/bash'), ('QT_ACCESSIBILITY', '1'), ('GDMSESSION', 'ubuntu'), ('GPG_AGENT_INFO', '/run/user/1000/gnupg/S.gpg-agent:0:1'), ('GJS_DEBUG_OUTPUT', 'stderr'), ('QT_IM_MODULE', 'ibus'), ('PWD', '/home/sigmaros/dev_ws/build/urdf2'), ('LC_ALL', 'en_US.UTF-8'), ('XDG_CONFIG_DIRS', '/etc/xdg/xdg-ubuntu:/etc/xdg'), ('XDG_DATA_DIRS', '/usr/share/ubuntu:/usr/local/share/:/usr/share/:/var/lib/snapd/desktop'), ('PYTHONPATH', '/home/sigmaros/dev_ws/install/turtlesim/lib/python3.8/site-packages:/opt/ros/foxy/lib/python3.8/site-packages'), ('COLCON', '1'), ('VTE_VERSION', '6003'), ('CMAKE_PREFIX_PATH', '/home/sigmaros/dev_ws/install/urdf2:/home/sigmaros/dev_ws/install/turtlesim:/home/sigmaros/dev_ws/install/my_package:/home/sigmaros/dev_ws/install/cpp_pubsub:/opt/ros/foxy')]), 'shell': False}
[0.069895] (urdf2) CommandEnded: {'returncode': 0}
[0.095166] (urdf2) JobProgress: {'identifier': 'urdf2', 'progress': 'install'}
[0.099799] (-) TimerEvent: {}
[0.108949] (urdf2) Command: {'cmd': ['/usr/bin/cmake', '--install', '/home/sigmaros/dev_ws/build/urdf2'], 'cwd': '/home/sigmaros/dev_ws/build/urdf2', 'env': OrderedDict([('GJS_DEBUG_TOPICS', 'JS ERROR;JS LOG'), ('LANGUAGE', 'en_IN:en'), ('USER', 'sigmaros'), ('SSH_AGENT_PID', '1552'), ('XDG_SESSION_TYPE', 'x11'), ('SHLVL', '1'), ('LD_LIBRARY_PATH', '/home/sigmaros/dev_ws/install/turtlesim/lib:/usr/lib/x86_64-linux-gnu/gazebo-11/plugins:/opt/ros/foxy/opt/yaml_cpp_vendor/lib:/opt/ros/foxy/opt/rviz_ogre_vendor/lib:/opt/ros/foxy/lib/x86_64-linux-gnu:/opt/ros/foxy/lib'), ('HOME', '/home/sigmaros'), ('OLDPWD', '/home/sigmaros'), ('DESKTOP_SESSION', 'ubuntu'), ('ROS_PYTHON_VERSION', '3'), ('GNOME_SHELL_SESSION_MODE', 'ubuntu'), ('GTK_MODULES', 'gail:atk-bridge'), ('MANAGERPID', '1374'), ('DBUS_SESSION_BUS_ADDRESS', 'unix:path=/run/user/1000/bus'), ('COLORTERM', 'truecolor'), ('IM_CONFIG_PHASE', '1'), ('COLCON_PREFIX_PATH', '/home/sigmaros/dev_ws/install'), ('ROS_DISTRO', 'foxy'), ('LOGNAME', 'sigmaros'), ('JOURNAL_STREAM', '8:43469'), ('_', '/usr/bin/colcon'), ('ROS_VERSION', '2'), ('XDG_SESSION_CLASS', 'user'), ('USERNAME', 'sigmaros'), ('TERM', 'xterm-256color'), ('GAZEBO_MODEL_PATH', '/home/sigmaros/dev_ws/src/urdf2/models:'), ('GNOME_DESKTOP_SESSION_ID', 'this-is-deprecated'), ('ROS_LOCALHOST_ONLY', '0'), ('WINDOWPATH', '2'), ('PATH', '/opt/ros/foxy/bin:/usr/local/sbin:/usr/local/bin:/usr/sbin:/usr/bin:/sbin:/bin:/usr/games:/usr/local/games:/snap/bin'), ('SESSION_MANAGER', 'local/sigmaros:@/tmp/.ICE-unix/1595,unix/sigmaros:/tmp/.ICE-unix/1595'), ('INVOCATION_ID', 'd6aaac35d1fa432b87d0d68229e2855b'), ('XDG_MENU_PREFIX', 'gnome-'), ('GNOME_TERMINAL_SCREEN', '/org/gnome/Terminal/screen/064d9ee6_e4cb_46f4_aeef_ef675797411b'), ('XDG_RUNTIME_DIR', '/run/user/1000'), ('DISPLAY', ':0'), ('LANG', 'en_US.UTF-8'), ('XDG_CURRENT_DESKTOP', 'ubuntu:GNOME'), ('XMODIFIERS', '@im=ibus'), ('XDG_SESSION_DESKTOP', 'ubuntu'), ('XAUTHORITY', '/run/user/1000/gdm/Xauthority'), ('GNOME_TERMINAL_SERVICE', ':1.320'), ('SSH_AUTH_SOCK', '/run/user/1000/keyring/ssh'), ('AMENT_PREFIX_PATH', '/home/sigmaros/dev_ws/install/urdf2:/home/sigmaros/dev_ws/install/turtlesim:/home/sigmaros/dev_ws/install/my_package:/home/sigmaros/dev_ws/install/cpp_pubsub:/opt/ros/foxy'), ('SHELL', '/bin/bash'), ('QT_ACCESSIBILITY', '1'), ('GDMSESSION', 'ubuntu'), ('GPG_AGENT_INFO', '/run/user/1000/gnupg/S.gpg-agent:0:1'), ('GJS_DEBUG_OUTPUT', 'stderr'), ('QT_IM_MODULE', 'ibus'), ('PWD', '/home/sigmaros/dev_ws/build/urdf2'), ('LC_ALL', 'en_US.UTF-8'), ('XDG_CONFIG_DIRS', '/etc/xdg/xdg-ubuntu:/etc/xdg'), ('XDG_DATA_DIRS', '/usr/share/ubuntu:/usr/local/share/:/usr/share/:/var/lib/snapd/desktop'), ('PYTHONPATH', '/home/sigmaros/dev_ws/install/turtlesim/lib/python3.8/site-packages:/opt/ros/foxy/lib/python3.8/site-packages'), ('COLCON', '1'), ('VTE_VERSION', '6003'), ('CMAKE_PREFIX_PATH', '/home/sigmaros/dev_ws/install/urdf2:/home/sigmaros/dev_ws/install/turtlesim:/home/sigmaros/dev_ws/install/my_package:/home/sigmaros/dev_ws/install/cpp_pubsub:/opt/ros/foxy')]), 'shell': False}
[0.118841] (urdf2) StdoutLine: {'line': b'-- Install configuration: ""\n'}
[0.119062] (urdf2) StdoutLine: {'line': b'-- Up-to-date: /home/sigmaros/dev_ws/install/urdf2/share/urdf2/urdf\n'}
[0.119284] (urdf2) StdoutLine: {'line': b'-- Up-to-date: /home/sigmaros/dev_ws/install/urdf2/share/urdf2/urdf/robot_4wd.urdf.xml\n'}
[0.119544] (urdf2) StdoutLine: {'line': b'-- Up-to-date: /home/sigmaros/dev_ws/install/urdf2/share/urdf2/urdf/bot.urdf.xml\n'}
[0.119815] (urdf2) StdoutLine: {'line': b'-- Up-to-date: /home/sigmaros/dev_ws/install/urdf2/share/urdf2/launch\n'}
[0.119957] (urdf2) StdoutLine: {'line': b'-- Up-to-date: /home/sigmaros/dev_ws/install/urdf2/share/urdf2/launch/bringup.launch.py\n'}
[0.120043] (urdf2) StdoutLine: {'line': b'-- Up-to-date: /home/sigmaros/dev_ws/install/urdf2/share/urdf2/launch/demo.launch.py\n'}
[0.120174] (urdf2) StdoutLine: {'line': b'-- Up-to-date: /home/sigmaros/dev_ws/install/urdf2/share/urdf2/world\n'}
[0.120274] (urdf2) StdoutLine: {'line': b'-- Installing: /home/sigmaros/dev_ws/install/urdf2/share/urdf2/world/emptyworld.world\n'}
[0.120354] (urdf2) StdoutLine: {'line': b'-- Up-to-date: /home/sigmaros/dev_ws/install/urdf2/share/urdf2/models\n'}
[0.120430] (urdf2) StdoutLine: {'line': b'-- Up-to-date: /home/sigmaros/dev_ws/install/urdf2/share/urdf2/models/room_paln1\n'}
[0.120514] (urdf2) StdoutLine: {'line': b'-- Up-to-date: /home/sigmaros/dev_ws/install/urdf2/share/urdf2/models/room_paln1/model.config\n'}
[0.120589] (urdf2) StdoutLine: {'line': b'-- Up-to-date: /home/sigmaros/dev_ws/install/urdf2/share/urdf2/models/room_paln1/model.sdf\n'}
[0.120663] (urdf2) StdoutLine: {'line': b'-- Up-to-date: /home/sigmaros/dev_ws/install/urdf2/share/ament_index/resource_index/package_run_dependencies/urdf2\n'}
[0.120738] (urdf2) StdoutLine: {'line': b'-- Up-to-date: /home/sigmaros/dev_ws/install/urdf2/share/ament_index/resource_index/parent_prefix_path/urdf2\n'}
[0.120812] (urdf2) StdoutLine: {'line': b'-- Up-to-date: /home/sigmaros/dev_ws/install/urdf2/share/urdf2/environment/ament_prefix_path.sh\n'}
[0.120887] (urdf2) StdoutLine: {'line': b'-- Up-to-date: /home/sigmaros/dev_ws/install/urdf2/share/urdf2/environment/ament_prefix_path.dsv\n'}
[0.120962] (urdf2) StdoutLine: {'line': b'-- Up-to-date: /home/sigmaros/dev_ws/install/urdf2/share/urdf2/environment/path.sh\n'}
[0.121037] (urdf2) StdoutLine: {'line': b'-- Up-to-date: /home/sigmaros/dev_ws/install/urdf2/share/urdf2/environment/path.dsv\n'}
[0.121112] (urdf2) StdoutLine: {'line': b'-- Up-to-date: /home/sigmaros/dev_ws/install/urdf2/share/urdf2/local_setup.bash\n'}
[0.121263] (urdf2) StdoutLine: {'line': b'-- Up-to-date: /home/sigmaros/dev_ws/install/urdf2/share/urdf2/local_setup.sh\n'}
[0.121347] (urdf2) StdoutLine: {'line': b'-- Up-to-date: /home/sigmaros/dev_ws/install/urdf2/share/urdf2/local_setup.zsh\n'}
[0.121628] (urdf2) StdoutLine: {'line': b'-- Up-to-date: /home/sigmaros/dev_ws/install/urdf2/share/urdf2/local_setup.dsv\n'}
[0.121900] (urdf2) StdoutLine: {'line': b'-- Installing: /home/sigmaros/dev_ws/install/urdf2/share/urdf2/package.dsv\n'}
[0.122159] (urdf2) StdoutLine: {'line': b'-- Up-to-date: /home/sigmaros/dev_ws/install/urdf2/share/ament_index/resource_index/packages/urdf2\n'}
[0.122629] (urdf2) StdoutLine: {'line': b'-- Up-to-date: /home/sigmaros/dev_ws/install/urdf2/share/urdf2/cmake/urdf2Config.cmake\n'}
[0.123438] (urdf2) StdoutLine: {'line': b'-- Up-to-date: /home/sigmaros/dev_ws/install/urdf2/share/urdf2/cmake/urdf2Config-version.cmake\n'}
[0.123521] (urdf2) StdoutLine: {'line': b'-- Up-to-date: /home/sigmaros/dev_ws/install/urdf2/share/urdf2/package.xml\n'}
[0.123857] (urdf2) CommandEnded: {'returncode': 0}
[0.171110] (urdf2) JobEnded: {'identifier': 'urdf2', 'rc': 0}
[0.172019] (-) EventReactorShutdown: {}
