[0.026s] Invoking command in '/home/sigmaros/dev_ws/build/cpp_pubsub': CMAKE_PREFIX_PATH=/opt/ros/foxy /usr/bin/cmake --build /home/sigmaros/dev_ws/build/cpp_pubsub -- -j4 -l4
[0.161s] [ 50%] Built target listener
[0.161s] [100%] Built target talker
[0.175s] Invoked command in '/home/sigmaros/dev_ws/build/cpp_pubsub' returned '0': CMAKE_PREFIX_PATH=/opt/ros/foxy /usr/bin/cmake --build /home/sigmaros/dev_ws/build/cpp_pubsub -- -j4 -l4
[0.214s] Invoking command in '/home/sigmaros/dev_ws/build/cpp_pubsub': CMAKE_PREFIX_PATH=/opt/ros/foxy /usr/bin/cmake --install /home/sigmaros/dev_ws/build/cpp_pubsub
[0.225s] -- Install configuration: ""
[0.226s] -- Up-to-date: /home/sigmaros/dev_ws/install/cpp_pubsub/lib/cpp_pubsub/talker
[0.227s] -- Up-to-date: /home/sigmaros/dev_ws/install/cpp_pubsub/lib/cpp_pubsub/listener
[0.227s] -- Up-to-date: /home/sigmaros/dev_ws/install/cpp_pubsub/share/ament_index/resource_index/package_run_dependencies/cpp_pubsub
[0.227s] -- Up-to-date: /home/sigmaros/dev_ws/install/cpp_pubsub/share/ament_index/resource_index/parent_prefix_path/cpp_pubsub
[0.227s] -- Up-to-date: /home/sigmaros/dev_ws/install/cpp_pubsub/share/cpp_pubsub/environment/ament_prefix_path.sh
[0.228s] -- Up-to-date: /home/sigmaros/dev_ws/install/cpp_pubsub/share/cpp_pubsub/environment/ament_prefix_path.dsv
[0.228s] -- Up-to-date: /home/sigmaros/dev_ws/install/cpp_pubsub/share/cpp_pubsub/environment/path.sh
[0.228s] -- Up-to-date: /home/sigmaros/dev_ws/install/cpp_pubsub/share/cpp_pubsub/environment/path.dsv
[0.228s] -- Up-to-date: /home/sigmaros/dev_ws/install/cpp_pubsub/share/cpp_pubsub/local_setup.bash
[0.228s] -- Up-to-date: /home/sigmaros/dev_ws/install/cpp_pubsub/share/cpp_pubsub/local_setup.sh
[0.228s] -- Up-to-date: /home/sigmaros/dev_ws/install/cpp_pubsub/share/cpp_pubsub/local_setup.zsh
[0.228s] -- Up-to-date: /home/sigmaros/dev_ws/install/cpp_pubsub/share/cpp_pubsub/local_setup.dsv
[0.228s] -- Installing: /home/sigmaros/dev_ws/install/cpp_pubsub/share/cpp_pubsub/package.dsv
[0.229s] -- Up-to-date: /home/sigmaros/dev_ws/install/cpp_pubsub/share/ament_index/resource_index/packages/cpp_pubsub
[0.229s] -- Up-to-date: /home/sigmaros/dev_ws/install/cpp_pubsub/share/cpp_pubsub/cmake/cpp_pubsubConfig.cmake
[0.229s] -- Up-to-date: /home/sigmaros/dev_ws/install/cpp_pubsub/share/cpp_pubsub/cmake/cpp_pubsubConfig-version.cmake
[0.229s] -- Up-to-date: /home/sigmaros/dev_ws/install/cpp_pubsub/share/cpp_pubsub/package.xml
[0.231s] Invoked command in '/home/sigmaros/dev_ws/build/cpp_pubsub' returned '0': CMAKE_PREFIX_PATH=/opt/ros/foxy /usr/bin/cmake --install /home/sigmaros/dev_ws/build/cpp_pubsub
