[0.022s] Invoking command in '/home/sigmaros/dev_ws/build/urdf2': CMAKE_PREFIX_PATH=/opt/ros/foxy /usr/bin/cmake --build /home/sigmaros/dev_ws/build/urdf2 -- -j4 -l4
[0.174s] Invoked command in '/home/sigmaros/dev_ws/build/urdf2' returned '0': CMAKE_PREFIX_PATH=/opt/ros/foxy /usr/bin/cmake --build /home/sigmaros/dev_ws/build/urdf2 -- -j4 -l4
[0.229s] Invoking command in '/home/sigmaros/dev_ws/build/urdf2': CMAKE_PREFIX_PATH=/opt/ros/foxy /usr/bin/cmake --install /home/sigmaros/dev_ws/build/urdf2
[0.243s] -- Install configuration: ""
[0.244s] -- Up-to-date: /home/sigmaros/dev_ws/install/urdf2/share/urdf2/urdf
[0.244s] -- Up-to-date: /home/sigmaros/dev_ws/install/urdf2/share/urdf2/urdf/robot_4wd.urdf.xml
[0.244s] -- Up-to-date: /home/sigmaros/dev_ws/install/urdf2/share/urdf2/urdf/bot.urdf.xml
[0.244s] -- Up-to-date: /home/sigmaros/dev_ws/install/urdf2/share/urdf2/launch
[0.244s] -- Up-to-date: /home/sigmaros/dev_ws/install/urdf2/share/urdf2/launch/bringup.launch.py
[0.245s] -- Up-to-date: /home/sigmaros/dev_ws/install/urdf2/share/urdf2/launch/demo.launch.py
[0.245s] -- Up-to-date: /home/sigmaros/dev_ws/install/urdf2/share/urdf2/world
[0.245s] -- Up-to-date: /home/sigmaros/dev_ws/install/urdf2/share/urdf2/world/emptyworld.world
[0.245s] -- Up-to-date: /home/sigmaros/dev_ws/install/urdf2/share/ament_index/resource_index/package_run_dependencies/urdf2
[0.245s] -- Up-to-date: /home/sigmaros/dev_ws/install/urdf2/share/ament_index/resource_index/parent_prefix_path/urdf2
[0.245s] -- Up-to-date: /home/sigmaros/dev_ws/install/urdf2/share/urdf2/environment/ament_prefix_path.sh
[0.245s] -- Up-to-date: /home/sigmaros/dev_ws/install/urdf2/share/urdf2/environment/ament_prefix_path.dsv
[0.245s] -- Up-to-date: /home/sigmaros/dev_ws/install/urdf2/share/urdf2/environment/path.sh
[0.245s] -- Up-to-date: /home/sigmaros/dev_ws/install/urdf2/share/urdf2/environment/path.dsv
[0.245s] -- Up-to-date: /home/sigmaros/dev_ws/install/urdf2/share/urdf2/local_setup.bash
[0.245s] -- Up-to-date: /home/sigmaros/dev_ws/install/urdf2/share/urdf2/local_setup.sh
[0.246s] -- Up-to-date: /home/sigmaros/dev_ws/install/urdf2/share/urdf2/local_setup.zsh
[0.246s] -- Up-to-date: /home/sigmaros/dev_ws/install/urdf2/share/urdf2/local_setup.dsv
[0.246s] -- Installing: /home/sigmaros/dev_ws/install/urdf2/share/urdf2/package.dsv
[0.246s] -- Up-to-date: /home/sigmaros/dev_ws/install/urdf2/share/ament_index/resource_index/packages/urdf2
[0.247s] -- Up-to-date: /home/sigmaros/dev_ws/install/urdf2/share/urdf2/cmake/urdf2Config.cmake
[0.248s] -- Up-to-date: /home/sigmaros/dev_ws/install/urdf2/share/urdf2/cmake/urdf2Config-version.cmake
[0.248s] -- Up-to-date: /home/sigmaros/dev_ws/install/urdf2/share/urdf2/package.xml
[0.248s] Invoked command in '/home/sigmaros/dev_ws/build/urdf2' returned '0': CMAKE_PREFIX_PATH=/opt/ros/foxy /usr/bin/cmake --install /home/sigmaros/dev_ws/build/urdf2
