[0.016s] Invoking command in '/home/sigmaros/dev_ws/build/turtlesim': CMAKE_PREFIX_PATH=/opt/ros/foxy /usr/bin/cmake /home/sigmaros/dev_ws/src/ros_tutorials/turtlesim -DCMAKE_INSTALL_PREFIX=/home/sigmaros/dev_ws/install/turtlesim
[0.079s] -- The C compiler identification is GNU 9.3.0
[0.144s] -- The CXX compiler identification is GNU 9.3.0
[0.149s] -- Check for working C compiler: /usr/bin/cc
[0.229s] -- Check for working C compiler: /usr/bin/cc -- works
[0.230s] -- Detecting C compiler ABI info
[0.308s] -- Detecting C compiler ABI info - done
[0.323s] -- Detecting C compile features
[0.323s] -- Detecting C compile features - done
[0.326s] -- Check for working CXX compiler: /usr/bin/c++
[0.418s] -- Check for working CXX compiler: /usr/bin/c++ -- works
[0.419s] -- Detecting CXX compiler ABI info
[0.511s] -- Detecting CXX compiler ABI info - done
[0.526s] -- Detecting CXX compile features
[0.527s] -- Detecting CXX compile features - done
[0.529s] -- Found ament_cmake: 0.9.8 (/opt/ros/foxy/share/ament_cmake/cmake)
[0.557s] -- Found PythonInterp: /usr/bin/python3 (found suitable version "3.8.5", minimum required is "3") 
[0.557s] -- Using PYTHON_EXECUTABLE: /usr/bin/python3
[0.784s] -- Found ament_index_cpp: 1.0.2 (/opt/ros/foxy/share/ament_index_cpp/cmake)
[0.788s] -- Found geometry_msgs: 2.0.4 (/opt/ros/foxy/share/geometry_msgs/cmake)
[0.822s] -- Using all available rosidl_typesupport_c: rosidl_typesupport_fastrtps_c;rosidl_typesupport_introspection_c
[0.829s] -- Found rosidl_adapter: 1.2.1 (/opt/ros/foxy/share/rosidl_adapter/cmake)
[0.911s] -- Found OpenSSL: /usr/lib/x86_64-linux-gnu/libcrypto.so (found version "1.1.1f")  
[0.945s] -- Found FastRTPS: /opt/ros/foxy/include  
[1.038s] -- Using all available rosidl_typesupport_cpp: rosidl_typesupport_fastrtps_cpp;rosidl_typesupport_introspection_cpp
[1.170s] -- Found rclcpp: 2.3.1 (/opt/ros/foxy/share/rclcpp/cmake)
[1.223s] -- Found rmw_implementation_cmake: 1.0.3 (/opt/ros/foxy/share/rmw_implementation_cmake/cmake)
[1.225s] -- Using RMW implementation 'rmw_fastrtps_cpp' as default
[1.226s] -- Looking for pthread.h
[1.309s] -- Looking for pthread.h - found
[1.309s] -- Performing Test CMAKE_HAVE_LIBC_PTHREAD
[1.394s] -- Performing Test CMAKE_HAVE_LIBC_PTHREAD - Failed
[1.394s] -- Looking for pthread_create in pthreads
[1.460s] -- Looking for pthread_create in pthreads - not found
[1.460s] -- Looking for pthread_create in pthread
[1.540s] -- Looking for pthread_create in pthread - found
[1.542s] -- Found Threads: TRUE  
[1.721s] -- Found rclcpp_action: 2.3.1 (/opt/ros/foxy/share/rclcpp_action/cmake)
[1.820s] -- Found rosidl_default_generators: 1.0.1 (/opt/ros/foxy/share/rosidl_default_generators/cmake)
[1.834s] -- Found std_srvs: 2.0.4 (/opt/ros/foxy/share/std_srvs/cmake)
[1.872s] -- Found PythonInterp: /usr/bin/python3 (found version "3.8.5") 
[2.094s] -- Found ament_cmake_ros: 0.9.1 (/opt/ros/foxy/share/ament_cmake_ros/cmake)
[2.248s] -- Using all available rosidl_typesupport_c: rosidl_typesupport_fastrtps_c;rosidl_typesupport_introspection_c
[2.279s] -- Using all available rosidl_typesupport_cpp: rosidl_typesupport_fastrtps_cpp;rosidl_typesupport_introspection_cpp
[2.309s] -- Found PythonInterp: /usr/bin/python3 (found suitable version "3.8.5", minimum required is "3.5") 
[2.310s] -- Found python_cmake_module: 0.8.1 (/opt/ros/foxy/share/python_cmake_module/cmake)
[2.343s] -- Found PythonLibs: /usr/lib/x86_64-linux-gnu/libpython3.8.so (found suitable version "3.8.5", minimum required is "3.5") 
[2.344s] -- Using PYTHON_EXECUTABLE: /usr/bin/python3
[2.344s] -- Using PYTHON_INCLUDE_DIRS: /usr/include/python3.8
[2.344s] -- Using PYTHON_LIBRARIES: /usr/lib/x86_64-linux-gnu/libpython3.8.so
[2.369s] -- Found PythonExtra: .so  
[2.449s] -- Configuring done
[2.569s] -- Generating done
[2.573s] -- Build files have been written to: /home/sigmaros/dev_ws/build/turtlesim
[2.585s] Invoked command in '/home/sigmaros/dev_ws/build/turtlesim' returned '0': CMAKE_PREFIX_PATH=/opt/ros/foxy /usr/bin/cmake /home/sigmaros/dev_ws/src/ros_tutorials/turtlesim -DCMAKE_INSTALL_PREFIX=/home/sigmaros/dev_ws/install/turtlesim
[2.588s] Invoking command in '/home/sigmaros/dev_ws/build/turtlesim': CMAKE_PREFIX_PATH=/opt/ros/foxy /usr/bin/cmake --build /home/sigmaros/dev_ws/build/turtlesim -- -j4 -l4
[2.639s] [  1%] [34m[1mGenerating C code for ROS interfaces[0m
[2.640s] [35m[1mScanning dependencies of target turtlesim__cpp[0m
[2.653s] [  2%] [34m[1mGenerating C++ code for ROS interfaces[0m
[3.716s] [  2%] Built target turtlesim__cpp
[3.728s] [  3%] [34m[1mGenerating C++ type support dispatch for ROS interfaces[0m
[3.742s] [  4%] [34m[1mGenerating C++ introspection for ROS interfaces[0m
[3.753s] [35m[1mScanning dependencies of target turtlesim__rosidl_generator_c[0m
[3.755s] [  5%] [34m[1mGenerating C++ type support for eProsima Fast-RTPS[0m
[3.773s] [  6%] [32mBuilding C object CMakeFiles/turtlesim__rosidl_generator_c.dir/rosidl_generator_c/turtlesim/action/detail/rotate_absolute__functions.c.o[0m
[3.881s] [  7%] [32mBuilding C object CMakeFiles/turtlesim__rosidl_generator_c.dir/rosidl_generator_c/turtlesim/msg/detail/color__functions.c.o[0m
[3.927s] [  8%] [32mBuilding C object CMakeFiles/turtlesim__rosidl_generator_c.dir/rosidl_generator_c/turtlesim/msg/detail/pose__functions.c.o[0m
[3.974s] [  9%] [32mBuilding C object CMakeFiles/turtlesim__rosidl_generator_c.dir/rosidl_generator_c/turtlesim/srv/detail/kill__functions.c.o[0m
[4.028s] [ 10%] [32mBuilding C object CMakeFiles/turtlesim__rosidl_generator_c.dir/rosidl_generator_c/turtlesim/srv/detail/set_pen__functions.c.o[0m
[4.081s] [ 11%] [32mBuilding C object CMakeFiles/turtlesim__rosidl_generator_c.dir/rosidl_generator_c/turtlesim/srv/detail/spawn__functions.c.o[0m
[4.135s] [ 12%] [32mBuilding C object CMakeFiles/turtlesim__rosidl_generator_c.dir/rosidl_generator_c/turtlesim/srv/detail/teleport_absolute__functions.c.o[0m
[4.188s] [ 13%] [32mBuilding C object CMakeFiles/turtlesim__rosidl_generator_c.dir/rosidl_generator_c/turtlesim/srv/detail/teleport_relative__functions.c.o[0m
[4.241s] [ 14%] [32m[1mLinking C shared library libturtlesim__rosidl_generator_c.so[0m
[4.288s] [ 14%] Built target turtlesim__rosidl_generator_c
[4.300s] [ 15%] [34m[1mGenerating C type support dispatch for ROS interfaces[0m
[4.397s] [35m[1mScanning dependencies of target turtlesim__rosidl_typesupport_cpp[0m
[4.419s] [ 16%] [32mBuilding CXX object CMakeFiles/turtlesim__rosidl_typesupport_cpp.dir/rosidl_typesupport_cpp/turtlesim/action/rotate_absolute__type_support.cpp.o[0m
[4.633s] [35m[1mScanning dependencies of target turtlesim__rosidl_typesupport_introspection_cpp[0m
[4.662s] [ 17%] [32mBuilding CXX object CMakeFiles/turtlesim__rosidl_typesupport_introspection_cpp.dir/rosidl_typesupport_introspection_cpp/turtlesim/action/detail/rotate_absolute__type_support.cpp.o[0m
[4.849s] [35m[1mScanning dependencies of target turtlesim__rosidl_typesupport_fastrtps_cpp[0m
[4.865s] [ 18%] [32mBuilding CXX object CMakeFiles/turtlesim__rosidl_typesupport_cpp.dir/rosidl_typesupport_cpp/turtlesim/msg/color__type_support.cpp.o[0m
[4.924s] [ 19%] [32mBuilding CXX object CMakeFiles/turtlesim__rosidl_typesupport_fastrtps_cpp.dir/rosidl_typesupport_fastrtps_cpp/turtlesim/action/detail/dds_fastrtps/rotate_absolute__type_support.cpp.o[0m
[5.022s] [35m[1mScanning dependencies of target turtlesim__rosidl_typesupport_c[0m
[5.050s] [ 20%] [32mBuilding CXX object CMakeFiles/turtlesim__rosidl_typesupport_c.dir/rosidl_typesupport_c/turtlesim/action/rotate_absolute__type_support.cpp.o[0m
[5.126s] [ 21%] [32mBuilding CXX object CMakeFiles/turtlesim__rosidl_typesupport_c.dir/rosidl_typesupport_c/turtlesim/msg/color__type_support.cpp.o[0m
[5.161s] [ 22%] [32mBuilding CXX object CMakeFiles/turtlesim__rosidl_typesupport_introspection_cpp.dir/rosidl_typesupport_introspection_cpp/turtlesim/msg/detail/color__type_support.cpp.o[0m
[5.175s] [ 23%] [32mBuilding CXX object CMakeFiles/turtlesim__rosidl_typesupport_c.dir/rosidl_typesupport_c/turtlesim/msg/pose__type_support.cpp.o[0m
[5.220s] [ 24%] [32mBuilding CXX object CMakeFiles/turtlesim__rosidl_typesupport_c.dir/rosidl_typesupport_c/turtlesim/srv/kill__type_support.cpp.o[0m
[5.271s] [ 25%] [32mBuilding CXX object CMakeFiles/turtlesim__rosidl_typesupport_c.dir/rosidl_typesupport_c/turtlesim/srv/set_pen__type_support.cpp.o[0m
[5.273s] [ 26%] [32mBuilding CXX object CMakeFiles/turtlesim__rosidl_typesupport_cpp.dir/rosidl_typesupport_cpp/turtlesim/msg/pose__type_support.cpp.o[0m
[5.315s] [ 27%] [32mBuilding CXX object CMakeFiles/turtlesim__rosidl_typesupport_c.dir/rosidl_typesupport_c/turtlesim/srv/spawn__type_support.cpp.o[0m
[5.357s] [ 28%] [32mBuilding CXX object CMakeFiles/turtlesim__rosidl_typesupport_c.dir/rosidl_typesupport_c/turtlesim/srv/teleport_absolute__type_support.cpp.o[0m
[5.398s] [ 29%] [32mBuilding CXX object CMakeFiles/turtlesim__rosidl_typesupport_c.dir/rosidl_typesupport_c/turtlesim/srv/teleport_relative__type_support.cpp.o[0m
[5.438s] [ 30%] [32m[1mLinking CXX shared library libturtlesim__rosidl_typesupport_c.so[0m
[5.494s] [ 30%] Built target turtlesim__rosidl_typesupport_c
[5.507s] [ 31%] [34m[1mGenerating C introspection for ROS interfaces[0m
[5.561s] [ 32%] [32mBuilding CXX object CMakeFiles/turtlesim__rosidl_typesupport_introspection_cpp.dir/rosidl_typesupport_introspection_cpp/turtlesim/msg/detail/pose__type_support.cpp.o[0m
[5.591s] [ 33%] [32mBuilding CXX object CMakeFiles/turtlesim__rosidl_typesupport_fastrtps_cpp.dir/rosidl_typesupport_fastrtps_cpp/turtlesim/msg/detail/dds_fastrtps/color__type_support.cpp.o[0m
[5.691s] [ 34%] [32mBuilding CXX object CMakeFiles/turtlesim__rosidl_typesupport_cpp.dir/rosidl_typesupport_cpp/turtlesim/srv/kill__type_support.cpp.o[0m
[6.019s] [ 35%] [32mBuilding CXX object CMakeFiles/turtlesim__rosidl_typesupport_introspection_cpp.dir/rosidl_typesupport_introspection_cpp/turtlesim/srv/detail/kill__type_support.cpp.o[0m
[6.132s] [ 36%] [32mBuilding CXX object CMakeFiles/turtlesim__rosidl_typesupport_cpp.dir/rosidl_typesupport_cpp/turtlesim/srv/set_pen__type_support.cpp.o[0m
[6.196s] [ 37%] [32mBuilding CXX object CMakeFiles/turtlesim__rosidl_typesupport_fastrtps_cpp.dir/rosidl_typesupport_fastrtps_cpp/turtlesim/msg/detail/dds_fastrtps/pose__type_support.cpp.o[0m
[6.413s] [ 38%] [32mBuilding CXX object CMakeFiles/turtlesim__rosidl_typesupport_introspection_cpp.dir/rosidl_typesupport_introspection_cpp/turtlesim/srv/detail/set_pen__type_support.cpp.o[0m
[6.538s] [ 39%] [32mBuilding CXX object CMakeFiles/turtlesim__rosidl_typesupport_cpp.dir/rosidl_typesupport_cpp/turtlesim/srv/spawn__type_support.cpp.o[0m
[6.675s] [35m[1mScanning dependencies of target turtlesim__rosidl_typesupport_introspection_c[0m
[6.705s] [ 40%] [32mBuilding C object CMakeFiles/turtlesim__rosidl_typesupport_introspection_c.dir/rosidl_typesupport_introspection_c/turtlesim/action/detail/rotate_absolute__type_support.c.o[0m
[6.792s] [ 41%] [32mBuilding C object CMakeFiles/turtlesim__rosidl_typesupport_introspection_c.dir/rosidl_typesupport_introspection_c/turtlesim/msg/detail/color__type_support.c.o[0m
[6.830s] [ 42%] [32mBuilding CXX object CMakeFiles/turtlesim__rosidl_typesupport_introspection_cpp.dir/rosidl_typesupport_introspection_cpp/turtlesim/srv/detail/spawn__type_support.cpp.o[0m
[6.864s] [ 43%] [32mBuilding C object CMakeFiles/turtlesim__rosidl_typesupport_introspection_c.dir/rosidl_typesupport_introspection_c/turtlesim/msg/detail/pose__type_support.c.o[0m
[6.876s] [ 44%] [32mBuilding CXX object CMakeFiles/turtlesim__rosidl_typesupport_fastrtps_cpp.dir/rosidl_typesupport_fastrtps_cpp/turtlesim/srv/detail/dds_fastrtps/kill__type_support.cpp.o[0m
[6.942s] [ 45%] [32mBuilding CXX object CMakeFiles/turtlesim__rosidl_typesupport_cpp.dir/rosidl_typesupport_cpp/turtlesim/srv/teleport_absolute__type_support.cpp.o[0m
[6.943s] [ 46%] [32mBuilding C object CMakeFiles/turtlesim__rosidl_typesupport_introspection_c.dir/rosidl_typesupport_introspection_c/turtlesim/srv/detail/kill__type_support.c.o[0m
[7.019s] [ 47%] [32mBuilding C object CMakeFiles/turtlesim__rosidl_typesupport_introspection_c.dir/rosidl_typesupport_introspection_c/turtlesim/srv/detail/set_pen__type_support.c.o[0m
[7.068s] [ 48%] [32mBuilding C object CMakeFiles/turtlesim__rosidl_typesupport_introspection_c.dir/rosidl_typesupport_introspection_c/turtlesim/srv/detail/spawn__type_support.c.o[0m
[7.112s] [ 49%] [32mBuilding C object CMakeFiles/turtlesim__rosidl_typesupport_introspection_c.dir/rosidl_typesupport_introspection_c/turtlesim/srv/detail/teleport_absolute__type_support.c.o[0m
[7.160s] [ 50%] [32mBuilding C object CMakeFiles/turtlesim__rosidl_typesupport_introspection_c.dir/rosidl_typesupport_introspection_c/turtlesim/srv/detail/teleport_relative__type_support.c.o[0m
[7.204s] [ 51%] [32m[1mLinking C shared library libturtlesim__rosidl_typesupport_introspection_c.so[0m
[7.231s] [ 52%] [32mBuilding CXX object CMakeFiles/turtlesim__rosidl_typesupport_introspection_cpp.dir/rosidl_typesupport_introspection_cpp/turtlesim/srv/detail/teleport_absolute__type_support.cpp.o[0m
[7.248s] [ 52%] Built target turtlesim__rosidl_typesupport_introspection_c
[7.260s] [ 53%] [32mBuilding CXX object CMakeFiles/turtlesim__rosidl_typesupport_introspection_cpp.dir/rosidl_typesupport_introspection_cpp/turtlesim/srv/detail/teleport_relative__type_support.cpp.o[0m
[7.312s] [ 54%] [32mBuilding CXX object CMakeFiles/turtlesim__rosidl_typesupport_cpp.dir/rosidl_typesupport_cpp/turtlesim/srv/teleport_relative__type_support.cpp.o[0m
[7.463s] [ 55%] [32mBuilding CXX object CMakeFiles/turtlesim__rosidl_typesupport_fastrtps_cpp.dir/rosidl_typesupport_fastrtps_cpp/turtlesim/srv/detail/dds_fastrtps/set_pen__type_support.cpp.o[0m
[7.646s] [ 56%] [32mBuilding CXX object CMakeFiles/turtlesim__rosidl_typesupport_fastrtps_cpp.dir/rosidl_typesupport_fastrtps_cpp/turtlesim/srv/detail/dds_fastrtps/spawn__type_support.cpp.o[0m
[7.660s] [ 57%] [32m[1mLinking CXX shared library libturtlesim__rosidl_typesupport_introspection_cpp.so[0m
[7.697s] [ 58%] [32m[1mLinking CXX shared library libturtlesim__rosidl_typesupport_cpp.so[0m
[7.758s] [ 58%] Built target turtlesim__rosidl_typesupport_cpp
[7.770s] [ 59%] [32mBuilding CXX object CMakeFiles/turtlesim__rosidl_typesupport_fastrtps_cpp.dir/rosidl_typesupport_fastrtps_cpp/turtlesim/srv/detail/dds_fastrtps/teleport_absolute__type_support.cpp.o[0m
[7.770s] [ 59%] Built target turtlesim__rosidl_typesupport_introspection_cpp
[7.785s] [ 60%] [32mBuilding CXX object CMakeFiles/turtlesim__rosidl_typesupport_fastrtps_cpp.dir/rosidl_typesupport_fastrtps_cpp/turtlesim/srv/detail/dds_fastrtps/teleport_relative__type_support.cpp.o[0m
[8.310s] [ 61%] [32m[1mLinking CXX shared library libturtlesim__rosidl_typesupport_fastrtps_cpp.so[0m
[8.419s] [ 61%] Built target turtlesim__rosidl_typesupport_fastrtps_cpp
[8.432s] [ 62%] [34m[1mGenerating C type support for eProsima Fast-RTPS[0m
[9.314s] [35m[1mScanning dependencies of target turtlesim__rosidl_typesupport_fastrtps_c[0m
[9.353s] [ 64%] [32mBuilding CXX object CMakeFiles/turtlesim__rosidl_typesupport_fastrtps_c.dir/rosidl_typesupport_fastrtps_c/turtlesim/msg/detail/color__type_support_c.cpp.o[0m
[9.353s] [ 64%] [32mBuilding CXX object CMakeFiles/turtlesim__rosidl_typesupport_fastrtps_c.dir/rosidl_typesupport_fastrtps_c/turtlesim/action/detail/rotate_absolute__type_support_c.cpp.o[0m
[9.353s] [ 65%] [32mBuilding CXX object CMakeFiles/turtlesim__rosidl_typesupport_fastrtps_c.dir/rosidl_typesupport_fastrtps_c/turtlesim/srv/detail/kill__type_support_c.cpp.o[0m
[9.353s] [ 66%] [32mBuilding CXX object CMakeFiles/turtlesim__rosidl_typesupport_fastrtps_c.dir/rosidl_typesupport_fastrtps_c/turtlesim/msg/detail/pose__type_support_c.cpp.o[0m
[9.799s] [ 67%] [32mBuilding CXX object CMakeFiles/turtlesim__rosidl_typesupport_fastrtps_c.dir/rosidl_typesupport_fastrtps_c/turtlesim/srv/detail/set_pen__type_support_c.cpp.o[0m
[9.808s] [ 68%] [32mBuilding CXX object CMakeFiles/turtlesim__rosidl_typesupport_fastrtps_c.dir/rosidl_typesupport_fastrtps_c/turtlesim/srv/detail/spawn__type_support_c.cpp.o[0m
[9.814s] [ 69%] [32mBuilding CXX object CMakeFiles/turtlesim__rosidl_typesupport_fastrtps_c.dir/rosidl_typesupport_fastrtps_c/turtlesim/srv/detail/teleport_absolute__type_support_c.cpp.o[0m
[9.863s] [ 70%] [32mBuilding CXX object CMakeFiles/turtlesim__rosidl_typesupport_fastrtps_c.dir/rosidl_typesupport_fastrtps_c/turtlesim/srv/detail/teleport_relative__type_support_c.cpp.o[0m
[10.328s] [ 71%] [32m[1mLinking CXX shared library libturtlesim__rosidl_typesupport_fastrtps_c.so[0m
[10.439s] [ 71%] Built target turtlesim__rosidl_typesupport_fastrtps_c
[10.450s] [35m[1mScanning dependencies of target turtlesim[0m
[10.463s] [ 71%] Built target turtlesim
[10.475s] [35m[1mScanning dependencies of target mimic[0m
[10.475s] [35m[1mScanning dependencies of target turtlesim__py[0m
[10.475s] [35m[1mScanning dependencies of target draw_square[0m
[10.475s] [35m[1mScanning dependencies of target turtle_teleop_key[0m
[10.511s] [ 72%] [34m[1mGenerating Python code for ROS interfaces[0m
[10.529s] [ 73%] [32mBuilding CXX object CMakeFiles/mimic.dir/tutorials/mimic.cpp.o[0m
[10.530s] [ 74%] [32mBuilding CXX object CMakeFiles/draw_square.dir/tutorials/draw_square.cpp.o[0m
[10.537s] [ 75%] [32mBuilding CXX object CMakeFiles/turtle_teleop_key.dir/tutorials/teleop_turtle_key.cpp.o[0m
[12.923s] [ 75%] Built target turtlesim__py
[12.936s] [ 76%] [34m[1mGenerating include/turtlesim/moc_turtle_frame.cpp[0m
[13.041s] [35m[1mScanning dependencies of target turtlesim_node[0m
[13.153s] [ 77%] [32mBuilding CXX object CMakeFiles/turtlesim_node.dir/src/turtlesim.cpp.o[0m
[16.029s] [ 78%] [32m[1mLinking CXX executable turtle_teleop_key[0m
[16.383s] [ 78%] Built target turtle_teleop_key
[16.397s] [35m[1mScanning dependencies of target turtlesim__python[0m
[16.464s] [ 79%] [32mBuilding C object CMakeFiles/turtlesim__python.dir/rosidl_generator_py/turtlesim/action/_rotate_absolute_s.c.o[0m
[16.636s] [ 80%] [32mBuilding C object CMakeFiles/turtlesim__python.dir/rosidl_generator_py/turtlesim/msg/_color_s.c.o[0m
[16.723s] [ 81%] [32mBuilding CXX object CMakeFiles/turtlesim_node.dir/src/turtle.cpp.o[0m
[16.751s] [ 82%] [32mBuilding C object CMakeFiles/turtlesim__python.dir/rosidl_generator_py/turtlesim/msg/_pose_s.c.o[0m
[16.862s] [ 83%] [32mBuilding C object CMakeFiles/turtlesim__python.dir/rosidl_generator_py/turtlesim/srv/_kill_s.c.o[0m
[16.982s] [ 84%] [32mBuilding C object CMakeFiles/turtlesim__python.dir/rosidl_generator_py/turtlesim/srv/_set_pen_s.c.o[0m
[17.031s] [ 85%] [32m[1mLinking CXX executable mimic[0m
[17.108s] [ 86%] [32mBuilding C object CMakeFiles/turtlesim__python.dir/rosidl_generator_py/turtlesim/srv/_spawn_s.c.o[0m
[17.251s] [ 87%] [32mBuilding C object CMakeFiles/turtlesim__python.dir/rosidl_generator_py/turtlesim/srv/_teleport_absolute_s.c.o[0m
[17.382s] [ 88%] [32mBuilding C object CMakeFiles/turtlesim__python.dir/rosidl_generator_py/turtlesim/srv/_teleport_relative_s.c.o[0m
[17.445s] [ 88%] Built target mimic
[17.457s] [ 89%] [32mBuilding CXX object CMakeFiles/turtlesim_node.dir/src/turtle_frame.cpp.o[0m
[17.504s] [ 90%] [32m[1mLinking C shared library rosidl_generator_py/turtlesim/libturtlesim__python.so[0m
[17.564s] [ 90%] Built target turtlesim__python
[17.577s] [35m[1mScanning dependencies of target turtlesim__rosidl_typesupport_introspection_c__pyext[0m
[17.607s] [ 91%] [32mBuilding C object CMakeFiles/turtlesim__rosidl_typesupport_introspection_c__pyext.dir/rosidl_generator_py/turtlesim/_turtlesim_s.ep.rosidl_typesupport_introspection_c.c.o[0m
[17.791s] [ 92%] [32m[1mLinking C shared library rosidl_generator_py/turtlesim/turtlesim_s__rosidl_typesupport_introspection_c.cpython-38-x86_64-linux-gnu.so[0m
[17.842s] [ 92%] Built target turtlesim__rosidl_typesupport_introspection_c__pyext
[17.855s] [35m[1mScanning dependencies of target turtlesim__rosidl_typesupport_fastrtps_c__pyext[0m
[17.888s] [ 93%] [32mBuilding C object CMakeFiles/turtlesim__rosidl_typesupport_fastrtps_c__pyext.dir/rosidl_generator_py/turtlesim/_turtlesim_s.ep.rosidl_typesupport_fastrtps_c.c.o[0m
[18.080s] [ 94%] [32m[1mLinking CXX shared library rosidl_generator_py/turtlesim/turtlesim_s__rosidl_typesupport_fastrtps_c.cpython-38-x86_64-linux-gnu.so[0m
[18.150s] [ 95%] [32m[1mLinking CXX executable draw_square[0m
[18.178s] [ 95%] Built target turtlesim__rosidl_typesupport_fastrtps_c__pyext
[18.191s] [35m[1mScanning dependencies of target turtlesim__rosidl_typesupport_c__pyext[0m
[18.222s] [ 96%] [32mBuilding C object CMakeFiles/turtlesim__rosidl_typesupport_c__pyext.dir/rosidl_generator_py/turtlesim/_turtlesim_s.ep.rosidl_typesupport_c.c.o[0m
[18.424s] [ 97%] [32m[1mLinking C shared library rosidl_generator_py/turtlesim/turtlesim_s__rosidl_typesupport_c.cpython-38-x86_64-linux-gnu.so[0m
[18.476s] [ 97%] Built target turtlesim__rosidl_typesupport_c__pyext
[18.494s] [ 98%] [32mBuilding CXX object CMakeFiles/turtlesim_node.dir/include/turtlesim/moc_turtle_frame.cpp.o[0m
[18.582s] [ 98%] Built target draw_square
[26.527s] [100%] [32m[1mLinking CXX executable turtlesim_node[0m
[28.492s] [100%] Built target turtlesim_node
[28.506s] Invoked command in '/home/sigmaros/dev_ws/build/turtlesim' returned '0': CMAKE_PREFIX_PATH=/opt/ros/foxy /usr/bin/cmake --build /home/sigmaros/dev_ws/build/turtlesim -- -j4 -l4
[28.683s] Invoking command in '/home/sigmaros/dev_ws/build/turtlesim': CMAKE_PREFIX_PATH=/opt/ros/foxy /usr/bin/cmake --install /home/sigmaros/dev_ws/build/turtlesim
[28.693s] -- Install configuration: ""
[28.693s] -- Installing: /home/sigmaros/dev_ws/install/turtlesim/share/ament_index/resource_index/rosidl_interfaces/turtlesim
[28.693s] -- Installing: /home/sigmaros/dev_ws/install/turtlesim/include/turtlesim
[28.694s] -- Installing: /home/sigmaros/dev_ws/install/turtlesim/include/turtlesim/msg
[28.694s] -- Installing: /home/sigmaros/dev_ws/install/turtlesim/include/turtlesim/msg/detail
[28.694s] -- Installing: /home/sigmaros/dev_ws/install/turtlesim/include/turtlesim/msg/detail/pose__functions.h
[28.694s] -- Installing: /home/sigmaros/dev_ws/install/turtlesim/include/turtlesim/msg/detail/pose__type_support.h
[28.694s] -- Installing: /home/sigmaros/dev_ws/install/turtlesim/include/turtlesim/msg/detail/color__struct.h
[28.694s] -- Installing: /home/sigmaros/dev_ws/install/turtlesim/include/turtlesim/msg/detail/pose__struct.h
[28.694s] -- Installing: /home/sigmaros/dev_ws/install/turtlesim/include/turtlesim/msg/detail/color__functions.h
[28.694s] -- Installing: /home/sigmaros/dev_ws/install/turtlesim/include/turtlesim/msg/detail/color__type_support.h
[28.694s] -- Installing: /home/sigmaros/dev_ws/install/turtlesim/include/turtlesim/msg/detail/color__functions.c
[28.695s] -- Installing: /home/sigmaros/dev_ws/install/turtlesim/include/turtlesim/msg/detail/pose__functions.c
[28.695s] -- Installing: /home/sigmaros/dev_ws/install/turtlesim/include/turtlesim/msg/rosidl_generator_c__visibility_control.h
[28.695s] -- Installing: /home/sigmaros/dev_ws/install/turtlesim/include/turtlesim/msg/color.h
[28.695s] -- Installing: /home/sigmaros/dev_ws/install/turtlesim/include/turtlesim/msg/pose.h
[28.695s] -- Installing: /home/sigmaros/dev_ws/install/turtlesim/include/turtlesim/srv
[28.695s] -- Installing: /home/sigmaros/dev_ws/install/turtlesim/include/turtlesim/srv/teleport_absolute.h
[28.695s] -- Installing: /home/sigmaros/dev_ws/install/turtlesim/include/turtlesim/srv/detail
[28.695s] -- Installing: /home/sigmaros/dev_ws/install/turtlesim/include/turtlesim/srv/detail/spawn__struct.h
[28.695s] -- Installing: /home/sigmaros/dev_ws/install/turtlesim/include/turtlesim/srv/detail/spawn__functions.h
[28.695s] -- Installing: /home/sigmaros/dev_ws/install/turtlesim/include/turtlesim/srv/detail/teleport_relative__struct.h
[28.696s] -- Installing: /home/sigmaros/dev_ws/install/turtlesim/include/turtlesim/srv/detail/kill__type_support.h
[28.696s] -- Installing: /home/sigmaros/dev_ws/install/turtlesim/include/turtlesim/srv/detail/teleport_absolute__type_support.h
[28.696s] -- Installing: /home/sigmaros/dev_ws/install/turtlesim/include/turtlesim/srv/detail/teleport_absolute__functions.h
[28.696s] -- Installing: /home/sigmaros/dev_ws/install/turtlesim/include/turtlesim/srv/detail/spawn__functions.c
[28.696s] -- Installing: /home/sigmaros/dev_ws/install/turtlesim/include/turtlesim/srv/detail/teleport_relative__functions.c
[28.696s] -- Installing: /home/sigmaros/dev_ws/install/turtlesim/include/turtlesim/srv/detail/teleport_absolute__struct.h
[28.696s] -- Installing: /home/sigmaros/dev_ws/install/turtlesim/include/turtlesim/srv/detail/teleport_relative__type_support.h
[28.696s] -- Installing: /home/sigmaros/dev_ws/install/turtlesim/include/turtlesim/srv/detail/spawn__type_support.h
[28.696s] -- Installing: /home/sigmaros/dev_ws/install/turtlesim/include/turtlesim/srv/detail/kill__functions.h
[28.696s] -- Installing: /home/sigmaros/dev_ws/install/turtlesim/include/turtlesim/srv/detail/kill__functions.c
[28.697s] -- Installing: /home/sigmaros/dev_ws/install/turtlesim/include/turtlesim/srv/detail/set_pen__struct.h
[28.697s] -- Installing: /home/sigmaros/dev_ws/install/turtlesim/include/turtlesim/srv/detail/set_pen__functions.c
[28.697s] -- Installing: /home/sigmaros/dev_ws/install/turtlesim/include/turtlesim/srv/detail/teleport_relative__functions.h
[28.697s] -- Installing: /home/sigmaros/dev_ws/install/turtlesim/include/turtlesim/srv/detail/kill__struct.h
[28.697s] -- Installing: /home/sigmaros/dev_ws/install/turtlesim/include/turtlesim/srv/detail/set_pen__functions.h
[28.697s] -- Installing: /home/sigmaros/dev_ws/install/turtlesim/include/turtlesim/srv/detail/teleport_absolute__functions.c
[28.697s] -- Installing: /home/sigmaros/dev_ws/install/turtlesim/include/turtlesim/srv/detail/set_pen__type_support.h
[28.697s] -- Installing: /home/sigmaros/dev_ws/install/turtlesim/include/turtlesim/srv/spawn.h
[28.697s] -- Installing: /home/sigmaros/dev_ws/install/turtlesim/include/turtlesim/srv/set_pen.h
[28.697s] -- Installing: /home/sigmaros/dev_ws/install/turtlesim/include/turtlesim/srv/kill.h
[28.697s] -- Installing: /home/sigmaros/dev_ws/install/turtlesim/include/turtlesim/srv/teleport_relative.h
[28.698s] -- Installing: /home/sigmaros/dev_ws/install/turtlesim/include/turtlesim/action
[28.698s] -- Installing: /home/sigmaros/dev_ws/install/turtlesim/include/turtlesim/action/detail
[28.698s] -- Installing: /home/sigmaros/dev_ws/install/turtlesim/include/turtlesim/action/detail/rotate_absolute__struct.h
[28.698s] -- Installing: /home/sigmaros/dev_ws/install/turtlesim/include/turtlesim/action/detail/rotate_absolute__type_support.h
[28.698s] -- Installing: /home/sigmaros/dev_ws/install/turtlesim/include/turtlesim/action/detail/rotate_absolute__functions.h
[28.698s] -- Installing: /home/sigmaros/dev_ws/install/turtlesim/include/turtlesim/action/detail/rotate_absolute__functions.c
[28.698s] -- Installing: /home/sigmaros/dev_ws/install/turtlesim/include/turtlesim/action/rotate_absolute.h
[28.698s] -- Installing: /home/sigmaros/dev_ws/install/turtlesim/share/turtlesim/environment/library_path.sh
[28.698s] -- Installing: /home/sigmaros/dev_ws/install/turtlesim/share/turtlesim/environment/library_path.dsv
[28.698s] -- Installing: /home/sigmaros/dev_ws/install/turtlesim/lib/libturtlesim__rosidl_generator_c.so
[28.699s] -- Set runtime path of "/home/sigmaros/dev_ws/install/turtlesim/lib/libturtlesim__rosidl_generator_c.so" to ""
[28.699s] -- Up-to-date: /home/sigmaros/dev_ws/install/turtlesim/include/turtlesim
[28.699s] -- Up-to-date: /home/sigmaros/dev_ws/install/turtlesim/include/turtlesim/msg
[28.699s] -- Up-to-date: /home/sigmaros/dev_ws/install/turtlesim/include/turtlesim/msg/detail
[28.699s] -- Installing: /home/sigmaros/dev_ws/install/turtlesim/include/turtlesim/msg/detail/pose__rosidl_typesupport_fastrtps_c.h
[28.699s] -- Installing: /home/sigmaros/dev_ws/install/turtlesim/include/turtlesim/msg/detail/color__rosidl_typesupport_fastrtps_c.h
[28.699s] -- Installing: /home/sigmaros/dev_ws/install/turtlesim/include/turtlesim/msg/rosidl_typesupport_fastrtps_c__visibility_control.h
[28.699s] -- Up-to-date: /home/sigmaros/dev_ws/install/turtlesim/include/turtlesim/srv
[28.700s] -- Up-to-date: /home/sigmaros/dev_ws/install/turtlesim/include/turtlesim/srv/detail
[28.700s] -- Installing: /home/sigmaros/dev_ws/install/turtlesim/include/turtlesim/srv/detail/teleport_relative__rosidl_typesupport_fastrtps_c.h
[28.700s] -- Installing: /home/sigmaros/dev_ws/install/turtlesim/include/turtlesim/srv/detail/kill__rosidl_typesupport_fastrtps_c.h
[28.700s] -- Installing: /home/sigmaros/dev_ws/install/turtlesim/include/turtlesim/srv/detail/spawn__rosidl_typesupport_fastrtps_c.h
[28.700s] -- Installing: /home/sigmaros/dev_ws/install/turtlesim/include/turtlesim/srv/detail/set_pen__rosidl_typesupport_fastrtps_c.h
[28.700s] -- Installing: /home/sigmaros/dev_ws/install/turtlesim/include/turtlesim/srv/detail/teleport_absolute__rosidl_typesupport_fastrtps_c.h
[28.700s] -- Up-to-date: /home/sigmaros/dev_ws/install/turtlesim/include/turtlesim/action
[28.700s] -- Up-to-date: /home/sigmaros/dev_ws/install/turtlesim/include/turtlesim/action/detail
[28.700s] -- Installing: /home/sigmaros/dev_ws/install/turtlesim/include/turtlesim/action/detail/rotate_absolute__rosidl_typesupport_fastrtps_c.h
[28.700s] -- Installing: /home/sigmaros/dev_ws/install/turtlesim/lib/libturtlesim__rosidl_typesupport_fastrtps_c.so
[28.701s] -- Set runtime path of "/home/sigmaros/dev_ws/install/turtlesim/lib/libturtlesim__rosidl_typesupport_fastrtps_c.so" to ""
[28.701s] -- Up-to-date: /home/sigmaros/dev_ws/install/turtlesim/include/turtlesim
[28.701s] -- Up-to-date: /home/sigmaros/dev_ws/install/turtlesim/include/turtlesim/msg
[28.701s] -- Up-to-date: /home/sigmaros/dev_ws/install/turtlesim/include/turtlesim/msg/detail
[28.701s] -- Installing: /home/sigmaros/dev_ws/install/turtlesim/include/turtlesim/msg/detail/pose__rosidl_typesupport_fastrtps_cpp.hpp
[28.701s] -- Installing: /home/sigmaros/dev_ws/install/turtlesim/include/turtlesim/msg/detail/dds_fastrtps
[28.701s] -- Installing: /home/sigmaros/dev_ws/install/turtlesim/include/turtlesim/msg/detail/color__rosidl_typesupport_fastrtps_cpp.hpp
[28.701s] -- Installing: /home/sigmaros/dev_ws/install/turtlesim/include/turtlesim/msg/rosidl_typesupport_fastrtps_cpp__visibility_control.h
[28.702s] -- Up-to-date: /home/sigmaros/dev_ws/install/turtlesim/include/turtlesim/srv
[28.702s] -- Up-to-date: /home/sigmaros/dev_ws/install/turtlesim/include/turtlesim/srv/detail
[28.702s] -- Installing: /home/sigmaros/dev_ws/install/turtlesim/include/turtlesim/srv/detail/set_pen__rosidl_typesupport_fastrtps_cpp.hpp
[28.702s] -- Installing: /home/sigmaros/dev_ws/install/turtlesim/include/turtlesim/srv/detail/teleport_absolute__rosidl_typesupport_fastrtps_cpp.hpp
[28.702s] -- Installing: /home/sigmaros/dev_ws/install/turtlesim/include/turtlesim/srv/detail/teleport_relative__rosidl_typesupport_fastrtps_cpp.hpp
[28.702s] -- Installing: /home/sigmaros/dev_ws/install/turtlesim/include/turtlesim/srv/detail/dds_fastrtps
[28.702s] -- Installing: /home/sigmaros/dev_ws/install/turtlesim/include/turtlesim/srv/detail/kill__rosidl_typesupport_fastrtps_cpp.hpp
[28.702s] -- Installing: /home/sigmaros/dev_ws/install/turtlesim/include/turtlesim/srv/detail/spawn__rosidl_typesupport_fastrtps_cpp.hpp
[28.702s] -- Up-to-date: /home/sigmaros/dev_ws/install/turtlesim/include/turtlesim/action
[28.702s] -- Up-to-date: /home/sigmaros/dev_ws/install/turtlesim/include/turtlesim/action/detail
[28.702s] -- Installing: /home/sigmaros/dev_ws/install/turtlesim/include/turtlesim/action/detail/rotate_absolute__rosidl_typesupport_fastrtps_cpp.hpp
[28.703s] -- Installing: /home/sigmaros/dev_ws/install/turtlesim/include/turtlesim/action/detail/dds_fastrtps
[28.703s] -- Installing: /home/sigmaros/dev_ws/install/turtlesim/lib/libturtlesim__rosidl_typesupport_fastrtps_cpp.so
[28.703s] -- Set runtime path of "/home/sigmaros/dev_ws/install/turtlesim/lib/libturtlesim__rosidl_typesupport_fastrtps_cpp.so" to ""
[28.703s] -- Up-to-date: /home/sigmaros/dev_ws/install/turtlesim/include/turtlesim
[28.703s] -- Up-to-date: /home/sigmaros/dev_ws/install/turtlesim/include/turtlesim/msg
[28.703s] -- Installing: /home/sigmaros/dev_ws/install/turtlesim/include/turtlesim/msg/rosidl_typesupport_introspection_c__visibility_control.h
[28.703s] -- Up-to-date: /home/sigmaros/dev_ws/install/turtlesim/include/turtlesim/msg/detail
[28.703s] -- Installing: /home/sigmaros/dev_ws/install/turtlesim/include/turtlesim/msg/detail/pose__rosidl_typesupport_introspection_c.h
[28.704s] -- Installing: /home/sigmaros/dev_ws/install/turtlesim/include/turtlesim/msg/detail/color__rosidl_typesupport_introspection_c.h
[28.704s] -- Installing: /home/sigmaros/dev_ws/install/turtlesim/include/turtlesim/msg/detail/color__type_support.c
[28.704s] -- Installing: /home/sigmaros/dev_ws/install/turtlesim/include/turtlesim/msg/detail/pose__type_support.c
[28.704s] -- Up-to-date: /home/sigmaros/dev_ws/install/turtlesim/include/turtlesim/srv
[28.704s] -- Up-to-date: /home/sigmaros/dev_ws/install/turtlesim/include/turtlesim/srv/detail
[28.704s] -- Installing: /home/sigmaros/dev_ws/install/turtlesim/include/turtlesim/srv/detail/spawn__rosidl_typesupport_introspection_c.h
[28.704s] -- Installing: /home/sigmaros/dev_ws/install/turtlesim/include/turtlesim/srv/detail/set_pen__type_support.c
[28.704s] -- Installing: /home/sigmaros/dev_ws/install/turtlesim/include/turtlesim/srv/detail/teleport_relative__type_support.c
[28.704s] -- Installing: /home/sigmaros/dev_ws/install/turtlesim/include/turtlesim/srv/detail/teleport_relative__rosidl_typesupport_introspection_c.h
[28.704s] -- Installing: /home/sigmaros/dev_ws/install/turtlesim/include/turtlesim/srv/detail/set_pen__rosidl_typesupport_introspection_c.h
[28.705s] -- Installing: /home/sigmaros/dev_ws/install/turtlesim/include/turtlesim/srv/detail/teleport_absolute__rosidl_typesupport_introspection_c.h
[28.705s] -- Installing: /home/sigmaros/dev_ws/install/turtlesim/include/turtlesim/srv/detail/teleport_absolute__type_support.c
[28.705s] -- Installing: /home/sigmaros/dev_ws/install/turtlesim/include/turtlesim/srv/detail/spawn__type_support.c
[28.705s] -- Installing: /home/sigmaros/dev_ws/install/turtlesim/include/turtlesim/srv/detail/kill__rosidl_typesupport_introspection_c.h
[28.705s] -- Installing: /home/sigmaros/dev_ws/install/turtlesim/include/turtlesim/srv/detail/kill__type_support.c
[28.705s] -- Up-to-date: /home/sigmaros/dev_ws/install/turtlesim/include/turtlesim/action
[28.705s] -- Up-to-date: /home/sigmaros/dev_ws/install/turtlesim/include/turtlesim/action/detail
[28.705s] -- Installing: /home/sigmaros/dev_ws/install/turtlesim/include/turtlesim/action/detail/rotate_absolute__rosidl_typesupport_introspection_c.h
[28.705s] -- Installing: /home/sigmaros/dev_ws/install/turtlesim/include/turtlesim/action/detail/rotate_absolute__type_support.c
[28.705s] -- Installing: /home/sigmaros/dev_ws/install/turtlesim/lib/libturtlesim__rosidl_typesupport_introspection_c.so
[28.706s] -- Set runtime path of "/home/sigmaros/dev_ws/install/turtlesim/lib/libturtlesim__rosidl_typesupport_introspection_c.so" to ""
[28.706s] -- Installing: /home/sigmaros/dev_ws/install/turtlesim/lib/libturtlesim__rosidl_typesupport_c.so
[28.706s] -- Set runtime path of "/home/sigmaros/dev_ws/install/turtlesim/lib/libturtlesim__rosidl_typesupport_c.so" to ""
[28.706s] -- Up-to-date: /home/sigmaros/dev_ws/install/turtlesim/include/turtlesim
[28.707s] -- Up-to-date: /home/sigmaros/dev_ws/install/turtlesim/include/turtlesim/msg
[28.707s] -- Installing: /home/sigmaros/dev_ws/install/turtlesim/include/turtlesim/msg/pose.hpp
[28.707s] -- Installing: /home/sigmaros/dev_ws/install/turtlesim/include/turtlesim/msg/color.hpp
[28.707s] -- Up-to-date: /home/sigmaros/dev_ws/install/turtlesim/include/turtlesim/msg/detail
[28.707s] -- Installing: /home/sigmaros/dev_ws/install/turtlesim/include/turtlesim/msg/detail/pose__struct.hpp
[28.707s] -- Installing: /home/sigmaros/dev_ws/install/turtlesim/include/turtlesim/msg/detail/color__traits.hpp
[28.707s] -- Installing: /home/sigmaros/dev_ws/install/turtlesim/include/turtlesim/msg/detail/pose__builder.hpp
[28.707s] -- Installing: /home/sigmaros/dev_ws/install/turtlesim/include/turtlesim/msg/detail/color__struct.hpp
[28.707s] -- Installing: /home/sigmaros/dev_ws/install/turtlesim/include/turtlesim/msg/detail/pose__traits.hpp
[28.707s] -- Installing: /home/sigmaros/dev_ws/install/turtlesim/include/turtlesim/msg/detail/color__builder.hpp
[28.707s] -- Up-to-date: /home/sigmaros/dev_ws/install/turtlesim/include/turtlesim/srv
[28.708s] -- Installing: /home/sigmaros/dev_ws/install/turtlesim/include/turtlesim/srv/teleport_relative.hpp
[28.708s] -- Installing: /home/sigmaros/dev_ws/install/turtlesim/include/turtlesim/srv/kill.hpp
[28.708s] -- Up-to-date: /home/sigmaros/dev_ws/install/turtlesim/include/turtlesim/srv/detail
[28.708s] -- Installing: /home/sigmaros/dev_ws/install/turtlesim/include/turtlesim/srv/detail/teleport_relative__traits.hpp
[28.708s] -- Installing: /home/sigmaros/dev_ws/install/turtlesim/include/turtlesim/srv/detail/spawn__struct.hpp
[28.708s] -- Installing: /home/sigmaros/dev_ws/install/turtlesim/include/turtlesim/srv/detail/spawn__traits.hpp
[28.708s] -- Installing: /home/sigmaros/dev_ws/install/turtlesim/include/turtlesim/srv/detail/kill__builder.hpp
[28.708s] -- Installing: /home/sigmaros/dev_ws/install/turtlesim/include/turtlesim/srv/detail/set_pen__struct.hpp
[28.708s] -- Installing: /home/sigmaros/dev_ws/install/turtlesim/include/turtlesim/srv/detail/kill__traits.hpp
[28.708s] -- Installing: /home/sigmaros/dev_ws/install/turtlesim/include/turtlesim/srv/detail/spawn__builder.hpp
[28.709s] -- Installing: /home/sigmaros/dev_ws/install/turtlesim/include/turtlesim/srv/detail/kill__struct.hpp
[28.709s] -- Installing: /home/sigmaros/dev_ws/install/turtlesim/include/turtlesim/srv/detail/teleport_absolute__struct.hpp
[28.709s] -- Installing: /home/sigmaros/dev_ws/install/turtlesim/include/turtlesim/srv/detail/teleport_absolute__traits.hpp
[28.709s] -- Installing: /home/sigmaros/dev_ws/install/turtlesim/include/turtlesim/srv/detail/set_pen__builder.hpp
[28.709s] -- Installing: /home/sigmaros/dev_ws/install/turtlesim/include/turtlesim/srv/detail/teleport_relative__builder.hpp
[28.709s] -- Installing: /home/sigmaros/dev_ws/install/turtlesim/include/turtlesim/srv/detail/set_pen__traits.hpp
[28.709s] -- Installing: /home/sigmaros/dev_ws/install/turtlesim/include/turtlesim/srv/detail/teleport_absolute__builder.hpp
[28.709s] -- Installing: /home/sigmaros/dev_ws/install/turtlesim/include/turtlesim/srv/detail/teleport_relative__struct.hpp
[28.709s] -- Installing: /home/sigmaros/dev_ws/install/turtlesim/include/turtlesim/srv/teleport_absolute.hpp
[28.709s] -- Installing: /home/sigmaros/dev_ws/install/turtlesim/include/turtlesim/srv/spawn.hpp
[28.710s] -- Installing: /home/sigmaros/dev_ws/install/turtlesim/include/turtlesim/srv/set_pen.hpp
[28.710s] -- Up-to-date: /home/sigmaros/dev_ws/install/turtlesim/include/turtlesim/action
[28.710s] -- Installing: /home/sigmaros/dev_ws/install/turtlesim/include/turtlesim/action/rotate_absolute.hpp
[28.710s] -- Up-to-date: /home/sigmaros/dev_ws/install/turtlesim/include/turtlesim/action/detail
[28.710s] -- Installing: /home/sigmaros/dev_ws/install/turtlesim/include/turtlesim/action/detail/rotate_absolute__traits.hpp
[28.710s] -- Installing: /home/sigmaros/dev_ws/install/turtlesim/include/turtlesim/action/detail/rotate_absolute__builder.hpp
[28.710s] -- Installing: /home/sigmaros/dev_ws/install/turtlesim/include/turtlesim/action/detail/rotate_absolute__struct.hpp
[28.710s] -- Up-to-date: /home/sigmaros/dev_ws/install/turtlesim/include/turtlesim
[28.710s] -- Up-to-date: /home/sigmaros/dev_ws/install/turtlesim/include/turtlesim/msg
[28.710s] -- Up-to-date: /home/sigmaros/dev_ws/install/turtlesim/include/turtlesim/msg/detail
[28.710s] -- Installing: /home/sigmaros/dev_ws/install/turtlesim/include/turtlesim/msg/detail/color__type_support.cpp
[28.710s] -- Installing: /home/sigmaros/dev_ws/install/turtlesim/include/turtlesim/msg/detail/pose__rosidl_typesupport_introspection_cpp.hpp
[28.711s] -- Installing: /home/sigmaros/dev_ws/install/turtlesim/include/turtlesim/msg/detail/pose__type_support.cpp
[28.711s] -- Installing: /home/sigmaros/dev_ws/install/turtlesim/include/turtlesim/msg/detail/color__rosidl_typesupport_introspection_cpp.hpp
[28.711s] -- Up-to-date: /home/sigmaros/dev_ws/install/turtlesim/include/turtlesim/srv
[28.711s] -- Up-to-date: /home/sigmaros/dev_ws/install/turtlesim/include/turtlesim/srv/detail
[28.711s] -- Installing: /home/sigmaros/dev_ws/install/turtlesim/include/turtlesim/srv/detail/set_pen__type_support.cpp
[28.711s] -- Installing: /home/sigmaros/dev_ws/install/turtlesim/include/turtlesim/srv/detail/teleport_absolute__type_support.cpp
[28.711s] -- Installing: /home/sigmaros/dev_ws/install/turtlesim/include/turtlesim/srv/detail/spawn__type_support.cpp
[28.711s] -- Installing: /home/sigmaros/dev_ws/install/turtlesim/include/turtlesim/srv/detail/teleport_relative__rosidl_typesupport_introspection_cpp.hpp
[28.711s] -- Installing: /home/sigmaros/dev_ws/install/turtlesim/include/turtlesim/srv/detail/teleport_relative__type_support.cpp
[28.712s] -- Installing: /home/sigmaros/dev_ws/install/turtlesim/include/turtlesim/srv/detail/kill__rosidl_typesupport_introspection_cpp.hpp
[28.712s] -- Installing: /home/sigmaros/dev_ws/install/turtlesim/include/turtlesim/srv/detail/spawn__rosidl_typesupport_introspection_cpp.hpp
[28.712s] -- Installing: /home/sigmaros/dev_ws/install/turtlesim/include/turtlesim/srv/detail/teleport_absolute__rosidl_typesupport_introspection_cpp.hpp
[28.712s] -- Installing: /home/sigmaros/dev_ws/install/turtlesim/include/turtlesim/srv/detail/set_pen__rosidl_typesupport_introspection_cpp.hpp
[28.712s] -- Installing: /home/sigmaros/dev_ws/install/turtlesim/include/turtlesim/srv/detail/kill__type_support.cpp
[28.712s] -- Up-to-date: /home/sigmaros/dev_ws/install/turtlesim/include/turtlesim/action
[28.712s] -- Up-to-date: /home/sigmaros/dev_ws/install/turtlesim/include/turtlesim/action/detail
[28.712s] -- Installing: /home/sigmaros/dev_ws/install/turtlesim/include/turtlesim/action/detail/rotate_absolute__type_support.cpp
[28.712s] -- Installing: /home/sigmaros/dev_ws/install/turtlesim/include/turtlesim/action/detail/rotate_absolute__rosidl_typesupport_introspection_cpp.hpp
[28.712s] -- Installing: /home/sigmaros/dev_ws/install/turtlesim/lib/libturtlesim__rosidl_typesupport_introspection_cpp.so
[28.712s] -- Set runtime path of "/home/sigmaros/dev_ws/install/turtlesim/lib/libturtlesim__rosidl_typesupport_introspection_cpp.so" to ""
[28.713s] -- Installing: /home/sigmaros/dev_ws/install/turtlesim/lib/libturtlesim__rosidl_typesupport_cpp.so
[28.713s] -- Set runtime path of "/home/sigmaros/dev_ws/install/turtlesim/lib/libturtlesim__rosidl_typesupport_cpp.so" to ""
[28.713s] -- Installing: /home/sigmaros/dev_ws/install/turtlesim/share/turtlesim/environment/pythonpath.sh
[28.713s] -- Installing: /home/sigmaros/dev_ws/install/turtlesim/share/turtlesim/environment/pythonpath.dsv
[28.714s] -- Installing: /home/sigmaros/dev_ws/install/turtlesim/lib/python3.8/site-packages/turtlesim/__init__.py
[28.752s] Compiling '/home/sigmaros/dev_ws/install/turtlesim/lib/python3.8/site-packages/turtlesim/__init__.py'...
[28.757s] -- Installing: /home/sigmaros/dev_ws/install/turtlesim/lib/python3.8/site-packages/turtlesim/action
[28.757s] -- Installing: /home/sigmaros/dev_ws/install/turtlesim/lib/python3.8/site-packages/turtlesim/action/_rotate_absolute_s.c
[28.757s] -- Installing: /home/sigmaros/dev_ws/install/turtlesim/lib/python3.8/site-packages/turtlesim/action/_rotate_absolute.py
[28.757s] -- Installing: /home/sigmaros/dev_ws/install/turtlesim/lib/python3.8/site-packages/turtlesim/action/__init__.py
[28.757s] -- Installing: /home/sigmaros/dev_ws/install/turtlesim/lib/python3.8/site-packages/turtlesim/msg
[28.757s] -- Installing: /home/sigmaros/dev_ws/install/turtlesim/lib/python3.8/site-packages/turtlesim/msg/_pose.py
[28.757s] -- Installing: /home/sigmaros/dev_ws/install/turtlesim/lib/python3.8/site-packages/turtlesim/msg/__init__.py
[28.757s] -- Installing: /home/sigmaros/dev_ws/install/turtlesim/lib/python3.8/site-packages/turtlesim/msg/_color.py
[28.758s] -- Installing: /home/sigmaros/dev_ws/install/turtlesim/lib/python3.8/site-packages/turtlesim/msg/_color_s.c
[28.758s] -- Installing: /home/sigmaros/dev_ws/install/turtlesim/lib/python3.8/site-packages/turtlesim/msg/_pose_s.c
[28.758s] -- Installing: /home/sigmaros/dev_ws/install/turtlesim/lib/python3.8/site-packages/turtlesim/srv
[28.758s] -- Installing: /home/sigmaros/dev_ws/install/turtlesim/lib/python3.8/site-packages/turtlesim/srv/__init__.py
[28.758s] -- Installing: /home/sigmaros/dev_ws/install/turtlesim/lib/python3.8/site-packages/turtlesim/srv/_spawn_s.c
[28.758s] -- Installing: /home/sigmaros/dev_ws/install/turtlesim/lib/python3.8/site-packages/turtlesim/srv/_spawn.py
[28.758s] -- Installing: /home/sigmaros/dev_ws/install/turtlesim/lib/python3.8/site-packages/turtlesim/srv/_teleport_relative.py
[28.758s] -- Installing: /home/sigmaros/dev_ws/install/turtlesim/lib/python3.8/site-packages/turtlesim/srv/_teleport_relative_s.c
[28.758s] -- Installing: /home/sigmaros/dev_ws/install/turtlesim/lib/python3.8/site-packages/turtlesim/srv/_set_pen_s.c
[28.759s] -- Installing: /home/sigmaros/dev_ws/install/turtlesim/lib/python3.8/site-packages/turtlesim/srv/_kill.py
[28.759s] -- Installing: /home/sigmaros/dev_ws/install/turtlesim/lib/python3.8/site-packages/turtlesim/srv/_teleport_absolute.py
[28.759s] -- Installing: /home/sigmaros/dev_ws/install/turtlesim/lib/python3.8/site-packages/turtlesim/srv/_kill_s.c
[28.759s] -- Installing: /home/sigmaros/dev_ws/install/turtlesim/lib/python3.8/site-packages/turtlesim/srv/_set_pen.py
[28.759s] -- Installing: /home/sigmaros/dev_ws/install/turtlesim/lib/python3.8/site-packages/turtlesim/srv/_teleport_absolute_s.c
[28.759s] -- Installing: /home/sigmaros/dev_ws/install/turtlesim/lib/python3.8/site-packages/turtlesim/turtlesim_s__rosidl_typesupport_fastrtps_c.cpython-38-x86_64-linux-gnu.so
[28.760s] -- Set runtime path of "/home/sigmaros/dev_ws/install/turtlesim/lib/python3.8/site-packages/turtlesim/turtlesim_s__rosidl_typesupport_fastrtps_c.cpython-38-x86_64-linux-gnu.so" to ""
[28.760s] -- Installing: /home/sigmaros/dev_ws/install/turtlesim/lib/python3.8/site-packages/turtlesim/turtlesim_s__rosidl_typesupport_introspection_c.cpython-38-x86_64-linux-gnu.so
[28.761s] -- Set runtime path of "/home/sigmaros/dev_ws/install/turtlesim/lib/python3.8/site-packages/turtlesim/turtlesim_s__rosidl_typesupport_introspection_c.cpython-38-x86_64-linux-gnu.so" to ""
[28.761s] -- Installing: /home/sigmaros/dev_ws/install/turtlesim/lib/python3.8/site-packages/turtlesim/turtlesim_s__rosidl_typesupport_c.cpython-38-x86_64-linux-gnu.so
[28.761s] -- Set runtime path of "/home/sigmaros/dev_ws/install/turtlesim/lib/python3.8/site-packages/turtlesim/turtlesim_s__rosidl_typesupport_c.cpython-38-x86_64-linux-gnu.so" to ""
[28.762s] -- Installing: /home/sigmaros/dev_ws/install/turtlesim/lib/libturtlesim__python.so
[28.762s] -- Set runtime path of "/home/sigmaros/dev_ws/install/turtlesim/lib/libturtlesim__python.so" to ""
[28.762s] -- Installing: /home/sigmaros/dev_ws/install/turtlesim/share/turtlesim/action/RotateAbsolute.idl
[28.763s] -- Installing: /home/sigmaros/dev_ws/install/turtlesim/share/turtlesim/msg/Color.idl
[28.763s] -- Installing: /home/sigmaros/dev_ws/install/turtlesim/share/turtlesim/msg/Pose.idl
[28.763s] -- Installing: /home/sigmaros/dev_ws/install/turtlesim/share/turtlesim/srv/Kill.idl
[28.763s] -- Installing: /home/sigmaros/dev_ws/install/turtlesim/share/turtlesim/srv/SetPen.idl
[28.763s] -- Installing: /home/sigmaros/dev_ws/install/turtlesim/share/turtlesim/srv/Spawn.idl
[28.763s] -- Installing: /home/sigmaros/dev_ws/install/turtlesim/share/turtlesim/srv/TeleportAbsolute.idl
[28.763s] -- Installing: /home/sigmaros/dev_ws/install/turtlesim/share/turtlesim/srv/TeleportRelative.idl
[28.763s] -- Installing: /home/sigmaros/dev_ws/install/turtlesim/share/turtlesim/action/RotateAbsolute.action
[28.764s] -- Installing: /home/sigmaros/dev_ws/install/turtlesim/share/turtlesim/msg/Color.msg
[28.764s] -- Installing: /home/sigmaros/dev_ws/install/turtlesim/share/turtlesim/msg/Pose.msg
[28.764s] -- Installing: /home/sigmaros/dev_ws/install/turtlesim/share/turtlesim/srv/Kill.srv
[28.764s] -- Installing: /home/sigmaros/dev_ws/install/turtlesim/share/turtlesim/srv/Kill_Request.msg
[28.764s] -- Installing: /home/sigmaros/dev_ws/install/turtlesim/share/turtlesim/srv/Kill_Response.msg
[28.764s] -- Installing: /home/sigmaros/dev_ws/install/turtlesim/share/turtlesim/srv/SetPen.srv
[28.764s] -- Installing: /home/sigmaros/dev_ws/install/turtlesim/share/turtlesim/srv/SetPen_Request.msg
[28.765s] -- Installing: /home/sigmaros/dev_ws/install/turtlesim/share/turtlesim/srv/SetPen_Response.msg
[28.765s] -- Installing: /home/sigmaros/dev_ws/install/turtlesim/share/turtlesim/srv/Spawn.srv
[28.765s] -- Installing: /home/sigmaros/dev_ws/install/turtlesim/share/turtlesim/srv/Spawn_Request.msg
[28.765s] -- Installing: /home/sigmaros/dev_ws/install/turtlesim/share/turtlesim/srv/Spawn_Response.msg
[28.765s] -- Installing: /home/sigmaros/dev_ws/install/turtlesim/share/turtlesim/srv/TeleportAbsolute.srv
[28.765s] -- Installing: /home/sigmaros/dev_ws/install/turtlesim/share/turtlesim/srv/TeleportAbsolute_Request.msg
[28.765s] -- Installing: /home/sigmaros/dev_ws/install/turtlesim/share/turtlesim/srv/TeleportAbsolute_Response.msg
[28.766s] -- Installing: /home/sigmaros/dev_ws/install/turtlesim/share/turtlesim/srv/TeleportRelative.srv
[28.766s] -- Installing: /home/sigmaros/dev_ws/install/turtlesim/share/turtlesim/srv/TeleportRelative_Request.msg
[28.766s] -- Installing: /home/sigmaros/dev_ws/install/turtlesim/share/turtlesim/srv/TeleportRelative_Response.msg
[28.766s] -- Installing: /home/sigmaros/dev_ws/install/turtlesim/lib/turtlesim/turtlesim_node
[28.771s] -- Set runtime path of "/home/sigmaros/dev_ws/install/turtlesim/lib/turtlesim/turtlesim_node" to ""
[28.771s] -- Installing: /home/sigmaros/dev_ws/install/turtlesim/lib/turtlesim/turtle_teleop_key
[28.773s] -- Set runtime path of "/home/sigmaros/dev_ws/install/turtlesim/lib/turtlesim/turtle_teleop_key" to ""
[28.773s] -- Installing: /home/sigmaros/dev_ws/install/turtlesim/lib/turtlesim/draw_square
[28.775s] -- Set runtime path of "/home/sigmaros/dev_ws/install/turtlesim/lib/turtlesim/draw_square" to ""
[28.776s] -- Installing: /home/sigmaros/dev_ws/install/turtlesim/lib/turtlesim/mimic
[28.778s] -- Set runtime path of "/home/sigmaros/dev_ws/install/turtlesim/lib/turtlesim/mimic" to ""
[28.778s] -- Installing: /home/sigmaros/dev_ws/install/turtlesim/share/turtlesim/images
[28.778s] -- Installing: /home/sigmaros/dev_ws/install/turtlesim/share/turtlesim/images/ardent.png
[28.778s] -- Installing: /home/sigmaros/dev_ws/install/turtlesim/share/turtlesim/images/foxy.png
[28.778s] -- Installing: /home/sigmaros/dev_ws/install/turtlesim/share/turtlesim/images/dashing.png
[28.778s] -- Installing: /home/sigmaros/dev_ws/install/turtlesim/share/turtlesim/images/eloquent.png
[28.779s] -- Installing: /home/sigmaros/dev_ws/install/turtlesim/share/turtlesim/images/bouncy.png
[28.779s] -- Installing: /home/sigmaros/dev_ws/install/turtlesim/share/turtlesim/images/crystal.png
[28.779s] -- Installing: /home/sigmaros/dev_ws/install/turtlesim/share/turtlesim/launch
[28.779s] -- Installing: /home/sigmaros/dev_ws/install/turtlesim/share/turtlesim/launch/multisim.launch.py
[28.779s] -- Installing: /home/sigmaros/dev_ws/install/turtlesim/share/ament_index/resource_index/package_run_dependencies/turtlesim
[28.779s] -- Installing: /home/sigmaros/dev_ws/install/turtlesim/share/ament_index/resource_index/parent_prefix_path/turtlesim
[28.779s] -- Installing: /home/sigmaros/dev_ws/install/turtlesim/share/turtlesim/environment/ament_prefix_path.sh
[28.779s] -- Installing: /home/sigmaros/dev_ws/install/turtlesim/share/turtlesim/environment/ament_prefix_path.dsv
[28.779s] -- Installing: /home/sigmaros/dev_ws/install/turtlesim/share/turtlesim/environment/path.sh
[28.780s] -- Installing: /home/sigmaros/dev_ws/install/turtlesim/share/turtlesim/environment/path.dsv
[28.780s] -- Installing: /home/sigmaros/dev_ws/install/turtlesim/share/turtlesim/local_setup.bash
[28.780s] -- Installing: /home/sigmaros/dev_ws/install/turtlesim/share/turtlesim/local_setup.sh
[28.780s] -- Installing: /home/sigmaros/dev_ws/install/turtlesim/share/turtlesim/local_setup.zsh
[28.780s] -- Installing: /home/sigmaros/dev_ws/install/turtlesim/share/turtlesim/local_setup.dsv
[28.780s] -- Installing: /home/sigmaros/dev_ws/install/turtlesim/share/turtlesim/package.dsv
[28.780s] -- Installing: /home/sigmaros/dev_ws/install/turtlesim/share/ament_index/resource_index/packages/turtlesim
[28.781s] -- Installing: /home/sigmaros/dev_ws/install/turtlesim/share/turtlesim/cmake/turtlesim__rosidl_generator_cExport.cmake
[28.781s] -- Installing: /home/sigmaros/dev_ws/install/turtlesim/share/turtlesim/cmake/turtlesim__rosidl_generator_cExport-noconfig.cmake
[28.781s] -- Installing: /home/sigmaros/dev_ws/install/turtlesim/share/turtlesim/cmake/turtlesim__rosidl_typesupport_introspection_cExport.cmake
[28.781s] -- Installing: /home/sigmaros/dev_ws/install/turtlesim/share/turtlesim/cmake/turtlesim__rosidl_typesupport_introspection_cExport-noconfig.cmake
[28.781s] -- Installing: /home/sigmaros/dev_ws/install/turtlesim/share/turtlesim/cmake/turtlesim__rosidl_typesupport_cExport.cmake
[28.782s] -- Installing: /home/sigmaros/dev_ws/install/turtlesim/share/turtlesim/cmake/turtlesim__rosidl_typesupport_cExport-noconfig.cmake
[28.782s] -- Installing: /home/sigmaros/dev_ws/install/turtlesim/share/turtlesim/cmake/turtlesim__rosidl_generator_cppExport.cmake
[28.782s] -- Installing: /home/sigmaros/dev_ws/install/turtlesim/share/turtlesim/cmake/turtlesim__rosidl_typesupport_introspection_cppExport.cmake
[28.782s] -- Installing: /home/sigmaros/dev_ws/install/turtlesim/share/turtlesim/cmake/turtlesim__rosidl_typesupport_introspection_cppExport-noconfig.cmake
[28.782s] -- Installing: /home/sigmaros/dev_ws/install/turtlesim/share/turtlesim/cmake/turtlesim__rosidl_typesupport_cppExport.cmake
[28.782s] -- Installing: /home/sigmaros/dev_ws/install/turtlesim/share/turtlesim/cmake/turtlesim__rosidl_typesupport_cppExport-noconfig.cmake
[28.783s] -- Installing: /home/sigmaros/dev_ws/install/turtlesim/share/turtlesim/cmake/rosidl_cmake-extras.cmake
[28.783s] -- Installing: /home/sigmaros/dev_ws/install/turtlesim/share/turtlesim/cmake/ament_cmake_export_dependencies-extras.cmake
[28.783s] -- Installing: /home/sigmaros/dev_ws/install/turtlesim/share/turtlesim/cmake/ament_cmake_export_libraries-extras.cmake
[28.783s] -- Installing: /home/sigmaros/dev_ws/install/turtlesim/share/turtlesim/cmake/ament_cmake_export_targets-extras.cmake
[28.783s] -- Installing: /home/sigmaros/dev_ws/install/turtlesim/share/turtlesim/cmake/ament_cmake_export_include_directories-extras.cmake
[28.783s] -- Installing: /home/sigmaros/dev_ws/install/turtlesim/share/turtlesim/cmake/rosidl_cmake_export_typesupport_libraries-extras.cmake
[28.783s] -- Installing: /home/sigmaros/dev_ws/install/turtlesim/share/turtlesim/cmake/rosidl_cmake_export_typesupport_targets-extras.cmake
[28.784s] -- Installing: /home/sigmaros/dev_ws/install/turtlesim/share/turtlesim/cmake/turtlesimConfig.cmake
[28.784s] -- Installing: /home/sigmaros/dev_ws/install/turtlesim/share/turtlesim/cmake/turtlesimConfig-version.cmake
[28.784s] -- Installing: /home/sigmaros/dev_ws/install/turtlesim/share/turtlesim/package.xml
[28.787s] Invoked command in '/home/sigmaros/dev_ws/build/turtlesim' returned '0': CMAKE_PREFIX_PATH=/opt/ros/foxy /usr/bin/cmake --install /home/sigmaros/dev_ws/build/turtlesim
