[0.016s] Invoking command in '/home/sigmaros/dev_ws/build/cpp_pubsub': CMAKE_PREFIX_PATH=${CMAKE_PREFIX_PATH}:/opt/ros/foxy /usr/bin/cmake /home/sigmaros/dev_ws/src/cpp_pubsub -DCMAKE_INSTALL_PREFIX=/home/sigmaros/dev_ws/install/cpp_pubsub
[0.079s] -- The C compiler identification is GNU 9.3.0
[0.144s] -- The CXX compiler identification is GNU 9.3.0
[0.150s] -- Check for working C compiler: /usr/bin/cc
[0.230s] -- Check for working C compiler: /usr/bin/cc -- works
[0.231s] -- Detecting C compiler ABI info
[0.310s] -- Detecting C compiler ABI info - done
[0.325s] -- Detecting C compile features
[0.325s] -- Detecting C compile features - done
[0.328s] -- Check for working CXX compiler: /usr/bin/c++
[0.421s] -- Check for working CXX compiler: /usr/bin/c++ -- works
[0.422s] -- Detecting CXX compiler ABI info
[0.515s] -- Detecting CXX compiler ABI info - done
[0.531s] -- Detecting CXX compile features
[0.531s] -- Detecting CXX compile features - done
[0.534s] -- Found ament_cmake: 0.9.8 (/opt/ros/foxy/share/ament_cmake/cmake)
[0.564s] -- Found PythonInterp: /usr/bin/python3 (found suitable version "3.8.5", minimum required is "3") 
[0.564s] -- Using PYTHON_EXECUTABLE: /usr/bin/python3
[0.809s] CMake Error at CMakeLists.txt:20 (find_package):
[0.809s]   By not providing "Findrclcp.cmake" in CMAKE_MODULE_PATH this project has
[0.809s]   asked CMake to find a package configuration file provided by "rclcp", but
[0.809s]   CMake did not find one.
[0.809s] 
[0.809s]   Could not find a package configuration file provided by "rclcp" with any of
[0.809s]   the following names:
[0.809s] 
[0.809s]     rclcpConfig.cmake
[0.810s]     rclcp-config.cmake
[0.810s] 
[0.810s]   Add the installation prefix of "rclcp" to CMAKE_PREFIX_PATH or set
[0.810s]   "rclcp_DIR" to a directory containing one of the above files.  If "rclcp"
[0.810s]   provides a separate development package or SDK, be sure it has been
[0.810s]   installed.
[0.810s] 
[0.810s] 
[0.810s] -- Configuring incomplete, errors occurred!
[0.810s] See also "/home/sigmaros/dev_ws/build/cpp_pubsub/CMakeFiles/CMakeOutput.log".
[0.813s] Invoked command in '/home/sigmaros/dev_ws/build/cpp_pubsub' returned '1': CMAKE_PREFIX_PATH=${CMAKE_PREFIX_PATH}:/opt/ros/foxy /usr/bin/cmake /home/sigmaros/dev_ws/src/cpp_pubsub -DCMAKE_INSTALL_PREFIX=/home/sigmaros/dev_ws/install/cpp_pubsub
