[0.000000] (-) TimerEvent: {}
[0.000439] (-) JobUnselected: {'identifier': 'cpp_pubsub'}
[0.000487] (-) JobUnselected: {'identifier': 'my_package'}
[0.000727] (-) JobUnselected: {'identifier': 'turtlesim'}
[0.001348] (-) JobUnselected: {'identifier': 'urdf_tutorial'}
[0.002228] (urdf2) JobQueued: {'identifier': 'urdf2', 'dependencies': OrderedDict()}
[0.002556] (urdf2) JobStarted: {'identifier': 'urdf2'}
[0.013548] (urdf2) JobProgress: {'identifier': 'urdf2', 'progress': 'cmake'}
[0.014817] (urdf2) JobProgress: {'identifier': 'urdf2', 'progress': 'build'}
[0.015883] (urdf2) Command: {'cmd': ['/usr/bin/cmake', '--build', '/home/sigmaros/dev_ws/build/urdf2', '--', '-j4', '-l4'], 'cwd': '/home/sigmaros/dev_ws/build/urdf2', 'env': OrderedDict([('LANGUAGE', 'en_IN:en'), ('USER', 'sigmaros'), ('SSH_AGENT_PID', '1552'), ('XDG_SESSION_TYPE', 'x11'), ('SHLVL', '1'), ('LD_LIBRARY_PATH', '/home/sigmaros/dev_ws/install/turtlesim/lib:/usr/lib/x86_64-linux-gnu/gazebo-11/plugins:/opt/ros/foxy/opt/yaml_cpp_vendor/lib:/opt/ros/foxy/opt/rviz_ogre_vendor/lib:/opt/ros/foxy/lib/x86_64-linux-gnu:/opt/ros/foxy/lib'), ('HOME', '/home/sigmaros'), ('OLDPWD', '/home/sigmaros'), ('DESKTOP_SESSION', 'ubuntu'), ('ROS_PYTHON_VERSION', '3'), ('GNOME_SHELL_SESSION_MODE', 'ubuntu'), ('GTK_MODULES', 'gail:atk-bridge'), ('MANAGERPID', '1374'), ('DBUS_SESSION_BUS_ADDRESS', 'unix:path=/run/user/1000/bus'), ('COLORTERM', 'truecolor'), ('IM_CONFIG_PHASE', '1'), ('COLCON_PREFIX_PATH', '/home/sigmaros/dev_ws/install'), ('ROS_DISTRO', 'foxy'), ('LOGNAME', 'sigmaros'), ('JOURNAL_STREAM', '8:43837'), ('_', '/usr/bin/colcon'), ('ROS_VERSION', '2'), ('XDG_SESSION_CLASS', 'user'), ('USERNAME', 'sigmaros'), ('TERM', 'xterm-256color'), ('GAZEBO_MODEL_PATH', '/home/sigmaros/dev_ws/src/urdf2/models:'), ('GNOME_DESKTOP_SESSION_ID', 'this-is-deprecated'), ('ROS_LOCALHOST_ONLY', '0'), ('WINDOWPATH', '2'), ('PATH', '/opt/ros/foxy/bin:/usr/local/sbin:/usr/local/bin:/usr/sbin:/usr/bin:/sbin:/bin:/usr/games:/usr/local/games:/snap/bin'), ('SESSION_MANAGER', 'local/sigmaros:@/tmp/.ICE-unix/1595,unix/sigmaros:/tmp/.ICE-unix/1595'), ('INVOCATION_ID', '262810f2dbdd403f9dd7a9a523faa03f'), ('XDG_MENU_PREFIX', 'gnome-'), ('GNOME_TERMINAL_SCREEN', '/org/gnome/Terminal/screen/21b0fd14_4c97_4d61_a037_821e2f704b79'), ('XDG_RUNTIME_DIR', '/run/user/1000'), ('DISPLAY', ':0'), ('LANG', 'en_US.UTF-8'), ('XDG_CURRENT_DESKTOP', 'ubuntu:GNOME'), ('XMODIFIERS', '@im=ibus'), ('XDG_SESSION_DESKTOP', 'ubuntu'), ('XAUTHORITY', '/run/user/1000/gdm/Xauthority'), ('GNOME_TERMINAL_SERVICE', ':1.136'), ('SSH_AUTH_SOCK', '/run/user/1000/keyring/ssh'), ('AMENT_PREFIX_PATH', '/home/sigmaros/dev_ws/install/urdf2:/home/sigmaros/dev_ws/install/turtlesim:/home/sigmaros/dev_ws/install/my_package:/home/sigmaros/dev_ws/install/cpp_pubsub:/opt/ros/foxy'), ('SHELL', '/bin/bash'), ('QT_ACCESSIBILITY', '1'), ('GDMSESSION', 'ubuntu'), ('GPG_AGENT_INFO', '/run/user/1000/gnupg/S.gpg-agent:0:1'), ('QT_IM_MODULE', 'ibus'), ('PWD', '/home/sigmaros/dev_ws/build/urdf2'), ('LC_ALL', 'en_US.UTF-8'), ('XDG_CONFIG_DIRS', '/etc/xdg/xdg-ubuntu:/etc/xdg'), ('XDG_DATA_DIRS', '/usr/share/ubuntu:/usr/local/share/:/usr/share/:/var/lib/snapd/desktop'), ('PYTHONPATH', '/home/sigmaros/dev_ws/install/turtlesim/lib/python3.8/site-packages:/opt/ros/foxy/lib/python3.8/site-packages'), ('COLCON', '1'), ('VTE_VERSION', '6003'), ('CMAKE_PREFIX_PATH', '/home/sigmaros/dev_ws/install/urdf2:/home/sigmaros/dev_ws/install/turtlesim:/home/sigmaros/dev_ws/install/my_package:/home/sigmaros/dev_ws/install/cpp_pubsub:/opt/ros/foxy')]), 'shell': False}
[0.061536] (urdf2) StdoutLine: {'line': b'-- Found ament_cmake: 0.9.8 (/opt/ros/foxy/share/ament_cmake/cmake)\n'}
[0.091444] (urdf2) StdoutLine: {'line': b'-- Using PYTHON_EXECUTABLE: /usr/bin/python3\n'}
[0.099998] (-) TimerEvent: {}
[0.200337] (-) TimerEvent: {}
[0.300657] (-) TimerEvent: {}
[0.326071] (urdf2) StdoutLine: {'line': b'-- Found rclpy: 1.0.5 (/opt/ros/foxy/share/rclpy/cmake)\n'}
[0.326651] (urdf2) StdoutLine: {'line': b'-- Found gazebo_ros: 3.5.3 (/opt/ros/foxy/share/gazebo_ros/cmake)\n'}
[0.392290] (urdf2) StdoutLine: {'line': b'-- Using all available rosidl_typesupport_c: rosidl_typesupport_fastrtps_c;rosidl_typesupport_introspection_c\n'}
[0.399156] (urdf2) StdoutLine: {'line': b'-- Found rosidl_adapter: 1.2.1 (/opt/ros/foxy/share/rosidl_adapter/cmake)\n'}
[0.400773] (-) TimerEvent: {}
[0.501008] (-) TimerEvent: {}
[0.567941] (urdf2) StdoutLine: {'line': b'-- Using all available rosidl_typesupport_cpp: rosidl_typesupport_fastrtps_cpp;rosidl_typesupport_introspection_cpp\n'}
[0.601171] (-) TimerEvent: {}
[0.649275] (urdf2) StdoutLine: {'line': b'-- Found rmw_implementation_cmake: 1.0.3 (/opt/ros/foxy/share/rmw_implementation_cmake/cmake)\n'}
[0.652453] (urdf2) StdoutLine: {'line': b"-- Using RMW implementation 'rmw_fastrtps_cpp' as default\n"}
[0.701285] (-) TimerEvent: {}
[0.801564] (-) TimerEvent: {}
[0.901856] (-) TimerEvent: {}
[0.941605] (urdf2) StdoutLine: {'line': b'-- Found DART: /usr/include (Required is at least version "6.6") found components: dart \n'}
[1.001467] (urdf2) StdoutLine: {'line': b'-- Found Protobuf: /usr/lib/x86_64-linux-gnu/libprotobuf.so;-lpthread (found version "3.6.1") \n'}
[1.001909] (-) TimerEvent: {}
[1.009165] (urdf2) StdoutLine: {'line': b'-- Looking for ignition-math6 -- found version 6.7.0\n'}
[1.024377] (urdf2) StdoutLine: {'line': b'-- Searching for dependencies of ignition-math6\n'}
[1.028980] (urdf2) StdoutLine: {'line': b'-- Looking for OGRE...\n'}
[1.036716] (urdf2) StdoutLine: {'line': b'-- Found Ogre Ghadamon (1.9.0)\n'}
[1.037718] (urdf2) StdoutLine: {'line': b'-- Found OGRE: optimized;/usr/lib/x86_64-linux-gnu/libOgreMain.so;debug;/usr/lib/x86_64-linux-gnu/libOgreMain.so\n'}
[1.051236] (urdf2) StdoutLine: {'line': b'-- Looking for OGRE_Paging...\n'}
[1.051848] (urdf2) StdoutLine: {'line': b'-- Found OGRE_Paging: optimized;/usr/lib/x86_64-linux-gnu/libOgrePaging.so;debug;/usr/lib/x86_64-linux-gnu/libOgrePaging.so\n'}
[1.052007] (urdf2) StdoutLine: {'line': b'-- Looking for OGRE_Terrain...\n'}
[1.052099] (urdf2) StdoutLine: {'line': b'-- Found OGRE_Terrain: optimized;/usr/lib/x86_64-linux-gnu/libOgreTerrain.so;debug;/usr/lib/x86_64-linux-gnu/libOgreTerrain.so\n'}
[1.052185] (urdf2) StdoutLine: {'line': b'-- Looking for OGRE_Property...\n'}
[1.052265] (urdf2) StdoutLine: {'line': b'-- Found OGRE_Property: optimized;/usr/lib/x86_64-linux-gnu/libOgreProperty.so;debug;/usr/lib/x86_64-linux-gnu/libOgreProperty.so\n'}
[1.052345] (urdf2) StdoutLine: {'line': b'-- Looking for OGRE_RTShaderSystem...\n'}
[1.052525] (urdf2) StdoutLine: {'line': b'-- Found OGRE_RTShaderSystem: optimized;/usr/lib/x86_64-linux-gnu/libOgreRTShaderSystem.so;debug;/usr/lib/x86_64-linux-gnu/libOgreRTShaderSystem.so\n'}
[1.052664] (urdf2) StdoutLine: {'line': b'-- Looking for OGRE_Volume...\n'}
[1.052754] (urdf2) StdoutLine: {'line': b'-- Found OGRE_Volume: optimized;/usr/lib/x86_64-linux-gnu/libOgreVolume.so;debug;/usr/lib/x86_64-linux-gnu/libOgreVolume.so\n'}
[1.052844] (urdf2) StdoutLine: {'line': b'-- Looking for OGRE_Overlay...\n'}
[1.052924] (urdf2) StdoutLine: {'line': b'-- Found OGRE_Overlay: optimized;/usr/lib/x86_64-linux-gnu/libOgreOverlay.so;debug;/usr/lib/x86_64-linux-gnu/libOgreOverlay.so\n'}
[1.102030] (-) TimerEvent: {}
[1.202318] (-) TimerEvent: {}
[1.218004] (urdf2) StdoutLine: {'line': b'-- Looking for ignition-math6 -- found version 6.7.0\n'}
[1.218944] (urdf2) StdoutLine: {'line': b'-- Looking for ignition-transport8 -- found version 8.2.0\n'}
[1.219558] (urdf2) StdoutLine: {'line': b'-- Searching for dependencies of ignition-transport8\n'}
[1.243391] (urdf2) StdoutLine: {'line': b'-- Found Protobuf: /usr/lib/x86_64-linux-gnu/libprotobuf.so;-lpthread (found suitable version "3.6.1", minimum required is "3") \n'}
[1.257888] (urdf2) StdoutLine: {'line': b'-- Config-file not installed for ZeroMQ -- checking for pkg-config\n'}
[1.263281] (urdf2) StdoutLine: {'line': b"-- Checking for module 'libzmq >= 4'\n"}
[1.283485] (urdf2) StdoutLine: {'line': b'--   Found libzmq , version 4.3.2\n'}
[1.302445] (-) TimerEvent: {}
[1.334901] (urdf2) StdoutLine: {'line': b"-- Checking for module 'uuid'\n"}
[1.353221] (urdf2) StdoutLine: {'line': b'--   Found uuid, version 2.34.0\n'}
[1.397348] (urdf2) StdoutLine: {'line': b'-- Looking for ignition-msgs5 -- found version 5.7.0\n'}
[1.397912] (urdf2) StdoutLine: {'line': b'-- Searching for dependencies of ignition-msgs5\n'}
[1.402541] (-) TimerEvent: {}
[1.421470] (urdf2) StdoutLine: {'line': b'-- Looking for ignition-math6 -- found version 6.7.0\n'}
[1.427408] (urdf2) StdoutLine: {'line': b"-- Checking for module 'tinyxml2'\n"}
[1.445412] (urdf2) StdoutLine: {'line': b'--   Found tinyxml2, version 6.2.0\n'}
[1.490243] (urdf2) StdoutLine: {'line': b'-- Looking for ignition-msgs5 -- found version 5.7.0\n'}
[1.491140] (urdf2) StdoutLine: {'line': b'-- Looking for ignition-common3 -- found version 3.11.1\n'}
[1.491752] (urdf2) StdoutLine: {'line': b'-- Searching for dependencies of ignition-common3\n'}
[1.492126] (urdf2) StdoutLine: {'line': b'-- Looking for dlfcn.h - found\n'}
[1.492251] (urdf2) StdoutLine: {'line': b'-- Looking for libdl - found\n'}
[1.502124] (urdf2) StdoutLine: {'line': b'-- Searching for <ignition-common3> component [graphics]\n'}
[1.502638] (-) TimerEvent: {}
[1.502940] (urdf2) StdoutLine: {'line': b'-- Looking for ignition-common3-graphics -- found version 3.11.1\n'}
[1.503592] (urdf2) StdoutLine: {'line': b'-- Searching for dependencies of ignition-common3-graphics\n'}
[1.504019] (urdf2) StdoutLine: {'line': b'-- Looking for ignition-math6 -- found version 6.7.0\n'}
[1.506502] (urdf2) StdoutLine: {'line': b'-- Looking for ignition-fuel_tools4 -- found version 4.3.0\n'}
[1.507070] (urdf2) StdoutLine: {'line': b'-- Searching for dependencies of ignition-fuel_tools4\n'}
[1.539096] (urdf2) StdoutLine: {'line': b"-- Checking for module 'jsoncpp'\n"}
[1.556666] (urdf2) StdoutLine: {'line': b'--   Found jsoncpp, version 1.7.4\n'}
[1.602780] (-) TimerEvent: {}
[1.607785] (urdf2) StdoutLine: {'line': b"-- Checking for module 'libzip'\n"}
[1.627589] (urdf2) StdoutLine: {'line': b'--   Found libzip, version 1.5.1\n'}
[1.673393] (urdf2) StdoutLine: {'line': b'-- Looking for ignition-common3 -- found version 3.11.1\n'}
[1.673852] (urdf2) StdoutLine: {'line': b'-- Looking for ignition-msgs5 -- found version 5.7.0\n'}
[1.675794] (urdf2) StdoutLine: {'line': b'-- Gazebo version: 11.3\n'}
[1.685847] (urdf2) StdoutLine: {'line': b'-- Found ament_lint_auto: 0.9.6 (/opt/ros/foxy/share/ament_lint_auto/cmake)\n'}
[1.702865] (-) TimerEvent: {}
[1.773881] (urdf2) StdoutLine: {'line': b"-- Added test 'copyright' to check source files copyright and LICENSE\n"}
[1.777391] (urdf2) StdoutLine: {'line': b"-- Added test 'flake8' to check Python code syntax and style conventions\n"}
[1.778213] (urdf2) StdoutLine: {'line': b"-- Added test 'lint_cmake' to check CMake code style\n"}
[1.778927] (urdf2) StdoutLine: {'line': b"-- Added test 'pep257' to check Python code against some of the style conventions in PEP 257\n"}
[1.780880] (urdf2) StdoutLine: {'line': b"-- Added test 'xmllint' to check XML markup files\n"}
[1.784452] (urdf2) StdoutLine: {'line': b'-- Configuring done\n'}
[1.788824] (urdf2) StdoutLine: {'line': b'-- Generating done\n'}
[1.791178] (urdf2) StdoutLine: {'line': b'-- Build files have been written to: /home/sigmaros/dev_ws/build/urdf2\n'}
[1.803001] (-) TimerEvent: {}
[1.822221] (urdf2) CommandEnded: {'returncode': 0}
[1.848595] (urdf2) JobProgress: {'identifier': 'urdf2', 'progress': 'install'}
[1.862254] (urdf2) Command: {'cmd': ['/usr/bin/cmake', '--install', '/home/sigmaros/dev_ws/build/urdf2'], 'cwd': '/home/sigmaros/dev_ws/build/urdf2', 'env': OrderedDict([('LANGUAGE', 'en_IN:en'), ('USER', 'sigmaros'), ('SSH_AGENT_PID', '1552'), ('XDG_SESSION_TYPE', 'x11'), ('SHLVL', '1'), ('LD_LIBRARY_PATH', '/home/sigmaros/dev_ws/install/turtlesim/lib:/usr/lib/x86_64-linux-gnu/gazebo-11/plugins:/opt/ros/foxy/opt/yaml_cpp_vendor/lib:/opt/ros/foxy/opt/rviz_ogre_vendor/lib:/opt/ros/foxy/lib/x86_64-linux-gnu:/opt/ros/foxy/lib'), ('HOME', '/home/sigmaros'), ('OLDPWD', '/home/sigmaros'), ('DESKTOP_SESSION', 'ubuntu'), ('ROS_PYTHON_VERSION', '3'), ('GNOME_SHELL_SESSION_MODE', 'ubuntu'), ('GTK_MODULES', 'gail:atk-bridge'), ('MANAGERPID', '1374'), ('DBUS_SESSION_BUS_ADDRESS', 'unix:path=/run/user/1000/bus'), ('COLORTERM', 'truecolor'), ('IM_CONFIG_PHASE', '1'), ('COLCON_PREFIX_PATH', '/home/sigmaros/dev_ws/install'), ('ROS_DISTRO', 'foxy'), ('LOGNAME', 'sigmaros'), ('JOURNAL_STREAM', '8:43837'), ('_', '/usr/bin/colcon'), ('ROS_VERSION', '2'), ('XDG_SESSION_CLASS', 'user'), ('USERNAME', 'sigmaros'), ('TERM', 'xterm-256color'), ('GAZEBO_MODEL_PATH', '/home/sigmaros/dev_ws/src/urdf2/models:'), ('GNOME_DESKTOP_SESSION_ID', 'this-is-deprecated'), ('ROS_LOCALHOST_ONLY', '0'), ('WINDOWPATH', '2'), ('PATH', '/opt/ros/foxy/bin:/usr/local/sbin:/usr/local/bin:/usr/sbin:/usr/bin:/sbin:/bin:/usr/games:/usr/local/games:/snap/bin'), ('SESSION_MANAGER', 'local/sigmaros:@/tmp/.ICE-unix/1595,unix/sigmaros:/tmp/.ICE-unix/1595'), ('INVOCATION_ID', '262810f2dbdd403f9dd7a9a523faa03f'), ('XDG_MENU_PREFIX', 'gnome-'), ('GNOME_TERMINAL_SCREEN', '/org/gnome/Terminal/screen/21b0fd14_4c97_4d61_a037_821e2f704b79'), ('XDG_RUNTIME_DIR', '/run/user/1000'), ('DISPLAY', ':0'), ('LANG', 'en_US.UTF-8'), ('XDG_CURRENT_DESKTOP', 'ubuntu:GNOME'), ('XMODIFIERS', '@im=ibus'), ('XDG_SESSION_DESKTOP', 'ubuntu'), ('XAUTHORITY', '/run/user/1000/gdm/Xauthority'), ('GNOME_TERMINAL_SERVICE', ':1.136'), ('SSH_AUTH_SOCK', '/run/user/1000/keyring/ssh'), ('AMENT_PREFIX_PATH', '/home/sigmaros/dev_ws/install/urdf2:/home/sigmaros/dev_ws/install/turtlesim:/home/sigmaros/dev_ws/install/my_package:/home/sigmaros/dev_ws/install/cpp_pubsub:/opt/ros/foxy'), ('SHELL', '/bin/bash'), ('QT_ACCESSIBILITY', '1'), ('GDMSESSION', 'ubuntu'), ('GPG_AGENT_INFO', '/run/user/1000/gnupg/S.gpg-agent:0:1'), ('QT_IM_MODULE', 'ibus'), ('PWD', '/home/sigmaros/dev_ws/build/urdf2'), ('LC_ALL', 'en_US.UTF-8'), ('XDG_CONFIG_DIRS', '/etc/xdg/xdg-ubuntu:/etc/xdg'), ('XDG_DATA_DIRS', '/usr/share/ubuntu:/usr/local/share/:/usr/share/:/var/lib/snapd/desktop'), ('PYTHONPATH', '/home/sigmaros/dev_ws/install/turtlesim/lib/python3.8/site-packages:/opt/ros/foxy/lib/python3.8/site-packages'), ('COLCON', '1'), ('VTE_VERSION', '6003'), ('CMAKE_PREFIX_PATH', '/home/sigmaros/dev_ws/install/urdf2:/home/sigmaros/dev_ws/install/turtlesim:/home/sigmaros/dev_ws/install/my_package:/home/sigmaros/dev_ws/install/cpp_pubsub:/opt/ros/foxy')]), 'shell': False}
[1.872516] (urdf2) StdoutLine: {'line': b'-- Install configuration: ""\n'}
[1.872721] (urdf2) StdoutLine: {'line': b'-- Up-to-date: /home/sigmaros/dev_ws/install/urdf2/share/urdf2/urdf\n'}
[1.872949] (urdf2) StdoutLine: {'line': b'-- Up-to-date: /home/sigmaros/dev_ws/install/urdf2/share/urdf2/urdf/robot_4wd.urdf.xml\n'}
[1.873053] (urdf2) StdoutLine: {'line': b'-- Up-to-date: /home/sigmaros/dev_ws/install/urdf2/share/urdf2/urdf/bot.urdf.xml\n'}
[1.873139] (urdf2) StdoutLine: {'line': b'-- Up-to-date: /home/sigmaros/dev_ws/install/urdf2/share/urdf2/launch\n'}
[1.873224] (urdf2) StdoutLine: {'line': b'-- Up-to-date: /home/sigmaros/dev_ws/install/urdf2/share/urdf2/launch/bringup.launch.py\n'}
[1.873449] (urdf2) StdoutLine: {'line': b'-- Up-to-date: /home/sigmaros/dev_ws/install/urdf2/share/urdf2/launch/demo.launch.py\n'}
[1.873542] (urdf2) StdoutLine: {'line': b'-- Up-to-date: /home/sigmaros/dev_ws/install/urdf2/share/urdf2/world\n'}
[1.873741] (urdf2) StdoutLine: {'line': b'-- Installing: /home/sigmaros/dev_ws/install/urdf2/share/urdf2/world/emptyworld.world\n'}
[1.873955] (urdf2) StdoutLine: {'line': b'-- Installing: /home/sigmaros/dev_ws/install/urdf2/share/urdf2/models\n'}
[1.874046] (urdf2) StdoutLine: {'line': b'-- Installing: /home/sigmaros/dev_ws/install/urdf2/share/urdf2/models/room_paln1\n'}
[1.874129] (urdf2) StdoutLine: {'line': b'-- Installing: /home/sigmaros/dev_ws/install/urdf2/share/urdf2/models/room_paln1/model.config\n'}
[1.874215] (urdf2) StdoutLine: {'line': b'-- Installing: /home/sigmaros/dev_ws/install/urdf2/share/urdf2/models/room_paln1/model.sdf\n'}
[1.874380] (urdf2) StdoutLine: {'line': b'-- Up-to-date: /home/sigmaros/dev_ws/install/urdf2/share/ament_index/resource_index/package_run_dependencies/urdf2\n'}
[1.874558] (urdf2) StdoutLine: {'line': b'-- Up-to-date: /home/sigmaros/dev_ws/install/urdf2/share/ament_index/resource_index/parent_prefix_path/urdf2\n'}
[1.874668] (urdf2) StdoutLine: {'line': b'-- Up-to-date: /home/sigmaros/dev_ws/install/urdf2/share/urdf2/environment/ament_prefix_path.sh\n'}
[1.874748] (urdf2) StdoutLine: {'line': b'-- Installing: /home/sigmaros/dev_ws/install/urdf2/share/urdf2/environment/ament_prefix_path.dsv\n'}
[1.874826] (urdf2) StdoutLine: {'line': b'-- Up-to-date: /home/sigmaros/dev_ws/install/urdf2/share/urdf2/environment/path.sh\n'}
[1.874922] (urdf2) StdoutLine: {'line': b'-- Installing: /home/sigmaros/dev_ws/install/urdf2/share/urdf2/environment/path.dsv\n'}
[1.875008] (urdf2) StdoutLine: {'line': b'-- Up-to-date: /home/sigmaros/dev_ws/install/urdf2/share/urdf2/local_setup.bash\n'}
[1.875110] (urdf2) StdoutLine: {'line': b'-- Up-to-date: /home/sigmaros/dev_ws/install/urdf2/share/urdf2/local_setup.sh\n'}
[1.875227] (urdf2) StdoutLine: {'line': b'-- Up-to-date: /home/sigmaros/dev_ws/install/urdf2/share/urdf2/local_setup.zsh\n'}
[1.875332] (urdf2) StdoutLine: {'line': b'-- Installing: /home/sigmaros/dev_ws/install/urdf2/share/urdf2/local_setup.dsv\n'}
[1.875410] (urdf2) StdoutLine: {'line': b'-- Installing: /home/sigmaros/dev_ws/install/urdf2/share/urdf2/package.dsv\n'}
[1.875486] (urdf2) StdoutLine: {'line': b'-- Up-to-date: /home/sigmaros/dev_ws/install/urdf2/share/ament_index/resource_index/packages/urdf2\n'}
[1.875561] (urdf2) StdoutLine: {'line': b'-- Up-to-date: /home/sigmaros/dev_ws/install/urdf2/share/urdf2/cmake/urdf2Config.cmake\n'}
[1.875636] (urdf2) StdoutLine: {'line': b'-- Up-to-date: /home/sigmaros/dev_ws/install/urdf2/share/urdf2/cmake/urdf2Config-version.cmake\n'}
[1.875712] (urdf2) StdoutLine: {'line': b'-- Up-to-date: /home/sigmaros/dev_ws/install/urdf2/share/urdf2/package.xml\n'}
[1.877106] (urdf2) CommandEnded: {'returncode': 0}
[1.903157] (-) TimerEvent: {}
[1.924969] (urdf2) JobEnded: {'identifier': 'urdf2', 'rc': 0}
[1.925932] (-) EventReactorShutdown: {}
