[0.000000] (-) TimerEvent: {}
[0.000823] (-) JobUnselected: {'identifier': 'cpp_pubsub'}
[0.000874] (-) JobUnselected: {'identifier': 'my_package'}
[0.000904] (-) JobUnselected: {'identifier': 'turtlesim'}
[0.001072] (-) JobUnselected: {'identifier': 'urdf_tutorial'}
[0.001309] (urdf2) JobQueued: {'identifier': 'urdf2', 'dependencies': OrderedDict()}
[0.001366] (urdf2) JobStarted: {'identifier': 'urdf2'}
[0.013782] (urdf2) JobProgress: {'identifier': 'urdf2', 'progress': 'cmake'}
[0.015002] (urdf2) JobProgress: {'identifier': 'urdf2', 'progress': 'build'}
[0.015921] (urdf2) Command: {'cmd': ['/usr/bin/cmake', '--build', '/home/sigmaros/dev_ws/build/urdf2', '--', '-j4', '-l4'], 'cwd': '/home/sigmaros/dev_ws/build/urdf2', 'env': OrderedDict([('LANGUAGE', 'en_IN:en'), ('USER', 'sigmaros'), ('SSH_AGENT_PID', '1528'), ('XDG_SESSION_TYPE', 'x11'), ('SHLVL', '1'), ('LD_LIBRARY_PATH', '/home/sigmaros/dev_ws/install/turtlesim/lib:/usr/lib/x86_64-linux-gnu/gazebo-11/plugins:/opt/ros/foxy/opt/yaml_cpp_vendor/lib:/opt/ros/foxy/opt/rviz_ogre_vendor/lib:/opt/ros/foxy/lib/x86_64-linux-gnu:/opt/ros/foxy/lib'), ('HOME', '/home/sigmaros'), ('OLDPWD', '/home/sigmaros'), ('DESKTOP_SESSION', 'ubuntu'), ('ROS_PYTHON_VERSION', '3'), ('GNOME_SHELL_SESSION_MODE', 'ubuntu'), ('GTK_MODULES', 'gail:atk-bridge'), ('MANAGERPID', '1352'), ('DBUS_SESSION_BUS_ADDRESS', 'unix:path=/run/user/1000/bus'), ('COLORTERM', 'truecolor'), ('IM_CONFIG_PHASE', '1'), ('COLCON_PREFIX_PATH', '/home/sigmaros/dev_ws/install:/home/sigmaros/ros2_ws/install'), ('ROS_DISTRO', 'foxy'), ('LOGNAME', 'sigmaros'), ('JOURNAL_STREAM', '8:43618'), ('_', '/usr/bin/colcon'), ('ROS_VERSION', '2'), ('XDG_SESSION_CLASS', 'user'), ('USERNAME', 'sigmaros'), ('TERM', 'xterm-256color'), ('GAZEBO_MODEL_PATH', ':/home/sigmaros/dev_ws/src/urdf2/models'), ('GNOME_DESKTOP_SESSION_ID', 'this-is-deprecated'), ('ROS_LOCALHOST_ONLY', '0'), ('WINDOWPATH', '2'), ('PATH', '/opt/ros/foxy/bin:/usr/local/sbin:/usr/local/bin:/usr/sbin:/usr/bin:/sbin:/bin:/usr/games:/usr/local/games:/snap/bin'), ('SESSION_MANAGER', 'local/sigmaros:@/tmp/.ICE-unix/1571,unix/sigmaros:/tmp/.ICE-unix/1571'), ('INVOCATION_ID', '1f8d27384c93408bb1b3c39c5fd9c34f'), ('XDG_MENU_PREFIX', 'gnome-'), ('GNOME_TERMINAL_SCREEN', '/org/gnome/Terminal/screen/6ed7b2cd_b9e9_4589_9686_ae2d4675bc18'), ('XDG_RUNTIME_DIR', '/run/user/1000'), ('DISPLAY', ':0'), ('LANG', 'en_US.UTF-8'), ('XDG_CURRENT_DESKTOP', 'ubuntu:GNOME'), ('XMODIFIERS', '@im=ibus'), ('XDG_SESSION_DESKTOP', 'ubuntu'), ('XAUTHORITY', '/run/user/1000/gdm/Xauthority'), ('GNOME_TERMINAL_SERVICE', ':1.103'), ('SSH_AUTH_SOCK', '/run/user/1000/keyring/ssh'), ('AMENT_PREFIX_PATH', '/home/sigmaros/dev_ws/install/urdf2:/home/sigmaros/dev_ws/install/turtlesim:/home/sigmaros/dev_ws/install/my_package:/home/sigmaros/dev_ws/install/cpp_pubsub:/home/sigmaros/ros2_ws/install/urdf_tutorial:/home/sigmaros/ros2_ws/install/my_package:/opt/ros/foxy'), ('SHELL', '/bin/bash'), ('QT_ACCESSIBILITY', '1'), ('GDMSESSION', 'ubuntu'), ('GPG_AGENT_INFO', '/run/user/1000/gnupg/S.gpg-agent:0:1'), ('QT_IM_MODULE', 'ibus'), ('PWD', '/home/sigmaros/dev_ws/build/urdf2'), ('LC_ALL', 'en_US.UTF-8'), ('XDG_CONFIG_DIRS', '/etc/xdg/xdg-ubuntu:/etc/xdg'), ('XDG_DATA_DIRS', '/usr/share/ubuntu:/usr/local/share/:/usr/share/:/var/lib/snapd/desktop'), ('PYTHONPATH', '/home/sigmaros/dev_ws/install/turtlesim/lib/python3.8/site-packages:/opt/ros/foxy/lib/python3.8/site-packages'), ('COLCON', '1'), ('VTE_VERSION', '6003'), ('CMAKE_PREFIX_PATH', '/home/sigmaros/dev_ws/install/urdf2:/home/sigmaros/dev_ws/install/turtlesim:/home/sigmaros/dev_ws/install/my_package:/home/sigmaros/dev_ws/install/cpp_pubsub:/home/sigmaros/ros2_ws/install/urdf_tutorial:/home/sigmaros/ros2_ws/install/my_package:/opt/ros/foxy')]), 'shell': False}
[0.071505] (urdf2) CommandEnded: {'returncode': 0}
[0.098039] (urdf2) JobProgress: {'identifier': 'urdf2', 'progress': 'install'}
[0.100008] (-) TimerEvent: {}
[0.110656] (urdf2) Command: {'cmd': ['/usr/bin/cmake', '--install', '/home/sigmaros/dev_ws/build/urdf2'], 'cwd': '/home/sigmaros/dev_ws/build/urdf2', 'env': OrderedDict([('LANGUAGE', 'en_IN:en'), ('USER', 'sigmaros'), ('SSH_AGENT_PID', '1528'), ('XDG_SESSION_TYPE', 'x11'), ('SHLVL', '1'), ('LD_LIBRARY_PATH', '/home/sigmaros/dev_ws/install/turtlesim/lib:/usr/lib/x86_64-linux-gnu/gazebo-11/plugins:/opt/ros/foxy/opt/yaml_cpp_vendor/lib:/opt/ros/foxy/opt/rviz_ogre_vendor/lib:/opt/ros/foxy/lib/x86_64-linux-gnu:/opt/ros/foxy/lib'), ('HOME', '/home/sigmaros'), ('OLDPWD', '/home/sigmaros'), ('DESKTOP_SESSION', 'ubuntu'), ('ROS_PYTHON_VERSION', '3'), ('GNOME_SHELL_SESSION_MODE', 'ubuntu'), ('GTK_MODULES', 'gail:atk-bridge'), ('MANAGERPID', '1352'), ('DBUS_SESSION_BUS_ADDRESS', 'unix:path=/run/user/1000/bus'), ('COLORTERM', 'truecolor'), ('IM_CONFIG_PHASE', '1'), ('COLCON_PREFIX_PATH', '/home/sigmaros/dev_ws/install:/home/sigmaros/ros2_ws/install'), ('ROS_DISTRO', 'foxy'), ('LOGNAME', 'sigmaros'), ('JOURNAL_STREAM', '8:43618'), ('_', '/usr/bin/colcon'), ('ROS_VERSION', '2'), ('XDG_SESSION_CLASS', 'user'), ('USERNAME', 'sigmaros'), ('TERM', 'xterm-256color'), ('GAZEBO_MODEL_PATH', ':/home/sigmaros/dev_ws/src/urdf2/models'), ('GNOME_DESKTOP_SESSION_ID', 'this-is-deprecated'), ('ROS_LOCALHOST_ONLY', '0'), ('WINDOWPATH', '2'), ('PATH', '/opt/ros/foxy/bin:/usr/local/sbin:/usr/local/bin:/usr/sbin:/usr/bin:/sbin:/bin:/usr/games:/usr/local/games:/snap/bin'), ('SESSION_MANAGER', 'local/sigmaros:@/tmp/.ICE-unix/1571,unix/sigmaros:/tmp/.ICE-unix/1571'), ('INVOCATION_ID', '1f8d27384c93408bb1b3c39c5fd9c34f'), ('XDG_MENU_PREFIX', 'gnome-'), ('GNOME_TERMINAL_SCREEN', '/org/gnome/Terminal/screen/6ed7b2cd_b9e9_4589_9686_ae2d4675bc18'), ('XDG_RUNTIME_DIR', '/run/user/1000'), ('DISPLAY', ':0'), ('LANG', 'en_US.UTF-8'), ('XDG_CURRENT_DESKTOP', 'ubuntu:GNOME'), ('XMODIFIERS', '@im=ibus'), ('XDG_SESSION_DESKTOP', 'ubuntu'), ('XAUTHORITY', '/run/user/1000/gdm/Xauthority'), ('GNOME_TERMINAL_SERVICE', ':1.103'), ('SSH_AUTH_SOCK', '/run/user/1000/keyring/ssh'), ('AMENT_PREFIX_PATH', '/home/sigmaros/dev_ws/install/urdf2:/home/sigmaros/dev_ws/install/turtlesim:/home/sigmaros/dev_ws/install/my_package:/home/sigmaros/dev_ws/install/cpp_pubsub:/home/sigmaros/ros2_ws/install/urdf_tutorial:/home/sigmaros/ros2_ws/install/my_package:/opt/ros/foxy'), ('SHELL', '/bin/bash'), ('QT_ACCESSIBILITY', '1'), ('GDMSESSION', 'ubuntu'), ('GPG_AGENT_INFO', '/run/user/1000/gnupg/S.gpg-agent:0:1'), ('QT_IM_MODULE', 'ibus'), ('PWD', '/home/sigmaros/dev_ws/build/urdf2'), ('LC_ALL', 'en_US.UTF-8'), ('XDG_CONFIG_DIRS', '/etc/xdg/xdg-ubuntu:/etc/xdg'), ('XDG_DATA_DIRS', '/usr/share/ubuntu:/usr/local/share/:/usr/share/:/var/lib/snapd/desktop'), ('PYTHONPATH', '/home/sigmaros/dev_ws/install/turtlesim/lib/python3.8/site-packages:/opt/ros/foxy/lib/python3.8/site-packages'), ('COLCON', '1'), ('VTE_VERSION', '6003'), ('CMAKE_PREFIX_PATH', '/home/sigmaros/dev_ws/install/urdf2:/home/sigmaros/dev_ws/install/turtlesim:/home/sigmaros/dev_ws/install/my_package:/home/sigmaros/dev_ws/install/cpp_pubsub:/home/sigmaros/ros2_ws/install/urdf_tutorial:/home/sigmaros/ros2_ws/install/my_package:/opt/ros/foxy')]), 'shell': False}
[0.121053] (urdf2) StdoutLine: {'line': b'-- Install configuration: ""\n'}
[0.121310] (urdf2) StdoutLine: {'line': b'-- Up-to-date: /home/sigmaros/dev_ws/install/urdf2/share/urdf2/urdf\n'}
[0.121422] (urdf2) StdoutLine: {'line': b'-- Up-to-date: /home/sigmaros/dev_ws/install/urdf2/share/urdf2/urdf/robot_4wd.urdf.xml\n'}
[0.121508] (urdf2) StdoutLine: {'line': b'-- Installing: /home/sigmaros/dev_ws/install/urdf2/share/urdf2/urdf/bot.urdf.xml\n'}
[0.121650] (urdf2) StdoutLine: {'line': b'-- Up-to-date: /home/sigmaros/dev_ws/install/urdf2/share/urdf2/launch\n'}
[0.121732] (urdf2) StdoutLine: {'line': b'-- Installing: /home/sigmaros/dev_ws/install/urdf2/share/urdf2/launch/slam.launch.py\n'}
[0.121936] (urdf2) StdoutLine: {'line': b'-- Up-to-date: /home/sigmaros/dev_ws/install/urdf2/share/urdf2/launch/bringup.launch.py\n'}
[0.122546] (urdf2) StdoutLine: {'line': b'-- Up-to-date: /home/sigmaros/dev_ws/install/urdf2/share/urdf2/launch/localization.launch.py\n'}
[0.122670] (urdf2) StdoutLine: {'line': b'-- Up-to-date: /home/sigmaros/dev_ws/install/urdf2/share/urdf2/launch/demo.launch.py\n'}
[0.122762] (urdf2) StdoutLine: {'line': b'-- Up-to-date: /home/sigmaros/dev_ws/install/urdf2/share/urdf2/world\n'}
[0.122841] (urdf2) StdoutLine: {'line': b'-- Up-to-date: /home/sigmaros/dev_ws/install/urdf2/share/urdf2/world/emptyworld.world\n'}
[0.123001] (urdf2) StdoutLine: {'line': b'-- Up-to-date: /home/sigmaros/dev_ws/install/urdf2/share/urdf2/models\n'}
[0.123093] (urdf2) StdoutLine: {'line': b'-- Up-to-date: /home/sigmaros/dev_ws/install/urdf2/share/urdf2/models/room_plan2\n'}
[0.123188] (urdf2) StdoutLine: {'line': b'-- Up-to-date: /home/sigmaros/dev_ws/install/urdf2/share/urdf2/models/room_plan2/model.config\n'}
[0.123321] (urdf2) StdoutLine: {'line': b'-- Up-to-date: /home/sigmaros/dev_ws/install/urdf2/share/urdf2/models/room_plan2/model.sdf\n'}
[0.123406] (urdf2) StdoutLine: {'line': b'-- Up-to-date: /home/sigmaros/dev_ws/install/urdf2/share/urdf2/models/room_paln1\n'}
[0.123486] (urdf2) StdoutLine: {'line': b'-- Up-to-date: /home/sigmaros/dev_ws/install/urdf2/share/urdf2/models/room_paln1/model.config\n'}
[0.123563] (urdf2) StdoutLine: {'line': b'-- Up-to-date: /home/sigmaros/dev_ws/install/urdf2/share/urdf2/models/room_paln1/model.sdf\n'}
[0.123639] (urdf2) StdoutLine: {'line': b'-- Up-to-date: /home/sigmaros/dev_ws/install/urdf2/share/ament_index/resource_index/package_run_dependencies/urdf2\n'}
[0.123717] (urdf2) StdoutLine: {'line': b'-- Up-to-date: /home/sigmaros/dev_ws/install/urdf2/share/ament_index/resource_index/parent_prefix_path/urdf2\n'}
[0.123792] (urdf2) StdoutLine: {'line': b'-- Up-to-date: /home/sigmaros/dev_ws/install/urdf2/share/urdf2/environment/ament_prefix_path.sh\n'}
[0.123866] (urdf2) StdoutLine: {'line': b'-- Up-to-date: /home/sigmaros/dev_ws/install/urdf2/share/urdf2/environment/ament_prefix_path.dsv\n'}
[0.123941] (urdf2) StdoutLine: {'line': b'-- Up-to-date: /home/sigmaros/dev_ws/install/urdf2/share/urdf2/environment/path.sh\n'}
[0.124017] (urdf2) StdoutLine: {'line': b'-- Up-to-date: /home/sigmaros/dev_ws/install/urdf2/share/urdf2/environment/path.dsv\n'}
[0.124092] (urdf2) StdoutLine: {'line': b'-- Up-to-date: /home/sigmaros/dev_ws/install/urdf2/share/urdf2/local_setup.bash\n'}
[0.124167] (urdf2) StdoutLine: {'line': b'-- Up-to-date: /home/sigmaros/dev_ws/install/urdf2/share/urdf2/local_setup.sh\n'}
[0.124242] (urdf2) StdoutLine: {'line': b'-- Up-to-date: /home/sigmaros/dev_ws/install/urdf2/share/urdf2/local_setup.zsh\n'}
[0.124316] (urdf2) StdoutLine: {'line': b'-- Up-to-date: /home/sigmaros/dev_ws/install/urdf2/share/urdf2/local_setup.dsv\n'}
[0.124471] (urdf2) StdoutLine: {'line': b'-- Installing: /home/sigmaros/dev_ws/install/urdf2/share/urdf2/package.dsv\n'}
[0.124563] (urdf2) StdoutLine: {'line': b'-- Up-to-date: /home/sigmaros/dev_ws/install/urdf2/share/ament_index/resource_index/packages/urdf2\n'}
[0.124703] (urdf2) StdoutLine: {'line': b'-- Up-to-date: /home/sigmaros/dev_ws/install/urdf2/share/urdf2/cmake/urdf2Config.cmake\n'}
[0.124968] (urdf2) StdoutLine: {'line': b'-- Up-to-date: /home/sigmaros/dev_ws/install/urdf2/share/urdf2/cmake/urdf2Config-version.cmake\n'}
[0.125319] (urdf2) StdoutLine: {'line': b'-- Up-to-date: /home/sigmaros/dev_ws/install/urdf2/share/urdf2/package.xml\n'}
[0.125876] (urdf2) CommandEnded: {'returncode': 0}
[0.175632] (urdf2) JobEnded: {'identifier': 'urdf2', 'rc': 0}
[0.176200] (-) EventReactorShutdown: {}
