[0.000000] (-) TimerEvent: {}
[0.000605] (-) JobUnselected: {'identifier': 'cpp_pubsub'}
[0.000899] (-) JobUnselected: {'identifier': 'my_package'}
[0.001061] (-) JobUnselected: {'identifier': 'turtlesim'}
[0.001300] (-) JobUnselected: {'identifier': 'urdf_tutorial'}
[0.002408] (urdf2) JobQueued: {'identifier': 'urdf2', 'dependencies': OrderedDict()}
[0.002469] (urdf2) JobStarted: {'identifier': 'urdf2'}
[0.013302] (urdf2) JobProgress: {'identifier': 'urdf2', 'progress': 'cmake'}
[0.014613] (urdf2) JobProgress: {'identifier': 'urdf2', 'progress': 'build'}
[0.015827] (urdf2) Command: {'cmd': ['/usr/bin/cmake', '--build', '/home/sigmaros/dev_ws/build/urdf2', '--', '-j4', '-l4'], 'cwd': '/home/sigmaros/dev_ws/build/urdf2', 'env': OrderedDict([('LANGUAGE', 'en_IN:en'), ('USER', 'sigmaros'), ('SSH_AGENT_PID', '1552'), ('XDG_SESSION_TYPE', 'x11'), ('SHLVL', '1'), ('LD_LIBRARY_PATH', '/usr/lib/x86_64-linux-gnu/gazebo-11/plugins:/opt/ros/foxy/opt/yaml_cpp_vendor/lib:/opt/ros/foxy/opt/rviz_ogre_vendor/lib:/opt/ros/foxy/lib/x86_64-linux-gnu:/opt/ros/foxy/lib'), ('HOME', '/home/sigmaros'), ('OLDPWD', '/home/sigmaros'), ('DESKTOP_SESSION', 'ubuntu'), ('ROS_PYTHON_VERSION', '3'), ('GNOME_SHELL_SESSION_MODE', 'ubuntu'), ('GTK_MODULES', 'gail:atk-bridge'), ('MANAGERPID', '1374'), ('DBUS_SESSION_BUS_ADDRESS', 'unix:path=/run/user/1000/bus'), ('COLORTERM', 'truecolor'), ('IM_CONFIG_PHASE', '1'), ('COLCON_PREFIX_PATH', '/home/sigmaros/ros2_ws/install'), ('ROS_DISTRO', 'foxy'), ('LOGNAME', 'sigmaros'), ('JOURNAL_STREAM', '8:43837'), ('_', '/usr/bin/colcon'), ('ROS_VERSION', '2'), ('XDG_SESSION_CLASS', 'user'), ('USERNAME', 'sigmaros'), ('TERM', 'xterm-256color'), ('GAZEBO_MODEL_PATH', ':/home/sigmaros/dev_ws/src/urdf2/models'), ('GNOME_DESKTOP_SESSION_ID', 'this-is-deprecated'), ('ROS_LOCALHOST_ONLY', '0'), ('WINDOWPATH', '2'), ('PATH', '/opt/ros/foxy/bin:/usr/local/sbin:/usr/local/bin:/usr/sbin:/usr/bin:/sbin:/bin:/usr/games:/usr/local/games:/snap/bin'), ('SESSION_MANAGER', 'local/sigmaros:@/tmp/.ICE-unix/1595,unix/sigmaros:/tmp/.ICE-unix/1595'), ('INVOCATION_ID', '262810f2dbdd403f9dd7a9a523faa03f'), ('XDG_MENU_PREFIX', 'gnome-'), ('GNOME_TERMINAL_SCREEN', '/org/gnome/Terminal/screen/05f05d04_7e4a_41f3_9a36_1710a4ed404a'), ('XDG_RUNTIME_DIR', '/run/user/1000'), ('DISPLAY', ':0'), ('LANG', 'en_US.UTF-8'), ('XDG_CURRENT_DESKTOP', 'ubuntu:GNOME'), ('XMODIFIERS', '@im=ibus'), ('XDG_SESSION_DESKTOP', 'ubuntu'), ('XAUTHORITY', '/run/user/1000/gdm/Xauthority'), ('GNOME_TERMINAL_SERVICE', ':1.458'), ('SSH_AUTH_SOCK', '/run/user/1000/keyring/ssh'), ('AMENT_PREFIX_PATH', '/home/sigmaros/ros2_ws/install/urdf_tutorial:/home/sigmaros/ros2_ws/install/my_package:/opt/ros/foxy'), ('SHELL', '/bin/bash'), ('QT_ACCESSIBILITY', '1'), ('GDMSESSION', 'ubuntu'), ('GPG_AGENT_INFO', '/run/user/1000/gnupg/S.gpg-agent:0:1'), ('QT_IM_MODULE', 'ibus'), ('PWD', '/home/sigmaros/dev_ws/build/urdf2'), ('LC_ALL', 'en_US.UTF-8'), ('XDG_CONFIG_DIRS', '/etc/xdg/xdg-ubuntu:/etc/xdg'), ('XDG_DATA_DIRS', '/usr/share/ubuntu:/usr/local/share/:/usr/share/:/var/lib/snapd/desktop'), ('PYTHONPATH', '/opt/ros/foxy/lib/python3.8/site-packages'), ('COLCON', '1'), ('VTE_VERSION', '6003'), ('CMAKE_PREFIX_PATH', '/home/sigmaros/ros2_ws/install/urdf_tutorial:/home/sigmaros/ros2_ws/install/my_package:/opt/ros/foxy')]), 'shell': False}
[0.068111] (urdf2) CommandEnded: {'returncode': 0}
[0.092889] (urdf2) JobProgress: {'identifier': 'urdf2', 'progress': 'install'}
[0.100090] (-) TimerEvent: {}
[0.106422] (urdf2) Command: {'cmd': ['/usr/bin/cmake', '--install', '/home/sigmaros/dev_ws/build/urdf2'], 'cwd': '/home/sigmaros/dev_ws/build/urdf2', 'env': OrderedDict([('LANGUAGE', 'en_IN:en'), ('USER', 'sigmaros'), ('SSH_AGENT_PID', '1552'), ('XDG_SESSION_TYPE', 'x11'), ('SHLVL', '1'), ('LD_LIBRARY_PATH', '/usr/lib/x86_64-linux-gnu/gazebo-11/plugins:/opt/ros/foxy/opt/yaml_cpp_vendor/lib:/opt/ros/foxy/opt/rviz_ogre_vendor/lib:/opt/ros/foxy/lib/x86_64-linux-gnu:/opt/ros/foxy/lib'), ('HOME', '/home/sigmaros'), ('OLDPWD', '/home/sigmaros'), ('DESKTOP_SESSION', 'ubuntu'), ('ROS_PYTHON_VERSION', '3'), ('GNOME_SHELL_SESSION_MODE', 'ubuntu'), ('GTK_MODULES', 'gail:atk-bridge'), ('MANAGERPID', '1374'), ('DBUS_SESSION_BUS_ADDRESS', 'unix:path=/run/user/1000/bus'), ('COLORTERM', 'truecolor'), ('IM_CONFIG_PHASE', '1'), ('COLCON_PREFIX_PATH', '/home/sigmaros/ros2_ws/install'), ('ROS_DISTRO', 'foxy'), ('LOGNAME', 'sigmaros'), ('JOURNAL_STREAM', '8:43837'), ('_', '/usr/bin/colcon'), ('ROS_VERSION', '2'), ('XDG_SESSION_CLASS', 'user'), ('USERNAME', 'sigmaros'), ('TERM', 'xterm-256color'), ('GAZEBO_MODEL_PATH', ':/home/sigmaros/dev_ws/src/urdf2/models'), ('GNOME_DESKTOP_SESSION_ID', 'this-is-deprecated'), ('ROS_LOCALHOST_ONLY', '0'), ('WINDOWPATH', '2'), ('PATH', '/opt/ros/foxy/bin:/usr/local/sbin:/usr/local/bin:/usr/sbin:/usr/bin:/sbin:/bin:/usr/games:/usr/local/games:/snap/bin'), ('SESSION_MANAGER', 'local/sigmaros:@/tmp/.ICE-unix/1595,unix/sigmaros:/tmp/.ICE-unix/1595'), ('INVOCATION_ID', '262810f2dbdd403f9dd7a9a523faa03f'), ('XDG_MENU_PREFIX', 'gnome-'), ('GNOME_TERMINAL_SCREEN', '/org/gnome/Terminal/screen/05f05d04_7e4a_41f3_9a36_1710a4ed404a'), ('XDG_RUNTIME_DIR', '/run/user/1000'), ('DISPLAY', ':0'), ('LANG', 'en_US.UTF-8'), ('XDG_CURRENT_DESKTOP', 'ubuntu:GNOME'), ('XMODIFIERS', '@im=ibus'), ('XDG_SESSION_DESKTOP', 'ubuntu'), ('XAUTHORITY', '/run/user/1000/gdm/Xauthority'), ('GNOME_TERMINAL_SERVICE', ':1.458'), ('SSH_AUTH_SOCK', '/run/user/1000/keyring/ssh'), ('AMENT_PREFIX_PATH', '/home/sigmaros/ros2_ws/install/urdf_tutorial:/home/sigmaros/ros2_ws/install/my_package:/opt/ros/foxy'), ('SHELL', '/bin/bash'), ('QT_ACCESSIBILITY', '1'), ('GDMSESSION', 'ubuntu'), ('GPG_AGENT_INFO', '/run/user/1000/gnupg/S.gpg-agent:0:1'), ('QT_IM_MODULE', 'ibus'), ('PWD', '/home/sigmaros/dev_ws/build/urdf2'), ('LC_ALL', 'en_US.UTF-8'), ('XDG_CONFIG_DIRS', '/etc/xdg/xdg-ubuntu:/etc/xdg'), ('XDG_DATA_DIRS', '/usr/share/ubuntu:/usr/local/share/:/usr/share/:/var/lib/snapd/desktop'), ('PYTHONPATH', '/opt/ros/foxy/lib/python3.8/site-packages'), ('COLCON', '1'), ('VTE_VERSION', '6003'), ('CMAKE_PREFIX_PATH', '/home/sigmaros/ros2_ws/install/urdf_tutorial:/home/sigmaros/ros2_ws/install/my_package:/opt/ros/foxy')]), 'shell': False}
[0.116479] (urdf2) StdoutLine: {'line': b'-- Install configuration: ""\n'}
[0.116790] (urdf2) StdoutLine: {'line': b'-- Up-to-date: /home/sigmaros/dev_ws/install/urdf2/share/urdf2/urdf\n'}
[0.116889] (urdf2) StdoutLine: {'line': b'-- Up-to-date: /home/sigmaros/dev_ws/install/urdf2/share/urdf2/urdf/robot_4wd.urdf.xml\n'}
[0.117103] (urdf2) StdoutLine: {'line': b'-- Up-to-date: /home/sigmaros/dev_ws/install/urdf2/share/urdf2/urdf/bot.urdf.xml\n'}
[0.117225] (urdf2) StdoutLine: {'line': b'-- Up-to-date: /home/sigmaros/dev_ws/install/urdf2/share/urdf2/launch\n'}
[0.117350] (urdf2) StdoutLine: {'line': b'-- Up-to-date: /home/sigmaros/dev_ws/install/urdf2/share/urdf2/launch/bringup.launch.py\n'}
[0.117465] (urdf2) StdoutLine: {'line': b'-- Up-to-date: /home/sigmaros/dev_ws/install/urdf2/share/urdf2/launch/demo.launch.py\n'}
[0.117543] (urdf2) StdoutLine: {'line': b'-- Up-to-date: /home/sigmaros/dev_ws/install/urdf2/share/urdf2/world\n'}
[0.117618] (urdf2) StdoutLine: {'line': b'-- Up-to-date: /home/sigmaros/dev_ws/install/urdf2/share/urdf2/world/emptyworld.world\n'}
[0.117737] (urdf2) StdoutLine: {'line': b'-- Up-to-date: /home/sigmaros/dev_ws/install/urdf2/share/urdf2/models\n'}
[0.117834] (urdf2) StdoutLine: {'line': b'-- Up-to-date: /home/sigmaros/dev_ws/install/urdf2/share/urdf2/models/room_plan2\n'}
[0.117911] (urdf2) StdoutLine: {'line': b'-- Up-to-date: /home/sigmaros/dev_ws/install/urdf2/share/urdf2/models/room_plan2/model.config\n'}
[0.117986] (urdf2) StdoutLine: {'line': b'-- Up-to-date: /home/sigmaros/dev_ws/install/urdf2/share/urdf2/models/room_plan2/model.sdf\n'}
[0.118064] (urdf2) StdoutLine: {'line': b'-- Up-to-date: /home/sigmaros/dev_ws/install/urdf2/share/urdf2/models/room_paln1\n'}
[0.118139] (urdf2) StdoutLine: {'line': b'-- Up-to-date: /home/sigmaros/dev_ws/install/urdf2/share/urdf2/models/room_paln1/model.config\n'}
[0.118212] (urdf2) StdoutLine: {'line': b'-- Up-to-date: /home/sigmaros/dev_ws/install/urdf2/share/urdf2/models/room_paln1/model.sdf\n'}
[0.118293] (urdf2) StdoutLine: {'line': b'-- Up-to-date: /home/sigmaros/dev_ws/install/urdf2/share/ament_index/resource_index/package_run_dependencies/urdf2\n'}
[0.118367] (urdf2) StdoutLine: {'line': b'-- Up-to-date: /home/sigmaros/dev_ws/install/urdf2/share/ament_index/resource_index/parent_prefix_path/urdf2\n'}
[0.118441] (urdf2) StdoutLine: {'line': b'-- Up-to-date: /home/sigmaros/dev_ws/install/urdf2/share/urdf2/environment/ament_prefix_path.sh\n'}
[0.118520] (urdf2) StdoutLine: {'line': b'-- Up-to-date: /home/sigmaros/dev_ws/install/urdf2/share/urdf2/environment/ament_prefix_path.dsv\n'}
[0.118595] (urdf2) StdoutLine: {'line': b'-- Up-to-date: /home/sigmaros/dev_ws/install/urdf2/share/urdf2/environment/path.sh\n'}
[0.118669] (urdf2) StdoutLine: {'line': b'-- Up-to-date: /home/sigmaros/dev_ws/install/urdf2/share/urdf2/environment/path.dsv\n'}
[0.118743] (urdf2) StdoutLine: {'line': b'-- Up-to-date: /home/sigmaros/dev_ws/install/urdf2/share/urdf2/local_setup.bash\n'}
[0.118822] (urdf2) StdoutLine: {'line': b'-- Up-to-date: /home/sigmaros/dev_ws/install/urdf2/share/urdf2/local_setup.sh\n'}
[0.118971] (urdf2) StdoutLine: {'line': b'-- Up-to-date: /home/sigmaros/dev_ws/install/urdf2/share/urdf2/local_setup.zsh\n'}
[0.119053] (urdf2) StdoutLine: {'line': b'-- Up-to-date: /home/sigmaros/dev_ws/install/urdf2/share/urdf2/local_setup.dsv\n'}
[0.119133] (urdf2) StdoutLine: {'line': b'-- Installing: /home/sigmaros/dev_ws/install/urdf2/share/urdf2/package.dsv\n'}
[0.119213] (urdf2) StdoutLine: {'line': b'-- Up-to-date: /home/sigmaros/dev_ws/install/urdf2/share/ament_index/resource_index/packages/urdf2\n'}
[0.119475] (urdf2) StdoutLine: {'line': b'-- Up-to-date: /home/sigmaros/dev_ws/install/urdf2/share/urdf2/cmake/urdf2Config.cmake\n'}
[0.119816] (urdf2) StdoutLine: {'line': b'-- Up-to-date: /home/sigmaros/dev_ws/install/urdf2/share/urdf2/cmake/urdf2Config-version.cmake\n'}
[0.121349] (urdf2) StdoutLine: {'line': b'-- Up-to-date: /home/sigmaros/dev_ws/install/urdf2/share/urdf2/package.xml\n'}
[0.121489] (urdf2) CommandEnded: {'returncode': 0}
[0.169306] (urdf2) JobEnded: {'identifier': 'urdf2', 'rc': 0}
[0.170307] (-) EventReactorShutdown: {}
