[0.030s] Invoking command in '/home/sigmaros/dev_ws/build/urdf2': /usr/bin/cmake --build /home/sigmaros/dev_ws/build/urdf2 -- -j4 -l4
[0.267s] Invoked command in '/home/sigmaros/dev_ws/build/urdf2' returned '0': /usr/bin/cmake --build /home/sigmaros/dev_ws/build/urdf2 -- -j4 -l4
[0.303s] Invoking command in '/home/sigmaros/dev_ws/build/urdf2': /usr/bin/cmake --install /home/sigmaros/dev_ws/build/urdf2
[0.312s] -- Install configuration: ""
[0.313s] -- Up-to-date: /home/sigmaros/dev_ws/install/urdf2/share/urdf2/urdf
[0.315s] -- Up-to-date: /home/sigmaros/dev_ws/install/urdf2/share/urdf2/urdf/r2d2.rviz
[0.315s] -- Up-to-date: /home/sigmaros/dev_ws/install/urdf2/share/urdf2/urdf/robot_4wd.urdf.xml
[0.315s] -- Up-to-date: /home/sigmaros/dev_ws/install/urdf2/share/urdf2/urdf/bot.urdf.xml
[0.315s] -- Up-to-date: /home/sigmaros/dev_ws/install/urdf2/share/urdf2/launch
[0.315s] -- Up-to-date: /home/sigmaros/dev_ws/install/urdf2/share/urdf2/launch/bringup.launch.py
[0.315s] -- Up-to-date: /home/sigmaros/dev_ws/install/urdf2/share/urdf2/launch/demo.launch.py
[0.316s] -- Up-to-date: /home/sigmaros/dev_ws/install/urdf2/share/urdf2/world
[0.316s] -- Up-to-date: /home/sigmaros/dev_ws/install/urdf2/share/urdf2/world/emptyworld.world
[0.318s] -- Up-to-date: /home/sigmaros/dev_ws/install/urdf2/share/ament_index/resource_index/package_run_dependencies/urdf2
[0.318s] -- Up-to-date: /home/sigmaros/dev_ws/install/urdf2/share/ament_index/resource_index/parent_prefix_path/urdf2
[0.318s] -- Up-to-date: /home/sigmaros/dev_ws/install/urdf2/share/urdf2/environment/ament_prefix_path.sh
[0.319s] -- Up-to-date: /home/sigmaros/dev_ws/install/urdf2/share/urdf2/environment/ament_prefix_path.dsv
[0.319s] -- Up-to-date: /home/sigmaros/dev_ws/install/urdf2/share/urdf2/environment/path.sh
[0.319s] -- Up-to-date: /home/sigmaros/dev_ws/install/urdf2/share/urdf2/environment/path.dsv
[0.319s] -- Up-to-date: /home/sigmaros/dev_ws/install/urdf2/share/urdf2/local_setup.bash
[0.319s] -- Up-to-date: /home/sigmaros/dev_ws/install/urdf2/share/urdf2/local_setup.sh
[0.319s] -- Up-to-date: /home/sigmaros/dev_ws/install/urdf2/share/urdf2/local_setup.zsh
[0.320s] -- Up-to-date: /home/sigmaros/dev_ws/install/urdf2/share/urdf2/local_setup.dsv
[0.320s] -- Installing: /home/sigmaros/dev_ws/install/urdf2/share/urdf2/package.dsv
[0.320s] -- Up-to-date: /home/sigmaros/dev_ws/install/urdf2/share/ament_index/resource_index/packages/urdf2
[0.320s] -- Up-to-date: /home/sigmaros/dev_ws/install/urdf2/share/urdf2/cmake/urdf2Config.cmake
[0.320s] -- Up-to-date: /home/sigmaros/dev_ws/install/urdf2/share/urdf2/cmake/urdf2Config-version.cmake
[0.320s] -- Up-to-date: /home/sigmaros/dev_ws/install/urdf2/share/urdf2/package.xml
[0.323s] Invoked command in '/home/sigmaros/dev_ws/build/urdf2' returned '0': /usr/bin/cmake --install /home/sigmaros/dev_ws/build/urdf2
