[0.018s] Invoking command in '/home/sigmaros/dev_ws/build/urdf2': CMAKE_PREFIX_PATH=${CMAKE_PREFIX_PATH}:/opt/ros/foxy /usr/bin/cmake --build /home/sigmaros/dev_ws/build/urdf2 -- -j4 -l4
[0.069s] Invoked command in '/home/sigmaros/dev_ws/build/urdf2' returned '0': CMAKE_PREFIX_PATH=${CMAKE_PREFIX_PATH}:/opt/ros/foxy /usr/bin/cmake --build /home/sigmaros/dev_ws/build/urdf2 -- -j4 -l4
[0.110s] Invoking command in '/home/sigmaros/dev_ws/build/urdf2': CMAKE_PREFIX_PATH=${CMAKE_PREFIX_PATH}:/opt/ros/foxy /usr/bin/cmake --install /home/sigmaros/dev_ws/build/urdf2
[0.122s] -- Install configuration: ""
[0.122s] -- Up-to-date: /home/sigmaros/dev_ws/install/urdf2/share/urdf2/urdf
[0.123s] -- Up-to-date: /home/sigmaros/dev_ws/install/urdf2/share/urdf2/urdf/robot_4wd.urdf.xml
[0.123s] -- Installing: /home/sigmaros/dev_ws/install/urdf2/share/urdf2/urdf/bot.urdf.xml
[0.123s] -- Up-to-date: /home/sigmaros/dev_ws/install/urdf2/share/urdf2/launch
[0.123s] -- Up-to-date: /home/sigmaros/dev_ws/install/urdf2/share/urdf2/launch/bringup.launch.py
[0.123s] -- Up-to-date: /home/sigmaros/dev_ws/install/urdf2/share/urdf2/launch/demo.launch.py
[0.123s] -- Up-to-date: /home/sigmaros/dev_ws/install/urdf2/share/urdf2/world
[0.123s] -- Up-to-date: /home/sigmaros/dev_ws/install/urdf2/share/urdf2/world/emptyworld.world
[0.124s] -- Up-to-date: /home/sigmaros/dev_ws/install/urdf2/share/ament_index/resource_index/package_run_dependencies/urdf2
[0.124s] -- Up-to-date: /home/sigmaros/dev_ws/install/urdf2/share/ament_index/resource_index/parent_prefix_path/urdf2
[0.124s] -- Up-to-date: /home/sigmaros/dev_ws/install/urdf2/share/urdf2/environment/ament_prefix_path.sh
[0.124s] -- Up-to-date: /home/sigmaros/dev_ws/install/urdf2/share/urdf2/environment/ament_prefix_path.dsv
[0.124s] -- Up-to-date: /home/sigmaros/dev_ws/install/urdf2/share/urdf2/environment/path.sh
[0.124s] -- Up-to-date: /home/sigmaros/dev_ws/install/urdf2/share/urdf2/environment/path.dsv
[0.124s] -- Up-to-date: /home/sigmaros/dev_ws/install/urdf2/share/urdf2/local_setup.bash
[0.124s] -- Up-to-date: /home/sigmaros/dev_ws/install/urdf2/share/urdf2/local_setup.sh
[0.124s] -- Up-to-date: /home/sigmaros/dev_ws/install/urdf2/share/urdf2/local_setup.zsh
[0.125s] -- Up-to-date: /home/sigmaros/dev_ws/install/urdf2/share/urdf2/local_setup.dsv
[0.125s] -- Installing: /home/sigmaros/dev_ws/install/urdf2/share/urdf2/package.dsv
[0.127s] -- Up-to-date: /home/sigmaros/dev_ws/install/urdf2/share/ament_index/resource_index/packages/urdf2
[0.127s] -- Up-to-date: /home/sigmaros/dev_ws/install/urdf2/share/urdf2/cmake/urdf2Config.cmake
[0.127s] -- Up-to-date: /home/sigmaros/dev_ws/install/urdf2/share/urdf2/cmake/urdf2Config-version.cmake
[0.128s] -- Up-to-date: /home/sigmaros/dev_ws/install/urdf2/share/urdf2/package.xml
[0.128s] Invoked command in '/home/sigmaros/dev_ws/build/urdf2' returned '0': CMAKE_PREFIX_PATH=${CMAKE_PREFIX_PATH}:/opt/ros/foxy /usr/bin/cmake --install /home/sigmaros/dev_ws/build/urdf2
