[0.018s] Invoking command in '/home/sigmaros/dev_ws/build/cpp_pubsub': CMAKE_PREFIX_PATH=${CMAKE_PREFIX_PATH}:/opt/ros/foxy /usr/bin/cmake --build /home/sigmaros/dev_ws/build/cpp_pubsub -- -j4 -l4
[0.056s] -- Found ament_cmake: 0.9.8 (/opt/ros/foxy/share/ament_cmake/cmake)
[0.085s] -- Using PYTHON_EXECUTABLE: /usr/bin/python3
[0.314s] -- Found rclcpp: 2.3.1 (/opt/ros/foxy/share/rclcpp/cmake)
[0.371s] -- Using all available rosidl_typesupport_c: rosidl_typesupport_fastrtps_c;rosidl_typesupport_introspection_c
[0.378s] -- Found rosidl_adapter: 1.2.1 (/opt/ros/foxy/share/rosidl_adapter/cmake)
[0.542s] -- Using all available rosidl_typesupport_cpp: rosidl_typesupport_fastrtps_cpp;rosidl_typesupport_introspection_cpp
[0.619s] -- Found rmw_implementation_cmake: 1.0.3 (/opt/ros/foxy/share/rmw_implementation_cmake/cmake)
[0.622s] -- Using RMW implementation 'rmw_fastrtps_cpp' as default
[0.832s] -- Found ament_lint_auto: 0.9.6 (/opt/ros/foxy/share/ament_lint_auto/cmake)
[0.920s] -- Added test 'copyright' to check source files copyright and LICENSE
[0.921s] -- Added test 'cppcheck' to perform static code analysis on C / C++ code
[0.921s] -- Configured cppcheck include dirs: 
[0.922s] -- Configured cppcheck exclude dirs and/or files: 
[0.923s] -- Added test 'cpplint' to check C / C++ code against the Google style
[0.923s] -- Configured cpplint exclude dirs and/or files: 
[0.923s] -- Added test 'flake8' to check Python code syntax and style conventions
[0.924s] -- Added test 'lint_cmake' to check CMake code style
[0.925s] -- Added test 'pep257' to check Python code against some of the style conventions in PEP 257
[0.926s] -- Added test 'uncrustify' to check C / C++ code style
[0.926s] -- Configured uncrustify additional arguments: 
[0.927s] -- Added test 'xmllint' to check XML markup files
[0.931s] -- Configuring done
[0.949s] -- Generating done
[0.951s] -- Build files have been written to: /home/sigmaros/dev_ws/build/cpp_pubsub
[1.003s] [100%] Built target listener
[1.004s] [100%] Built target talker
[1.018s] Invoked command in '/home/sigmaros/dev_ws/build/cpp_pubsub' returned '0': CMAKE_PREFIX_PATH=${CMAKE_PREFIX_PATH}:/opt/ros/foxy /usr/bin/cmake --build /home/sigmaros/dev_ws/build/cpp_pubsub -- -j4 -l4
[1.059s] Invoking command in '/home/sigmaros/dev_ws/build/cpp_pubsub': CMAKE_PREFIX_PATH=${CMAKE_PREFIX_PATH}:/opt/ros/foxy /usr/bin/cmake --install /home/sigmaros/dev_ws/build/cpp_pubsub
[1.069s] -- Install configuration: ""
[1.069s] -- Up-to-date: /home/sigmaros/dev_ws/install/cpp_pubsub/lib/cpp_pubsub/talker
[1.069s] -- Up-to-date: /home/sigmaros/dev_ws/install/cpp_pubsub/lib/cpp_pubsub/listener
[1.070s] -- Installing: /home/sigmaros/dev_ws/install/cpp_pubsub/share/cpp_pubsub/launch
[1.070s] -- Installing: /home/sigmaros/dev_ws/install/cpp_pubsub/share/cpp_pubsub/launch/demo.launch.py
[1.070s] -- Up-to-date: /home/sigmaros/dev_ws/install/cpp_pubsub/share/ament_index/resource_index/package_run_dependencies/cpp_pubsub
[1.070s] -- Installing: /home/sigmaros/dev_ws/install/cpp_pubsub/share/ament_index/resource_index/parent_prefix_path/cpp_pubsub
[1.070s] -- Up-to-date: /home/sigmaros/dev_ws/install/cpp_pubsub/share/cpp_pubsub/environment/ament_prefix_path.sh
[1.070s] -- Installing: /home/sigmaros/dev_ws/install/cpp_pubsub/share/cpp_pubsub/environment/ament_prefix_path.dsv
[1.071s] -- Up-to-date: /home/sigmaros/dev_ws/install/cpp_pubsub/share/cpp_pubsub/environment/path.sh
[1.071s] -- Installing: /home/sigmaros/dev_ws/install/cpp_pubsub/share/cpp_pubsub/environment/path.dsv
[1.071s] -- Up-to-date: /home/sigmaros/dev_ws/install/cpp_pubsub/share/cpp_pubsub/local_setup.bash
[1.071s] -- Up-to-date: /home/sigmaros/dev_ws/install/cpp_pubsub/share/cpp_pubsub/local_setup.sh
[1.071s] -- Up-to-date: /home/sigmaros/dev_ws/install/cpp_pubsub/share/cpp_pubsub/local_setup.zsh
[1.071s] -- Installing: /home/sigmaros/dev_ws/install/cpp_pubsub/share/cpp_pubsub/local_setup.dsv
[1.071s] -- Installing: /home/sigmaros/dev_ws/install/cpp_pubsub/share/cpp_pubsub/package.dsv
[1.071s] -- Up-to-date: /home/sigmaros/dev_ws/install/cpp_pubsub/share/ament_index/resource_index/packages/cpp_pubsub
[1.071s] -- Up-to-date: /home/sigmaros/dev_ws/install/cpp_pubsub/share/cpp_pubsub/cmake/cpp_pubsubConfig.cmake
[1.071s] -- Up-to-date: /home/sigmaros/dev_ws/install/cpp_pubsub/share/cpp_pubsub/cmake/cpp_pubsubConfig-version.cmake
[1.072s] -- Up-to-date: /home/sigmaros/dev_ws/install/cpp_pubsub/share/cpp_pubsub/package.xml
[1.074s] Invoked command in '/home/sigmaros/dev_ws/build/cpp_pubsub' returned '0': CMAKE_PREFIX_PATH=${CMAKE_PREFIX_PATH}:/opt/ros/foxy /usr/bin/cmake --install /home/sigmaros/dev_ws/build/cpp_pubsub
