[0.000000] (-) TimerEvent: {}
[0.000502] (-) JobUnselected: {'identifier': 'cpp_pubsub'}
[0.000570] (-) JobUnselected: {'identifier': 'my_package'}
[0.000599] (-) JobUnselected: {'identifier': 'turtlesim'}
[0.000644] (-) JobUnselected: {'identifier': 'urdf_tutorial'}
[0.000670] (urdf2) JobQueued: {'identifier': 'urdf2', 'dependencies': OrderedDict()}
[0.000708] (urdf2) JobStarted: {'identifier': 'urdf2'}
[0.012985] (urdf2) JobProgress: {'identifier': 'urdf2', 'progress': 'cmake'}
[0.014229] (urdf2) JobProgress: {'identifier': 'urdf2', 'progress': 'build'}
[0.015593] (urdf2) Command: {'cmd': ['/usr/bin/cmake', '--build', '/home/sigmaros/dev_ws/build/urdf2', '--', '-j4', '-l4'], 'cwd': '/home/sigmaros/dev_ws/build/urdf2', 'env': OrderedDict([('LANGUAGE', 'en_IN:en'), ('USER', 'sigmaros'), ('SSH_AGENT_PID', '1552'), ('XDG_SESSION_TYPE', 'x11'), ('SHLVL', '1'), ('LD_LIBRARY_PATH', '/home/sigmaros/dev_ws/install/turtlesim/lib:/usr/lib/x86_64-linux-gnu/gazebo-11/plugins:/opt/ros/foxy/opt/yaml_cpp_vendor/lib:/opt/ros/foxy/opt/rviz_ogre_vendor/lib:/opt/ros/foxy/lib/x86_64-linux-gnu:/opt/ros/foxy/lib'), ('HOME', '/home/sigmaros'), ('OLDPWD', '/home/sigmaros'), ('DESKTOP_SESSION', 'ubuntu'), ('ROS_PYTHON_VERSION', '3'), ('GNOME_SHELL_SESSION_MODE', 'ubuntu'), ('GTK_MODULES', 'gail:atk-bridge'), ('MANAGERPID', '1374'), ('DBUS_SESSION_BUS_ADDRESS', 'unix:path=/run/user/1000/bus'), ('COLORTERM', 'truecolor'), ('IM_CONFIG_PHASE', '1'), ('COLCON_PREFIX_PATH', '/home/sigmaros/dev_ws/install'), ('ROS_DISTRO', 'foxy'), ('LOGNAME', 'sigmaros'), ('JOURNAL_STREAM', '8:43837'), ('_', '/usr/bin/colcon'), ('ROS_VERSION', '2'), ('XDG_SESSION_CLASS', 'user'), ('USERNAME', 'sigmaros'), ('TERM', 'xterm-256color'), ('GAZEBO_MODEL_PATH', '/home/sigmaros/dev_ws/src/urdf2/models:'), ('GNOME_DESKTOP_SESSION_ID', 'this-is-deprecated'), ('ROS_LOCALHOST_ONLY', '0'), ('WINDOWPATH', '2'), ('PATH', '/opt/ros/foxy/bin:/usr/local/sbin:/usr/local/bin:/usr/sbin:/usr/bin:/sbin:/bin:/usr/games:/usr/local/games:/snap/bin'), ('SESSION_MANAGER', 'local/sigmaros:@/tmp/.ICE-unix/1595,unix/sigmaros:/tmp/.ICE-unix/1595'), ('INVOCATION_ID', '262810f2dbdd403f9dd7a9a523faa03f'), ('XDG_MENU_PREFIX', 'gnome-'), ('GNOME_TERMINAL_SCREEN', '/org/gnome/Terminal/screen/21b0fd14_4c97_4d61_a037_821e2f704b79'), ('XDG_RUNTIME_DIR', '/run/user/1000'), ('DISPLAY', ':0'), ('LANG', 'en_US.UTF-8'), ('XDG_CURRENT_DESKTOP', 'ubuntu:GNOME'), ('XMODIFIERS', '@im=ibus'), ('XDG_SESSION_DESKTOP', 'ubuntu'), ('XAUTHORITY', '/run/user/1000/gdm/Xauthority'), ('GNOME_TERMINAL_SERVICE', ':1.136'), ('SSH_AUTH_SOCK', '/run/user/1000/keyring/ssh'), ('AMENT_PREFIX_PATH', '/home/sigmaros/dev_ws/install/urdf2:/home/sigmaros/dev_ws/install/turtlesim:/home/sigmaros/dev_ws/install/my_package:/home/sigmaros/dev_ws/install/cpp_pubsub:/opt/ros/foxy'), ('SHELL', '/bin/bash'), ('QT_ACCESSIBILITY', '1'), ('GDMSESSION', 'ubuntu'), ('GPG_AGENT_INFO', '/run/user/1000/gnupg/S.gpg-agent:0:1'), ('QT_IM_MODULE', 'ibus'), ('PWD', '/home/sigmaros/dev_ws/build/urdf2'), ('LC_ALL', 'en_US.UTF-8'), ('XDG_CONFIG_DIRS', '/etc/xdg/xdg-ubuntu:/etc/xdg'), ('XDG_DATA_DIRS', '/usr/share/ubuntu:/usr/local/share/:/usr/share/:/var/lib/snapd/desktop'), ('PYTHONPATH', '/home/sigmaros/dev_ws/install/turtlesim/lib/python3.8/site-packages:/opt/ros/foxy/lib/python3.8/site-packages'), ('COLCON', '1'), ('VTE_VERSION', '6003'), ('CMAKE_PREFIX_PATH', '/home/sigmaros/dev_ws/install/urdf2:/home/sigmaros/dev_ws/install/turtlesim:/home/sigmaros/dev_ws/install/my_package:/home/sigmaros/dev_ws/install/cpp_pubsub:/opt/ros/foxy')]), 'shell': False}
[0.069412] (urdf2) CommandEnded: {'returncode': 0}
[0.094542] (urdf2) JobProgress: {'identifier': 'urdf2', 'progress': 'install'}
[0.099427] (-) TimerEvent: {}
[0.108294] (urdf2) Command: {'cmd': ['/usr/bin/cmake', '--install', '/home/sigmaros/dev_ws/build/urdf2'], 'cwd': '/home/sigmaros/dev_ws/build/urdf2', 'env': OrderedDict([('LANGUAGE', 'en_IN:en'), ('USER', 'sigmaros'), ('SSH_AGENT_PID', '1552'), ('XDG_SESSION_TYPE', 'x11'), ('SHLVL', '1'), ('LD_LIBRARY_PATH', '/home/sigmaros/dev_ws/install/turtlesim/lib:/usr/lib/x86_64-linux-gnu/gazebo-11/plugins:/opt/ros/foxy/opt/yaml_cpp_vendor/lib:/opt/ros/foxy/opt/rviz_ogre_vendor/lib:/opt/ros/foxy/lib/x86_64-linux-gnu:/opt/ros/foxy/lib'), ('HOME', '/home/sigmaros'), ('OLDPWD', '/home/sigmaros'), ('DESKTOP_SESSION', 'ubuntu'), ('ROS_PYTHON_VERSION', '3'), ('GNOME_SHELL_SESSION_MODE', 'ubuntu'), ('GTK_MODULES', 'gail:atk-bridge'), ('MANAGERPID', '1374'), ('DBUS_SESSION_BUS_ADDRESS', 'unix:path=/run/user/1000/bus'), ('COLORTERM', 'truecolor'), ('IM_CONFIG_PHASE', '1'), ('COLCON_PREFIX_PATH', '/home/sigmaros/dev_ws/install'), ('ROS_DISTRO', 'foxy'), ('LOGNAME', 'sigmaros'), ('JOURNAL_STREAM', '8:43837'), ('_', '/usr/bin/colcon'), ('ROS_VERSION', '2'), ('XDG_SESSION_CLASS', 'user'), ('USERNAME', 'sigmaros'), ('TERM', 'xterm-256color'), ('GAZEBO_MODEL_PATH', '/home/sigmaros/dev_ws/src/urdf2/models:'), ('GNOME_DESKTOP_SESSION_ID', 'this-is-deprecated'), ('ROS_LOCALHOST_ONLY', '0'), ('WINDOWPATH', '2'), ('PATH', '/opt/ros/foxy/bin:/usr/local/sbin:/usr/local/bin:/usr/sbin:/usr/bin:/sbin:/bin:/usr/games:/usr/local/games:/snap/bin'), ('SESSION_MANAGER', 'local/sigmaros:@/tmp/.ICE-unix/1595,unix/sigmaros:/tmp/.ICE-unix/1595'), ('INVOCATION_ID', '262810f2dbdd403f9dd7a9a523faa03f'), ('XDG_MENU_PREFIX', 'gnome-'), ('GNOME_TERMINAL_SCREEN', '/org/gnome/Terminal/screen/21b0fd14_4c97_4d61_a037_821e2f704b79'), ('XDG_RUNTIME_DIR', '/run/user/1000'), ('DISPLAY', ':0'), ('LANG', 'en_US.UTF-8'), ('XDG_CURRENT_DESKTOP', 'ubuntu:GNOME'), ('XMODIFIERS', '@im=ibus'), ('XDG_SESSION_DESKTOP', 'ubuntu'), ('XAUTHORITY', '/run/user/1000/gdm/Xauthority'), ('GNOME_TERMINAL_SERVICE', ':1.136'), ('SSH_AUTH_SOCK', '/run/user/1000/keyring/ssh'), ('AMENT_PREFIX_PATH', '/home/sigmaros/dev_ws/install/urdf2:/home/sigmaros/dev_ws/install/turtlesim:/home/sigmaros/dev_ws/install/my_package:/home/sigmaros/dev_ws/install/cpp_pubsub:/opt/ros/foxy'), ('SHELL', '/bin/bash'), ('QT_ACCESSIBILITY', '1'), ('GDMSESSION', 'ubuntu'), ('GPG_AGENT_INFO', '/run/user/1000/gnupg/S.gpg-agent:0:1'), ('QT_IM_MODULE', 'ibus'), ('PWD', '/home/sigmaros/dev_ws/build/urdf2'), ('LC_ALL', 'en_US.UTF-8'), ('XDG_CONFIG_DIRS', '/etc/xdg/xdg-ubuntu:/etc/xdg'), ('XDG_DATA_DIRS', '/usr/share/ubuntu:/usr/local/share/:/usr/share/:/var/lib/snapd/desktop'), ('PYTHONPATH', '/home/sigmaros/dev_ws/install/turtlesim/lib/python3.8/site-packages:/opt/ros/foxy/lib/python3.8/site-packages'), ('COLCON', '1'), ('VTE_VERSION', '6003'), ('CMAKE_PREFIX_PATH', '/home/sigmaros/dev_ws/install/urdf2:/home/sigmaros/dev_ws/install/turtlesim:/home/sigmaros/dev_ws/install/my_package:/home/sigmaros/dev_ws/install/cpp_pubsub:/opt/ros/foxy')]), 'shell': False}
[0.118824] (urdf2) StdoutLine: {'line': b'-- Install configuration: ""\n'}
[0.119306] (urdf2) StdoutLine: {'line': b'-- Up-to-date: /home/sigmaros/dev_ws/install/urdf2/share/urdf2/urdf\n'}
[0.119529] (urdf2) StdoutLine: {'line': b'-- Up-to-date: /home/sigmaros/dev_ws/install/urdf2/share/urdf2/urdf/robot_4wd.urdf.xml\n'}
[0.119702] (urdf2) StdoutLine: {'line': b'-- Up-to-date: /home/sigmaros/dev_ws/install/urdf2/share/urdf2/urdf/bot.urdf.xml\n'}
[0.119804] (urdf2) StdoutLine: {'line': b'-- Up-to-date: /home/sigmaros/dev_ws/install/urdf2/share/urdf2/launch\n'}
[0.119885] (urdf2) StdoutLine: {'line': b'-- Up-to-date: /home/sigmaros/dev_ws/install/urdf2/share/urdf2/launch/bringup.launch.py\n'}
[0.119985] (urdf2) StdoutLine: {'line': b'-- Up-to-date: /home/sigmaros/dev_ws/install/urdf2/share/urdf2/launch/demo.launch.py\n'}
[0.120107] (urdf2) StdoutLine: {'line': b'-- Up-to-date: /home/sigmaros/dev_ws/install/urdf2/share/urdf2/world\n'}
[0.120186] (urdf2) StdoutLine: {'line': b'-- Up-to-date: /home/sigmaros/dev_ws/install/urdf2/share/urdf2/world/emptyworld.world\n'}
[0.120284] (urdf2) StdoutLine: {'line': b'-- Up-to-date: /home/sigmaros/dev_ws/install/urdf2/share/urdf2/models\n'}
[0.120362] (urdf2) StdoutLine: {'line': b'-- Up-to-date: /home/sigmaros/dev_ws/install/urdf2/share/urdf2/models/room_paln1\n'}
[0.120439] (urdf2) StdoutLine: {'line': b'-- Up-to-date: /home/sigmaros/dev_ws/install/urdf2/share/urdf2/models/room_paln1/model.config\n'}
[0.120523] (urdf2) StdoutLine: {'line': b'-- Up-to-date: /home/sigmaros/dev_ws/install/urdf2/share/urdf2/models/room_paln1/model.sdf\n'}
[0.120600] (urdf2) StdoutLine: {'line': b'-- Up-to-date: /home/sigmaros/dev_ws/install/urdf2/share/ament_index/resource_index/package_run_dependencies/urdf2\n'}
[0.120678] (urdf2) StdoutLine: {'line': b'-- Up-to-date: /home/sigmaros/dev_ws/install/urdf2/share/ament_index/resource_index/parent_prefix_path/urdf2\n'}
[0.120755] (urdf2) StdoutLine: {'line': b'-- Up-to-date: /home/sigmaros/dev_ws/install/urdf2/share/urdf2/environment/ament_prefix_path.sh\n'}
[0.120832] (urdf2) StdoutLine: {'line': b'-- Up-to-date: /home/sigmaros/dev_ws/install/urdf2/share/urdf2/environment/ament_prefix_path.dsv\n'}
[0.120908] (urdf2) StdoutLine: {'line': b'-- Up-to-date: /home/sigmaros/dev_ws/install/urdf2/share/urdf2/environment/path.sh\n'}
[0.120984] (urdf2) StdoutLine: {'line': b'-- Up-to-date: /home/sigmaros/dev_ws/install/urdf2/share/urdf2/environment/path.dsv\n'}
[0.121060] (urdf2) StdoutLine: {'line': b'-- Up-to-date: /home/sigmaros/dev_ws/install/urdf2/share/urdf2/local_setup.bash\n'}
[0.121801] (urdf2) StdoutLine: {'line': b'-- Up-to-date: /home/sigmaros/dev_ws/install/urdf2/share/urdf2/local_setup.sh\n'}
[0.123227] (urdf2) StdoutLine: {'line': b'-- Up-to-date: /home/sigmaros/dev_ws/install/urdf2/share/urdf2/local_setup.zsh\n'}
[0.123371] (urdf2) StdoutLine: {'line': b'-- Up-to-date: /home/sigmaros/dev_ws/install/urdf2/share/urdf2/local_setup.dsv\n'}
[0.123591] (urdf2) StdoutLine: {'line': b'-- Installing: /home/sigmaros/dev_ws/install/urdf2/share/urdf2/package.dsv\n'}
[0.123808] (urdf2) StdoutLine: {'line': b'-- Up-to-date: /home/sigmaros/dev_ws/install/urdf2/share/ament_index/resource_index/packages/urdf2\n'}
[0.124010] (urdf2) StdoutLine: {'line': b'-- Up-to-date: /home/sigmaros/dev_ws/install/urdf2/share/urdf2/cmake/urdf2Config.cmake\n'}
[0.124134] (urdf2) StdoutLine: {'line': b'-- Up-to-date: /home/sigmaros/dev_ws/install/urdf2/share/urdf2/cmake/urdf2Config-version.cmake\n'}
[0.124298] (urdf2) StdoutLine: {'line': b'-- Up-to-date: /home/sigmaros/dev_ws/install/urdf2/share/urdf2/package.xml\n'}
[0.124687] (urdf2) CommandEnded: {'returncode': 0}
[0.174483] (urdf2) JobEnded: {'identifier': 'urdf2', 'rc': 0}
[0.175496] (-) EventReactorShutdown: {}
