[0.000000] (-) TimerEvent: {}
[0.000850] (-) JobUnselected: {'identifier': 'cpp_pubsub'}
[0.000906] (-) JobUnselected: {'identifier': 'my_package'}
[0.000934] (-) JobUnselected: {'identifier': 'turtlesim'}
[0.000961] (-) JobUnselected: {'identifier': 'urdf_tutorial'}
[0.000985] (urdf2) JobQueued: {'identifier': 'urdf2', 'dependencies': OrderedDict()}
[0.001013] (urdf2) JobStarted: {'identifier': 'urdf2'}
[0.013500] (urdf2) JobProgress: {'identifier': 'urdf2', 'progress': 'cmake'}
[0.014722] (urdf2) JobProgress: {'identifier': 'urdf2', 'progress': 'build'}
[0.016214] (urdf2) Command: {'cmd': ['/usr/bin/cmake', '--build', '/home/sigmaros/dev_ws/build/urdf2', '--', '-j4', '-l4'], 'cwd': '/home/sigmaros/dev_ws/build/urdf2', 'env': OrderedDict([('GJS_DEBUG_TOPICS', 'JS ERROR;JS LOG'), ('LANGUAGE', 'en_IN:en'), ('USER', 'sigmaros'), ('SSH_AGENT_PID', '1552'), ('XDG_SESSION_TYPE', 'x11'), ('SHLVL', '1'), ('LD_LIBRARY_PATH', '/home/sigmaros/dev_ws/install/turtlesim/lib:/usr/lib/x86_64-linux-gnu/gazebo-11/plugins:/opt/ros/foxy/opt/yaml_cpp_vendor/lib:/opt/ros/foxy/opt/rviz_ogre_vendor/lib:/opt/ros/foxy/lib/x86_64-linux-gnu:/opt/ros/foxy/lib'), ('HOME', '/home/sigmaros'), ('OLDPWD', '/home/sigmaros'), ('DESKTOP_SESSION', 'ubuntu'), ('ROS_PYTHON_VERSION', '3'), ('GNOME_SHELL_SESSION_MODE', 'ubuntu'), ('GTK_MODULES', 'gail:atk-bridge'), ('MANAGERPID', '1374'), ('DBUS_SESSION_BUS_ADDRESS', 'unix:path=/run/user/1000/bus'), ('COLORTERM', 'truecolor'), ('IM_CONFIG_PHASE', '1'), ('COLCON_PREFIX_PATH', '/home/sigmaros/dev_ws/install'), ('ROS_DISTRO', 'foxy'), ('LOGNAME', 'sigmaros'), ('JOURNAL_STREAM', '8:43469'), ('_', '/usr/bin/colcon'), ('ROS_VERSION', '2'), ('XDG_SESSION_CLASS', 'user'), ('USERNAME', 'sigmaros'), ('TERM', 'xterm-256color'), ('GAZEBO_MODEL_PATH', '/home/sigmaros/dev_ws/src/urdf2/models:/home/sigmaros/dev_ws/src/urdf2/models:'), ('GNOME_DESKTOP_SESSION_ID', 'this-is-deprecated'), ('ROS_LOCALHOST_ONLY', '0'), ('WINDOWPATH', '2'), ('PATH', '/opt/ros/foxy/bin:/usr/local/sbin:/usr/local/bin:/usr/sbin:/usr/bin:/sbin:/bin:/usr/games:/usr/local/games:/snap/bin'), ('SESSION_MANAGER', 'local/sigmaros:@/tmp/.ICE-unix/1595,unix/sigmaros:/tmp/.ICE-unix/1595'), ('INVOCATION_ID', 'd6aaac35d1fa432b87d0d68229e2855b'), ('XDG_MENU_PREFIX', 'gnome-'), ('GNOME_TERMINAL_SCREEN', '/org/gnome/Terminal/screen/064d9ee6_e4cb_46f4_aeef_ef675797411b'), ('XDG_RUNTIME_DIR', '/run/user/1000'), ('DISPLAY', ':0'), ('LANG', 'en_US.UTF-8'), ('XDG_CURRENT_DESKTOP', 'ubuntu:GNOME'), ('XMODIFIERS', '@im=ibus'), ('XDG_SESSION_DESKTOP', 'ubuntu'), ('XAUTHORITY', '/run/user/1000/gdm/Xauthority'), ('GNOME_TERMINAL_SERVICE', ':1.320'), ('SSH_AUTH_SOCK', '/run/user/1000/keyring/ssh'), ('AMENT_PREFIX_PATH', '/home/sigmaros/dev_ws/install/urdf2:/home/sigmaros/dev_ws/install/turtlesim:/home/sigmaros/dev_ws/install/my_package:/home/sigmaros/dev_ws/install/cpp_pubsub:/opt/ros/foxy'), ('SHELL', '/bin/bash'), ('QT_ACCESSIBILITY', '1'), ('GDMSESSION', 'ubuntu'), ('GPG_AGENT_INFO', '/run/user/1000/gnupg/S.gpg-agent:0:1'), ('GJS_DEBUG_OUTPUT', 'stderr'), ('QT_IM_MODULE', 'ibus'), ('PWD', '/home/sigmaros/dev_ws/build/urdf2'), ('LC_ALL', 'en_US.UTF-8'), ('XDG_CONFIG_DIRS', '/etc/xdg/xdg-ubuntu:/etc/xdg'), ('XDG_DATA_DIRS', '/usr/share/ubuntu:/usr/local/share/:/usr/share/:/var/lib/snapd/desktop'), ('PYTHONPATH', '/home/sigmaros/dev_ws/install/turtlesim/lib/python3.8/site-packages:/opt/ros/foxy/lib/python3.8/site-packages'), ('COLCON', '1'), ('VTE_VERSION', '6003'), ('CMAKE_PREFIX_PATH', '/home/sigmaros/dev_ws/install/urdf2:/home/sigmaros/dev_ws/install/turtlesim:/home/sigmaros/dev_ws/install/my_package:/home/sigmaros/dev_ws/install/cpp_pubsub:/opt/ros/foxy')]), 'shell': False}
[0.051908] (urdf2) StdoutLine: {'line': b'-- Found ament_cmake: 0.9.8 (/opt/ros/foxy/share/ament_cmake/cmake)\n'}
[0.077946] (urdf2) StdoutLine: {'line': b'-- Using PYTHON_EXECUTABLE: /usr/bin/python3\n'}
[0.100015] (-) TimerEvent: {}
[0.200334] (-) TimerEvent: {}
[0.294407] (urdf2) StdoutLine: {'line': b'-- Found rclpy: 1.0.5 (/opt/ros/foxy/share/rclpy/cmake)\n'}
[0.294685] (urdf2) StdoutLine: {'line': b'-- Found gazebo_ros: 3.5.3 (/opt/ros/foxy/share/gazebo_ros/cmake)\n'}
[0.300490] (-) TimerEvent: {}
[0.343135] (urdf2) StdoutLine: {'line': b'-- Using all available rosidl_typesupport_c: rosidl_typesupport_fastrtps_c;rosidl_typesupport_introspection_c\n'}
[0.347482] (urdf2) StdoutLine: {'line': b'-- Found rosidl_adapter: 1.2.1 (/opt/ros/foxy/share/rosidl_adapter/cmake)\n'}
[0.400613] (-) TimerEvent: {}
[0.499639] (urdf2) StdoutLine: {'line': b'-- Using all available rosidl_typesupport_cpp: rosidl_typesupport_fastrtps_cpp;rosidl_typesupport_introspection_cpp\n'}
[0.500713] (-) TimerEvent: {}
[0.564366] (urdf2) StdoutLine: {'line': b'-- Found rmw_implementation_cmake: 1.0.3 (/opt/ros/foxy/share/rmw_implementation_cmake/cmake)\n'}
[0.566212] (urdf2) StdoutLine: {'line': b"-- Using RMW implementation 'rmw_fastrtps_cpp' as default\n"}
[0.600833] (-) TimerEvent: {}
[0.701107] (-) TimerEvent: {}
[0.801399] (-) TimerEvent: {}
[0.814779] (urdf2) StdoutLine: {'line': b'-- Found DART: /usr/include (Required is at least version "6.6") found components: dart \n'}
[0.852703] (urdf2) StdoutLine: {'line': b'-- Found Protobuf: /usr/lib/x86_64-linux-gnu/libprotobuf.so;-lpthread (found version "3.6.1") \n'}
[0.854862] (urdf2) StdoutLine: {'line': b'-- Looking for ignition-math6 -- found version 6.7.0\n'}
[0.860120] (urdf2) StdoutLine: {'line': b'-- Searching for dependencies of ignition-math6\n'}
[0.862290] (urdf2) StdoutLine: {'line': b'-- Looking for OGRE...\n'}
[0.868997] (urdf2) StdoutLine: {'line': b'-- Found Ogre Ghadamon (1.9.0)\n'}
[0.869361] (urdf2) StdoutLine: {'line': b'-- Found OGRE: optimized;/usr/lib/x86_64-linux-gnu/libOgreMain.so;debug;/usr/lib/x86_64-linux-gnu/libOgreMain.so\n'}
[0.882299] (urdf2) StdoutLine: {'line': b'-- Looking for OGRE_Paging...\n'}
[0.882579] (urdf2) StdoutLine: {'line': b'-- Found OGRE_Paging: optimized;/usr/lib/x86_64-linux-gnu/libOgrePaging.so;debug;/usr/lib/x86_64-linux-gnu/libOgrePaging.so\n'}
[0.882733] (urdf2) StdoutLine: {'line': b'-- Looking for OGRE_Terrain...\n'}
[0.882963] (urdf2) StdoutLine: {'line': b'-- Found OGRE_Terrain: optimized;/usr/lib/x86_64-linux-gnu/libOgreTerrain.so;debug;/usr/lib/x86_64-linux-gnu/libOgreTerrain.so\n'}
[0.883281] (urdf2) StdoutLine: {'line': b'-- Looking for OGRE_Property...\n'}
[0.883407] (urdf2) StdoutLine: {'line': b'-- Found OGRE_Property: optimized;/usr/lib/x86_64-linux-gnu/libOgreProperty.so;debug;/usr/lib/x86_64-linux-gnu/libOgreProperty.so\n'}
[0.883519] (urdf2) StdoutLine: {'line': b'-- Looking for OGRE_RTShaderSystem...\n'}
[0.883601] (urdf2) StdoutLine: {'line': b'-- Found OGRE_RTShaderSystem: optimized;/usr/lib/x86_64-linux-gnu/libOgreRTShaderSystem.so;debug;/usr/lib/x86_64-linux-gnu/libOgreRTShaderSystem.so\n'}
[0.883681] (urdf2) StdoutLine: {'line': b'-- Looking for OGRE_Volume...\n'}
[0.883759] (urdf2) StdoutLine: {'line': b'-- Found OGRE_Volume: optimized;/usr/lib/x86_64-linux-gnu/libOgreVolume.so;debug;/usr/lib/x86_64-linux-gnu/libOgreVolume.so\n'}
[0.883838] (urdf2) StdoutLine: {'line': b'-- Looking for OGRE_Overlay...\n'}
[0.883916] (urdf2) StdoutLine: {'line': b'-- Found OGRE_Overlay: optimized;/usr/lib/x86_64-linux-gnu/libOgreOverlay.so;debug;/usr/lib/x86_64-linux-gnu/libOgreOverlay.so\n'}
[0.901509] (-) TimerEvent: {}
[1.001791] (-) TimerEvent: {}
[1.046489] (urdf2) StdoutLine: {'line': b'-- Looking for ignition-math6 -- found version 6.7.0\n'}
[1.046986] (urdf2) StdoutLine: {'line': b'-- Looking for ignition-transport8 -- found version 8.2.0\n'}
[1.047599] (urdf2) StdoutLine: {'line': b'-- Searching for dependencies of ignition-transport8\n'}
[1.070322] (urdf2) StdoutLine: {'line': b'-- Found Protobuf: /usr/lib/x86_64-linux-gnu/libprotobuf.so;-lpthread (found suitable version "3.6.1", minimum required is "3") \n'}
[1.084613] (urdf2) StdoutLine: {'line': b'-- Config-file not installed for ZeroMQ -- checking for pkg-config\n'}
[1.090031] (urdf2) StdoutLine: {'line': b"-- Checking for module 'libzmq >= 4'\n"}
[1.101921] (-) TimerEvent: {}
[1.107718] (urdf2) StdoutLine: {'line': b'--   Found libzmq , version 4.3.2\n'}
[1.159596] (urdf2) StdoutLine: {'line': b"-- Checking for module 'uuid'\n"}
[1.177322] (urdf2) StdoutLine: {'line': b'--   Found uuid, version 2.34.0\n'}
[1.202054] (-) TimerEvent: {}
[1.220414] (urdf2) StdoutLine: {'line': b'-- Looking for ignition-msgs5 -- found version 5.7.0\n'}
[1.220973] (urdf2) StdoutLine: {'line': b'-- Searching for dependencies of ignition-msgs5\n'}
[1.244620] (urdf2) StdoutLine: {'line': b'-- Looking for ignition-math6 -- found version 6.7.0\n'}
[1.250451] (urdf2) StdoutLine: {'line': b"-- Checking for module 'tinyxml2'\n"}
[1.268187] (urdf2) StdoutLine: {'line': b'--   Found tinyxml2, version 6.2.0\n'}
[1.302188] (-) TimerEvent: {}
[1.312391] (urdf2) StdoutLine: {'line': b'-- Looking for ignition-msgs5 -- found version 5.7.0\n'}
[1.312882] (urdf2) StdoutLine: {'line': b'-- Looking for ignition-common3 -- found version 3.11.1\n'}
[1.313474] (urdf2) StdoutLine: {'line': b'-- Searching for dependencies of ignition-common3\n'}
[1.313703] (urdf2) StdoutLine: {'line': b'-- Looking for dlfcn.h - found\n'}
[1.313806] (urdf2) StdoutLine: {'line': b'-- Looking for libdl - found\n'}
[1.323236] (urdf2) StdoutLine: {'line': b'-- Searching for <ignition-common3> component [graphics]\n'}
[1.323702] (urdf2) StdoutLine: {'line': b'-- Looking for ignition-common3-graphics -- found version 3.11.1\n'}
[1.324354] (urdf2) StdoutLine: {'line': b'-- Searching for dependencies of ignition-common3-graphics\n'}
[1.324775] (urdf2) StdoutLine: {'line': b'-- Looking for ignition-math6 -- found version 6.7.0\n'}
[1.326370] (urdf2) StdoutLine: {'line': b'-- Looking for ignition-fuel_tools4 -- found version 4.3.0\n'}
[1.326936] (urdf2) StdoutLine: {'line': b'-- Searching for dependencies of ignition-fuel_tools4\n'}
[1.357723] (urdf2) StdoutLine: {'line': b"-- Checking for module 'jsoncpp'\n"}
[1.376755] (urdf2) StdoutLine: {'line': b'--   Found jsoncpp, version 1.7.4\n'}
[1.402325] (-) TimerEvent: {}
[1.429792] (urdf2) StdoutLine: {'line': b"-- Checking for module 'libzip'\n"}
[1.449610] (urdf2) StdoutLine: {'line': b'--   Found libzip, version 1.5.1\n'}
[1.494046] (urdf2) StdoutLine: {'line': b'-- Looking for ignition-common3 -- found version 3.11.1\n'}
[1.494506] (urdf2) StdoutLine: {'line': b'-- Looking for ignition-msgs5 -- found version 5.7.0\n'}
[1.495961] (urdf2) StdoutLine: {'line': b'-- Gazebo version: 11.3\n'}
[1.502436] (-) TimerEvent: {}
[1.506246] (urdf2) StdoutLine: {'line': b'-- Found ament_lint_auto: 0.9.6 (/opt/ros/foxy/share/ament_lint_auto/cmake)\n'}
[1.588127] (urdf2) StdoutLine: {'line': b"-- Added test 'copyright' to check source files copyright and LICENSE\n"}
[1.591022] (urdf2) StdoutLine: {'line': b"-- Added test 'flake8' to check Python code syntax and style conventions\n"}
[1.591648] (urdf2) StdoutLine: {'line': b"-- Added test 'lint_cmake' to check CMake code style\n"}
[1.592131] (urdf2) StdoutLine: {'line': b"-- Added test 'pep257' to check Python code against some of the style conventions in PEP 257\n"}
[1.593629] (urdf2) StdoutLine: {'line': b"-- Added test 'xmllint' to check XML markup files\n"}
[1.596862] (urdf2) StdoutLine: {'line': b'-- Configuring done\n'}
[1.600217] (urdf2) StdoutLine: {'line': b'-- Generating done\n'}
[1.602429] (urdf2) StdoutLine: {'line': b'-- Build files have been written to: /home/sigmaros/dev_ws/build/urdf2\n'}
[1.602562] (-) TimerEvent: {}
[1.633761] (urdf2) CommandEnded: {'returncode': 0}
[1.660234] (urdf2) JobProgress: {'identifier': 'urdf2', 'progress': 'install'}
[1.674154] (urdf2) Command: {'cmd': ['/usr/bin/cmake', '--install', '/home/sigmaros/dev_ws/build/urdf2'], 'cwd': '/home/sigmaros/dev_ws/build/urdf2', 'env': OrderedDict([('GJS_DEBUG_TOPICS', 'JS ERROR;JS LOG'), ('LANGUAGE', 'en_IN:en'), ('USER', 'sigmaros'), ('SSH_AGENT_PID', '1552'), ('XDG_SESSION_TYPE', 'x11'), ('SHLVL', '1'), ('LD_LIBRARY_PATH', '/home/sigmaros/dev_ws/install/turtlesim/lib:/usr/lib/x86_64-linux-gnu/gazebo-11/plugins:/opt/ros/foxy/opt/yaml_cpp_vendor/lib:/opt/ros/foxy/opt/rviz_ogre_vendor/lib:/opt/ros/foxy/lib/x86_64-linux-gnu:/opt/ros/foxy/lib'), ('HOME', '/home/sigmaros'), ('OLDPWD', '/home/sigmaros'), ('DESKTOP_SESSION', 'ubuntu'), ('ROS_PYTHON_VERSION', '3'), ('GNOME_SHELL_SESSION_MODE', 'ubuntu'), ('GTK_MODULES', 'gail:atk-bridge'), ('MANAGERPID', '1374'), ('DBUS_SESSION_BUS_ADDRESS', 'unix:path=/run/user/1000/bus'), ('COLORTERM', 'truecolor'), ('IM_CONFIG_PHASE', '1'), ('COLCON_PREFIX_PATH', '/home/sigmaros/dev_ws/install'), ('ROS_DISTRO', 'foxy'), ('LOGNAME', 'sigmaros'), ('JOURNAL_STREAM', '8:43469'), ('_', '/usr/bin/colcon'), ('ROS_VERSION', '2'), ('XDG_SESSION_CLASS', 'user'), ('USERNAME', 'sigmaros'), ('TERM', 'xterm-256color'), ('GAZEBO_MODEL_PATH', '/home/sigmaros/dev_ws/src/urdf2/models:/home/sigmaros/dev_ws/src/urdf2/models:'), ('GNOME_DESKTOP_SESSION_ID', 'this-is-deprecated'), ('ROS_LOCALHOST_ONLY', '0'), ('WINDOWPATH', '2'), ('PATH', '/opt/ros/foxy/bin:/usr/local/sbin:/usr/local/bin:/usr/sbin:/usr/bin:/sbin:/bin:/usr/games:/usr/local/games:/snap/bin'), ('SESSION_MANAGER', 'local/sigmaros:@/tmp/.ICE-unix/1595,unix/sigmaros:/tmp/.ICE-unix/1595'), ('INVOCATION_ID', 'd6aaac35d1fa432b87d0d68229e2855b'), ('XDG_MENU_PREFIX', 'gnome-'), ('GNOME_TERMINAL_SCREEN', '/org/gnome/Terminal/screen/064d9ee6_e4cb_46f4_aeef_ef675797411b'), ('XDG_RUNTIME_DIR', '/run/user/1000'), ('DISPLAY', ':0'), ('LANG', 'en_US.UTF-8'), ('XDG_CURRENT_DESKTOP', 'ubuntu:GNOME'), ('XMODIFIERS', '@im=ibus'), ('XDG_SESSION_DESKTOP', 'ubuntu'), ('XAUTHORITY', '/run/user/1000/gdm/Xauthority'), ('GNOME_TERMINAL_SERVICE', ':1.320'), ('SSH_AUTH_SOCK', '/run/user/1000/keyring/ssh'), ('AMENT_PREFIX_PATH', '/home/sigmaros/dev_ws/install/urdf2:/home/sigmaros/dev_ws/install/turtlesim:/home/sigmaros/dev_ws/install/my_package:/home/sigmaros/dev_ws/install/cpp_pubsub:/opt/ros/foxy'), ('SHELL', '/bin/bash'), ('QT_ACCESSIBILITY', '1'), ('GDMSESSION', 'ubuntu'), ('GPG_AGENT_INFO', '/run/user/1000/gnupg/S.gpg-agent:0:1'), ('GJS_DEBUG_OUTPUT', 'stderr'), ('QT_IM_MODULE', 'ibus'), ('PWD', '/home/sigmaros/dev_ws/build/urdf2'), ('LC_ALL', 'en_US.UTF-8'), ('XDG_CONFIG_DIRS', '/etc/xdg/xdg-ubuntu:/etc/xdg'), ('XDG_DATA_DIRS', '/usr/share/ubuntu:/usr/local/share/:/usr/share/:/var/lib/snapd/desktop'), ('PYTHONPATH', '/home/sigmaros/dev_ws/install/turtlesim/lib/python3.8/site-packages:/opt/ros/foxy/lib/python3.8/site-packages'), ('COLCON', '1'), ('VTE_VERSION', '6003'), ('CMAKE_PREFIX_PATH', '/home/sigmaros/dev_ws/install/urdf2:/home/sigmaros/dev_ws/install/turtlesim:/home/sigmaros/dev_ws/install/my_package:/home/sigmaros/dev_ws/install/cpp_pubsub:/opt/ros/foxy')]), 'shell': False}
[1.684139] (urdf2) StdoutLine: {'line': b'-- Install configuration: ""\n'}
[1.684441] (urdf2) StdoutLine: {'line': b'-- Up-to-date: /home/sigmaros/dev_ws/install/urdf2/share/urdf2/urdf\n'}
[1.684698] (urdf2) StdoutLine: {'line': b'-- Up-to-date: /home/sigmaros/dev_ws/install/urdf2/share/urdf2/urdf/robot_4wd.urdf.xml\n'}
[1.684935] (urdf2) StdoutLine: {'line': b'-- Up-to-date: /home/sigmaros/dev_ws/install/urdf2/share/urdf2/urdf/bot.urdf.xml\n'}
[1.685075] (urdf2) StdoutLine: {'line': b'-- Up-to-date: /home/sigmaros/dev_ws/install/urdf2/share/urdf2/launch\n'}
[1.685186] (urdf2) StdoutLine: {'line': b'-- Up-to-date: /home/sigmaros/dev_ws/install/urdf2/share/urdf2/launch/bringup.launch.py\n'}
[1.685289] (urdf2) StdoutLine: {'line': b'-- Up-to-date: /home/sigmaros/dev_ws/install/urdf2/share/urdf2/launch/demo.launch.py\n'}
[1.685405] (urdf2) StdoutLine: {'line': b'-- Up-to-date: /home/sigmaros/dev_ws/install/urdf2/share/urdf2/world\n'}
[1.685506] (urdf2) StdoutLine: {'line': b'-- Installing: /home/sigmaros/dev_ws/install/urdf2/share/urdf2/world/emptyworld.world\n'}
[1.685603] (urdf2) StdoutLine: {'line': b'-- Up-to-date: /home/sigmaros/dev_ws/install/urdf2/share/urdf2/models\n'}
[1.685684] (urdf2) StdoutLine: {'line': b'-- Up-to-date: /home/sigmaros/dev_ws/install/urdf2/share/urdf2/models/room_paln1\n'}
[1.685762] (urdf2) StdoutLine: {'line': b'-- Up-to-date: /home/sigmaros/dev_ws/install/urdf2/share/urdf2/models/room_paln1/model.config\n'}
[1.685880] (urdf2) StdoutLine: {'line': b'-- Up-to-date: /home/sigmaros/dev_ws/install/urdf2/share/urdf2/models/room_paln1/model.sdf\n'}
[1.685977] (urdf2) StdoutLine: {'line': b'-- Up-to-date: /home/sigmaros/dev_ws/install/urdf2/share/ament_index/resource_index/package_run_dependencies/urdf2\n'}
[1.686070] (urdf2) StdoutLine: {'line': b'-- Up-to-date: /home/sigmaros/dev_ws/install/urdf2/share/ament_index/resource_index/parent_prefix_path/urdf2\n'}
[1.686146] (urdf2) StdoutLine: {'line': b'-- Up-to-date: /home/sigmaros/dev_ws/install/urdf2/share/urdf2/environment/ament_prefix_path.sh\n'}
[1.686222] (urdf2) StdoutLine: {'line': b'-- Installing: /home/sigmaros/dev_ws/install/urdf2/share/urdf2/environment/ament_prefix_path.dsv\n'}
[1.686299] (urdf2) StdoutLine: {'line': b'-- Up-to-date: /home/sigmaros/dev_ws/install/urdf2/share/urdf2/environment/path.sh\n'}
[1.686375] (urdf2) StdoutLine: {'line': b'-- Installing: /home/sigmaros/dev_ws/install/urdf2/share/urdf2/environment/path.dsv\n'}
[1.686452] (urdf2) StdoutLine: {'line': b'-- Up-to-date: /home/sigmaros/dev_ws/install/urdf2/share/urdf2/local_setup.bash\n'}
[1.686531] (urdf2) StdoutLine: {'line': b'-- Up-to-date: /home/sigmaros/dev_ws/install/urdf2/share/urdf2/local_setup.sh\n'}
[1.686609] (urdf2) StdoutLine: {'line': b'-- Up-to-date: /home/sigmaros/dev_ws/install/urdf2/share/urdf2/local_setup.zsh\n'}
[1.686685] (urdf2) StdoutLine: {'line': b'-- Installing: /home/sigmaros/dev_ws/install/urdf2/share/urdf2/local_setup.dsv\n'}
[1.686761] (urdf2) StdoutLine: {'line': b'-- Installing: /home/sigmaros/dev_ws/install/urdf2/share/urdf2/package.dsv\n'}
[1.686842] (urdf2) StdoutLine: {'line': b'-- Up-to-date: /home/sigmaros/dev_ws/install/urdf2/share/ament_index/resource_index/packages/urdf2\n'}
[1.686925] (urdf2) StdoutLine: {'line': b'-- Up-to-date: /home/sigmaros/dev_ws/install/urdf2/share/urdf2/cmake/urdf2Config.cmake\n'}
[1.687137] (urdf2) StdoutLine: {'line': b'-- Up-to-date: /home/sigmaros/dev_ws/install/urdf2/share/urdf2/cmake/urdf2Config-version.cmake\n'}
[1.687423] (urdf2) StdoutLine: {'line': b'-- Up-to-date: /home/sigmaros/dev_ws/install/urdf2/share/urdf2/package.xml\n'}
[1.688043] (urdf2) CommandEnded: {'returncode': 0}
[1.702849] (-) TimerEvent: {}
[1.736524] (urdf2) JobEnded: {'identifier': 'urdf2', 'rc': 0}
[1.737473] (-) EventReactorShutdown: {}
